#
# A fatal error has been detected by the Java Runtime Environment:
#
#  EXCEPTION_ACCESS_VIOLATION (0xc0000005) at pc=0x00000000632af937, pid=15584, tid=0x0000000000002734
#
# JRE version: Java(TM) SE Runtime Environment (8.0_251-b08) (build 1.8.0_251-b08)
# Java VM: Java HotSpot(TM) 64-Bit Server VM (25.251-b08 mixed mode windows-amd64 compressed oops)
# Problematic frame:
# V  [jvm.dll+0x14f937]
#
# Failed to write core dump. Minidumps are not enabled by default on client versions of Windows
#
# If you would like to submit a bug report, please visit:
#   http://bugreport.java.com/bugreport/crash.jsp
#

---------------  T H R E A D  ---------------

Current thread (0x000000001bb4a000):  JavaThread "Thread-3" [_thread_in_vm, id=10036, stack(0x000000001d050000,0x000000001d150000)]

siginfo: ExceptionCode=0xc0000005, reading address 0x0000000000000000

Registers:
RAX=0x0000000000000000, RBX=0x000000001bb4a000, RCX=0x0000000000000a00, RDX=0x000000001d14eb48
RSP=0x000000001d14e970, RBP=0x000000001d14ea68, RSI=0x000000001d14eb48, RDI=0x000000001bb4a1f8
R8 =0x0000000000000000, R9 =0x0000000000000000, R10=0x0000000002418c3b, R11=0x000000006338d040
R12=0x0000000000000000, R13=0x00000000192dbdf0, R14=0x00000000004daf90, R15=0x000000001bb4a000
RIP=0x00000000632af937, EFLAGS=0x0000000000010246

Top of Stack: (sp=0x000000001d14e970)
0x000000001d14e970:   00000000192bc7b8 000000001bb4a000
0x000000001d14e980:   00000000192bc7b8 000000001bb4a000
0x000000001d14e990:   0000000000000000 000000001d14eaf8
0x000000001d14e9a0:   000000001b793f58 000000001b793b80
0x000000001d14e9b0:   000000001b83a500 000000000000000e
0x000000001d14e9c0:   000000001b793b70 000000001bb4a000
0x000000001d14e9d0:   0000000000000000 000000001b793b70
0x000000001d14e9e0:   0000000000000004 000000006324770f
0x000000001d14e9f0:   00000000192bc7b8 000000001bb4a000
0x000000001d14ea00:   000000001bb4a000 000000001d14ebb0
0x000000001d14ea10:   00000000192bc7b8 0000000000000000
0x000000001d14ea20:   000000001d14eae0 0000000000000000
0x000000001d14ea30:   0000000000000000 000000001d14eb48
0x000000001d14ea40:   000000001bb4a1f8 00007ff84efb18d1
0x000000001d14ea50:   00000000192bc7b8 000000001bb4a000
0x000000001d14ea60:   0000000000000000 0000000000000000 

Instructions: (pc=0x00000000632af937)
0x00000000632af917:   4c 24 58 e8 91 f6 12 00 48 8b 84 24 f0 00 00 00
0x00000000632af927:   c7 44 24 48 0e 00 00 00 48 8d ac 24 f8 00 00 00
0x00000000632af937:   48 8b 08 48 89 6c 24 40 48 8b 51 08 48 8d 4c 24
0x00000000632af947:   78 0f b7 42 24 48 8b 52 08 48 8b 54 c2 50 e8 b6 


Register to memory mapping:

RAX=0x0000000000000000 is an unknown value
RBX=0x000000001bb4a000 is a thread
RCX=0x0000000000000a00 is an unknown value
RDX=0x000000001d14eb48 is pointing into the stack for thread: 0x000000001bb4a000
RSP=0x000000001d14e970 is pointing into the stack for thread: 0x000000001bb4a000
RBP=0x000000001d14ea68 is pointing into the stack for thread: 0x000000001bb4a000
RSI=0x000000001d14eb48 is pointing into the stack for thread: 0x000000001bb4a000
RDI=0x000000001bb4a1f8 is an unknown value
R8 =0x0000000000000000 is an unknown value
R9 =0x0000000000000000 is an unknown value
R10=0x0000000002418c3b is at code_begin+891 in an Interpreter codelet
method entry point (kind = native)  [0x00000000024188c0, 0x0000000002419280]  2496 bytes
R11=0x000000006338d040 is an unknown value
R12=0x0000000000000000 is an unknown value
R13={method} {0x00000000192dbdf8} 'pull_bytes_from_nativeI' '(J)I' in 'com/rti/dds/infrastructure/ByteSeq'
R14=0x00000000004daf90 is an unknown value
R15=0x000000001bb4a000 is a thread


Stack: [0x000000001d050000,0x000000001d150000],  sp=0x000000001d14e970,  free space=1018k
Native frames: (J=compiled Java code, j=interpreted, Vv=VM code, C=native code)
V  [jvm.dll+0x14f937]
C  [nddsjava.dll+0x18d1]
C  0x0000000002418c67

Java frames: (J=compiled Java code, j=interpreted, Vv=VM code)
j  com.rti.dds.infrastructure.ByteSeq.pull_bytes_from_nativeI(J)I+0
j  com.rti.dds.infrastructure.UserDataQosPolicy.pull_from_nativeI(J)V+5
j  com.rti.dds.domain.DomainParticipantQos.pull_from_nativeI(J)V+8
j  com.rti.dds.infrastructure.NativeStructMixin.get_untypedI(Lcom/rti/dds/infrastructure/Struct;)V+42
j  com.rti.dds.domain.DomainParticipantFactoryImpl.get_default_participant_qos(Lcom/rti/dds/domain/DomainParticipantQos;)V+17
j  com.rti.dds.domain.DomainParticipantFactoryImpl.create_participant(ILcom/rti/dds/domain/DomainParticipantQos;Lcom/rti/dds/domain/DomainParticipantListener;I)Lcom/rti/dds/domain/DomainParticipant;+114
j  PositionPublisher.publisherMain(II)V+19
j  PositionPublisher.PublishData(II)V+2
j  PubThread.Stop(ILjava/lang/String;)V+86
j  PubThread.run()V+126
v  ~StubRoutines::call_stub

---------------  P R O C E S S  ---------------

Java Threads: ( => current thread )
  0x000000001c6f9000 JavaThread "Thread-46" [_thread_in_native, id=2304, stack(0x0000000022f60000,0x0000000023060000)]
  0x000000001c6fb000 JavaThread "Thread-44" [_thread_in_native, id=17108, stack(0x00000000235a0000,0x00000000236a0000)]
  0x000000001c6f6800 JavaThread "Thread-47" [_thread_in_native, id=17232, stack(0x0000000023060000,0x0000000023160000)]
  0x000000001c6f9800 JavaThread "Thread-42" [_thread_in_native, id=17952, stack(0x00000000236a0000,0x00000000237a0000)]
  0x000000001c6fa800 JavaThread "Thread-40" [_thread_in_native, id=16732, stack(0x0000000023ae0000,0x0000000023be0000)]
  0x000000001c6fc800 JavaThread "Thread-41" [_thread_in_native, id=12376, stack(0x0000000024220000,0x0000000024320000)]
  0x000000001c6f6000 JavaThread "Thread-43" [_thread_in_native, id=1320, stack(0x0000000023e00000,0x0000000023f00000)]
  0x000000001c6f5000 JavaThread "Thread-39" [_thread_in_native, id=11536, stack(0x0000000024000000,0x0000000024100000)]
  0x000000001c6fc000 JavaThread "Thread-45" [_thread_in_native, id=13044, stack(0x0000000022b40000,0x0000000022c40000)]
  0x000000001c6f4800 JavaThread "Thread-38" [_thread_in_native, id=11996, stack(0x0000000023f00000,0x0000000024000000)]
  0x000000001c6f3800 JavaThread "Thread-37" [_thread_in_native, id=5944, stack(0x0000000023be0000,0x0000000023ce0000)]
  0x000000001c6f7800 JavaThread "Thread-36" [_thread_in_native, id=2068, stack(0x00000000237a0000,0x00000000238a0000)]
  0x000000001c6b7800 JavaThread "Thread-35" [_thread_in_native, id=12196, stack(0x0000000022800000,0x0000000022900000)]
  0x000000001c6b6800 JavaThread "Thread-34" [_thread_in_native, id=16240, stack(0x0000000023280000,0x0000000023380000)]
  0x000000001c6b6000 JavaThread "Thread-33" [_thread_in_native, id=14056, stack(0x0000000022500000,0x0000000022600000)]
  0x000000001c6b4800 JavaThread "Thread-32" [_thread_in_native, id=1180, stack(0x00000000234a0000,0x00000000235a0000)]
  0x000000001c6b0000 JavaThread "Thread-31" [_thread_in_native, id=984, stack(0x0000000022400000,0x0000000022500000)]
  0x000000001c6b5000 JavaThread "Thread-30" [_thread_in_native, id=3136, stack(0x0000000022d40000,0x0000000022e40000)]
  0x000000001c6ad000 JavaThread "Thread-29" [_thread_in_native, id=12732, stack(0x0000000022c40000,0x0000000022d40000)]
  0x000000001c6b3000 JavaThread "Thread-28" [_thread_in_native, id=1804, stack(0x0000000022600000,0x0000000022700000)]
  0x000000001c6b3800 JavaThread "Thread-27" [_thread_in_native, id=12828, stack(0x0000000021ee0000,0x0000000021fe0000)]
  0x000000001c6af000 JavaThread "Thread-26" [_thread_in_native, id=16168, stack(0x0000000022700000,0x0000000022800000)]
  0x000000001c6b2000 JavaThread "Thread-25" [_thread_in_native, id=8668, stack(0x00000000221e0000,0x00000000222e0000)]
  0x000000001c6b1800 JavaThread "Thread-24" [_thread_in_native, id=10928, stack(0x0000000021de0000,0x0000000021ee0000)]
  0x000000001c6b0800 JavaThread "Thread-23" [_thread_in_native, id=13572, stack(0x0000000021ce0000,0x0000000021de0000)]
  0x000000001c6ae800 JavaThread "Thread-22" [_thread_in_native, id=8044, stack(0x00000000216c0000,0x00000000217c0000)]
  0x000000001c6a9000 JavaThread "Thread-21" [_thread_in_native, id=1556, stack(0x00000000219e0000,0x0000000021ae0000)]
  0x000000001c6aa000 JavaThread "Thread-20" [_thread_in_native, id=4952, stack(0x00000000215c0000,0x00000000216c0000)]
  0x000000001c6ad800 JavaThread "Thread-19" [_thread_in_native, id=11120, stack(0x00000000213a0000,0x00000000214a0000)]
  0x000000001c6aa800 JavaThread "Thread-18" [_thread_in_native, id=9100, stack(0x00000000212a0000,0x00000000213a0000)]
  0x000000001c6ac000 JavaThread "Thread-17" [_thread_in_native, id=12940, stack(0x000000001f2b0000,0x000000001f3b0000)]
  0x000000001c6ab800 JavaThread "Thread-16" [_thread_in_native, id=8744, stack(0x000000001e350000,0x000000001e450000)]
  0x000000001c6a8000 JavaThread "Thread-15" [_thread_in_native, id=11412, stack(0x000000001e450000,0x000000001e550000)]
  0x000000001b788000 JavaThread "Thread-14" [_thread_in_native, id=7556, stack(0x000000001ec50000,0x000000001ed50000)]
  0x000000001b783000 JavaThread "Thread-13" [_thread_in_native, id=5044, stack(0x000000001e950000,0x000000001ea50000)]
  0x000000001b787800 JavaThread "Thread-12" [_thread_in_native, id=2000, stack(0x000000001e850000,0x000000001e950000)]
  0x000000001b783800 JavaThread "Thread-11" [_thread_in_native, id=15276, stack(0x000000001f3b0000,0x000000001f4b0000)]
  0x000000001b786800 JavaThread "Thread-10" [_thread_in_native, id=7232, stack(0x000000001e250000,0x000000001e350000)]
  0x000000001b786000 JavaThread "Thread-9" [_thread_in_native, id=11988, stack(0x000000001e550000,0x000000001e650000)]
  0x000000001b785000 JavaThread "Thread-8" [_thread_in_native, id=12928, stack(0x000000001e650000,0x000000001e750000)]
  0x000000001c681800 JavaThread "Thread-6" [_thread_in_native, id=7588, stack(0x000000001eb50000,0x000000001ec50000)]
  0x000000001c692800 JavaThread "Thread-7" [_thread_in_native, id=13656, stack(0x000000001ea50000,0x000000001eb50000)]
  0x000000001bb4c800 JavaThread "Thread-5" [_thread_blocked, id=7072, stack(0x000000001d250000,0x000000001d350000)]
  0x000000001bb4c000 JavaThread "Thread-4" [_thread_blocked, id=5160, stack(0x000000001d150000,0x000000001d250000)]
=>0x000000001bb4a000 JavaThread "Thread-3" [_thread_in_vm, id=10036, stack(0x000000001d050000,0x000000001d150000)]
  0x000000001c569800 JavaThread "Thread-2" [_thread_in_native, id=6016, stack(0x000000001cf50000,0x000000001d050000)]
  0x000000001c588000 JavaThread "Thread-1" [_thread_blocked, id=18048, stack(0x000000001ce50000,0x000000001cf50000)]
  0x000000001c58a800 JavaThread "Thread-0" [_thread_blocked, id=15960, stack(0x000000001cd50000,0x000000001ce50000)]
  0x000000001b810000 JavaThread "Service Thread" daemon [_thread_blocked, id=5152, stack(0x000000001c350000,0x000000001c450000)]
  0x000000001b784800 JavaThread "C1 CompilerThread3" daemon [_thread_blocked, id=324, stack(0x000000001c250000,0x000000001c350000)]
  0x000000001b789000 JavaThread "C2 CompilerThread2" daemon [_thread_blocked, id=7220, stack(0x000000001c150000,0x000000001c250000)]
  0x000000001b781800 JavaThread "C2 CompilerThread1" daemon [_thread_blocked, id=9704, stack(0x000000001c050000,0x000000001c150000)]
  0x000000001b779800 JavaThread "C2 CompilerThread0" daemon [_thread_blocked, id=14384, stack(0x000000001bf50000,0x000000001c050000)]
  0x000000001b778800 JavaThread "Attach Listener" daemon [_thread_blocked, id=1892, stack(0x000000001be50000,0x000000001bf50000)]
  0x000000001b777000 JavaThread "Signal Dispatcher" daemon [_thread_blocked, id=9644, stack(0x000000001bd50000,0x000000001be50000)]
  0x000000001b770800 JavaThread "Finalizer" daemon [_thread_blocked, id=18092, stack(0x000000001bb50000,0x000000001bc50000)]
  0x000000001986d800 JavaThread "Reference Handler" daemon [_thread_blocked, id=17960, stack(0x000000001b650000,0x000000001b750000)]
  0x00000000001dd800 JavaThread "main" [_thread_blocked, id=10444, stack(0x0000000002190000,0x0000000002290000)]

Other Threads:
  0x0000000019869000 VMThread [stack: 0x000000001b550000,0x000000001b650000] [id=17028]
  0x000000001b839800 WatcherThread [stack: 0x000000001c450000,0x000000001c550000] [id=7036]

VM state:not at safepoint (normal execution)

VM Mutex/Monitor currently owned by a thread: None

heap address: 0x0000000702400000, size: 3036 MB, Compressed Oops mode: Zero based, Oop shift amount: 3
Narrow klass base: 0x0000000000000000, Narrow klass shift: 3
Compressed class space size: 1073741824 Address: 0x00000007c0000000

Heap:
 PSYoungGen      total 56832K, used 11844K [0x0000000780c00000, 0x0000000784b00000, 0x00000007c0000000)
  eden space 49152K, 11% used [0x0000000780c00000,0x00000007811ac4b0,0x0000000783c00000)
  from space 7680K, 78% used [0x0000000783c00000,0x00000007841e4bb0,0x0000000784380000)
  to   space 7680K, 0% used [0x0000000784380000,0x0000000784380000,0x0000000784b00000)
 ParOldGen       total 130048K, used 16K [0x0000000702400000, 0x000000070a300000, 0x0000000780c00000)
  object space 130048K, 0% used [0x0000000702400000,0x0000000702404000,0x000000070a300000)
 Metaspace       used 7356K, capacity 7552K, committed 7680K, reserved 1056768K
  class space    used 865K, capacity 944K, committed 1024K, reserved 1048576K

Card table byte_map: [0x00000000117c0000,0x0000000011db0000] byte_map_base: 0x000000000dfae000

Marking Bits: (ParMarkBitMap*) 0x000000006398af90
 Begin Bits: [0x00000000129b0000, 0x0000000015920000)
 End Bits:   [0x0000000015920000, 0x0000000018890000)

Polling page: 0x0000000000440000

CodeCache: size=245760Kb used=2414Kb max_used=2414Kb free=243345Kb
 bounds [0x0000000002400000, 0x0000000002670000, 0x0000000011400000]
 total_blobs=951 nmethods=567 adapters=297
 compilation: enabled

Compilation events (10 events):
Event: 0.479 Thread 0x000000001b784800 nmethod 541 0x000000000264efd0 code [0x000000000264f140, 0x000000000264f2a8]
Event: 0.479 Thread 0x000000001b784800  542   !   3       java.lang.ref.Finalizer::runFinalizer (62 bytes)
Event: 0.480 Thread 0x000000001b784800 nmethod 542 0x0000000002654510 code [0x00000000026546c0, 0x0000000002654f38]
Event: 0.480 Thread 0x000000001b784800  536   !   3       java.util.zip.ZipFile$ZipFileInflaterInputStream::close (67 bytes)
Event: 0.480 Thread 0x000000001b779800  551       4       com.rti.dds.infrastructure.SequenceNumber_t::<init> (42 bytes)
Event: 0.480 Thread 0x000000001b784800 nmethod 536 0x00000000026551d0 code [0x00000000026553a0, 0x0000000002655bd8]
Event: 0.481 Thread 0x000000001b779800 nmethod 551 0x0000000002651810 code [0x0000000002651940, 0x0000000002651a38]
Event: 0.482 Thread 0x000000001b784800  552       3       com.rti.dds.infrastructure.Duration_t::<init> (15 bytes)
Event: 0.483 Thread 0x000000001b784800 nmethod 552 0x0000000002658810 code [0x0000000002658980, 0x0000000002658b90]
Event: 0.483 Thread 0x000000001b784800  553       3       com.rti.dds.infrastructure.Duration_t::<init> (7 bytes)

GC Heap History (2 events):
Event: 0.470 GC heap before
{Heap before GC invocations=1 (full 0):
 PSYoungGen      total 56832K, used 49152K [0x0000000780c00000, 0x0000000784b00000, 0x00000007c0000000)
  eden space 49152K, 100% used [0x0000000780c00000,0x0000000783c00000,0x0000000783c00000)
  from space 7680K, 0% used [0x0000000784380000,0x0000000784380000,0x0000000784b00000)
  to   space 7680K, 0% used [0x0000000783c00000,0x0000000783c00000,0x0000000784380000)
 ParOldGen       total 130048K, used 0K [0x0000000702400000, 0x000000070a300000, 0x0000000780c00000)
  object space 130048K, 0% used [0x0000000702400000,0x0000000702400000,0x000000070a300000)
 Metaspace       used 7252K, capacity 7424K, committed 7680K, reserved 1056768K
  class space    used 855K, capacity 944K, committed 1024K, reserved 1048576K
Event: 0.474 GC heap after
Heap after GC invocations=1 (full 0):
 PSYoungGen      total 56832K, used 6034K [0x0000000780c00000, 0x0000000784b00000, 0x00000007c0000000)
  eden space 49152K, 0% used [0x0000000780c00000,0x0000000780c00000,0x0000000783c00000)
  from space 7680K, 78% used [0x0000000783c00000,0x00000007841e4bb0,0x0000000784380000)
  to   space 7680K, 0% used [0x0000000784380000,0x0000000784380000,0x0000000784b00000)
 ParOldGen       total 130048K, used 16K [0x0000000702400000, 0x000000070a300000, 0x0000000780c00000)
  object space 130048K, 0% used [0x0000000702400000,0x0000000702404000,0x000000070a300000)
 Metaspace       used 7252K, capacity 7424K, committed 7680K, reserved 1056768K
  class space    used 855K, capacity 944K, committed 1024K, reserved 1048576K
}

Deoptimization events (1 events):
Event: 0.162 Thread 0x00000000001dd800 Uncommon trap: reason=null_check action=make_not_entrant pc=0x0000000002565afc method=java.lang.String.equals(Ljava/lang/Object;)Z @ 8

Classes redefined (0 events):
No events

Internal exceptions (9 events):
Event: 0.043 Thread 0x00000000001dd800 Exception <a 'java/lang/NoSuchMethodError': Method sun.misc.Unsafe.defineClass(Ljava/lang/String;[BII)Ljava/lang/Class; name or signature does not match> (0x0000000780c07cc0) thrown at [C:\jenkins\workspace\8-2-build-windows-amd64-cygwin\jdk8u251\737\hots
Event: 0.043 Thread 0x00000000001dd800 Exception <a 'java/lang/NoSuchMethodError': Method sun.misc.Unsafe.prefetchRead(Ljava/lang/Object;J)V name or signature does not match> (0x0000000780c07fa8) thrown at [C:\jenkins\workspace\8-2-build-windows-amd64-cygwin\jdk8u251\737\hotspot\src\share\vm\p
Event: 0.113 Thread 0x00000000001dd800 Exception <a 'java/lang/NoSuchFieldError': method resolution failed> (0x0000000780e39468) thrown at [C:\jenkins\workspace\8-2-build-windows-amd64-cygwin\jdk8u251\737\hotspot\src\share\vm\prims\methodHandles.cpp, line 1167]
Event: 0.114 Thread 0x00000000001dd800 Exception <a 'java/lang/NoSuchFieldError': method resolution failed> (0x0000000780e46868) thrown at [C:\jenkins\workspace\8-2-build-windows-amd64-cygwin\jdk8u251\737\hotspot\src\share\vm\prims\methodHandles.cpp, line 1167]
Event: 0.159 Thread 0x00000000001dd800 Exception <a 'java/security/PrivilegedActionException'> (0x0000000780f77ee0) thrown at [C:\jenkins\workspace\8-2-build-windows-amd64-cygwin\jdk8u251\737\hotspot\src\share\vm\prims\jvm.cpp, line 1502]
Event: 0.159 Thread 0x00000000001dd800 Exception <a 'java/security/PrivilegedActionException'> (0x0000000780f780f0) thrown at [C:\jenkins\workspace\8-2-build-windows-amd64-cygwin\jdk8u251\737\hotspot\src\share\vm\prims\jvm.cpp, line 1502]
Event: 0.160 Thread 0x00000000001dd800 Exception <a 'java/security/PrivilegedActionException'> (0x0000000780f7bf48) thrown at [C:\jenkins\workspace\8-2-build-windows-amd64-cygwin\jdk8u251\737\hotspot\src\share\vm\prims\jvm.cpp, line 1502]
Event: 0.160 Thread 0x00000000001dd800 Exception <a 'java/security/PrivilegedActionException'> (0x0000000780f7c158) thrown at [C:\jenkins\workspace\8-2-build-windows-amd64-cygwin\jdk8u251\737\hotspot\src\share\vm\prims\jvm.cpp, line 1502]
Event: 0.162 Thread 0x00000000001dd800 Implicit null exception at 0x000000000256591c to 0x0000000002565aed

Events (10 events):
Event: 0.474 Executing VM operation: ParallelGCFailedAllocation done
Event: 0.474 Thread 0x000000001c6f6000 Thread added: 0x000000001c6f6000
Event: 0.474 Thread 0x000000001c6fc800 Thread added: 0x000000001c6fc800
Event: 0.474 Thread 0x000000001c6fa800 Thread added: 0x000000001c6fa800
Event: 0.474 Thread 0x000000001c6f9800 Thread added: 0x000000001c6f9800
Event: 0.474 Thread 0x000000001c6f6800 Thread added: 0x000000001c6f6800
Event: 0.474 Thread 0x000000001c6fb000 Thread added: 0x000000001c6fb000
Event: 0.474 Thread 0x000000001c6f9000 Thread added: 0x000000001c6f9000
Event: 0.474 loading class com/rti/dds/infrastructure/Time_t
Event: 0.474 loading class com/rti/dds/infrastructure/Time_t done


Dynamic libraries:
0x00007ff73b530000 - 0x00007ff73b567000 	C:\Program Files\Java\jre1.8.0_251\bin\javaw.exe
0x00007ff86fd40000 - 0x00007ff86ff30000 	C:\Windows\SYSTEM32\ntdll.dll
0x00007ff86f930000 - 0x00007ff86f9e2000 	C:\Windows\System32\KERNEL32.DLL
0x00007ff86d750000 - 0x00007ff86d9f3000 	C:\Windows\System32\KERNELBASE.dll
0x00007ff86e350000 - 0x00007ff86e3f3000 	C:\Windows\System32\ADVAPI32.dll
0x00007ff86fb90000 - 0x00007ff86fc2e000 	C:\Windows\System32\msvcrt.dll
0x00007ff86e400000 - 0x00007ff86e497000 	C:\Windows\System32\sechost.dll
0x00007ff86f810000 - 0x00007ff86f930000 	C:\Windows\System32\RPCRT4.dll
0x00007ff86f9f0000 - 0x00007ff86fb84000 	C:\Windows\System32\USER32.dll
0x00007ff86d580000 - 0x00007ff86d5a1000 	C:\Windows\System32\win32u.dll
0x00007ff86e320000 - 0x00007ff86e346000 	C:\Windows\System32\GDI32.dll
0x00007ff86d5b0000 - 0x00007ff86d744000 	C:\Windows\System32\gdi32full.dll
0x00007ff86dd20000 - 0x00007ff86ddbe000 	C:\Windows\System32\msvcp_win.dll
0x00007ff86dc00000 - 0x00007ff86dcfa000 	C:\Windows\System32\ucrtbase.dll
0x00007ff856a80000 - 0x00007ff856d05000 	C:\Windows\WinSxS\amd64_microsoft.windows.common-controls_6595b64144ccf1df_6.0.18362.778_none_e6c6b761130d4fb8\COMCTL32.dll
0x00007ff86f440000 - 0x00007ff86f776000 	C:\Windows\System32\combase.dll
0x00007ff86ccd0000 - 0x00007ff86cd50000 	C:\Windows\System32\bcryptPrimitives.dll
0x00007ff86e2f0000 - 0x00007ff86e31e000 	C:\Windows\System32\IMM32.DLL
0x0000000062fa0000 - 0x0000000063072000 	C:\Program Files\Java\jre1.8.0_251\bin\msvcr100.dll
0x0000000063160000 - 0x0000000063a0b000 	C:\Program Files\Java\jre1.8.0_251\bin\server\jvm.dll
0x00007ff86e200000 - 0x00007ff86e208000 	C:\Windows\System32\PSAPI.DLL
0x00007ff8574b0000 - 0x00007ff8574b9000 	C:\Windows\SYSTEM32\WSOCK32.dll
0x00007ff864020000 - 0x00007ff86402a000 	C:\Windows\SYSTEM32\VERSION.dll
0x00007ff8676b0000 - 0x00007ff8676d4000 	C:\Windows\SYSTEM32\WINMM.dll
0x00007ff86dfe0000 - 0x00007ff86e04f000 	C:\Windows\System32\WS2_32.dll
0x00007ff867680000 - 0x00007ff8676ad000 	C:\Windows\SYSTEM32\winmmbase.dll
0x00007ff86cd50000 - 0x00007ff86cd9a000 	C:\Windows\System32\cfgmgr32.dll
0x00007ff8679c0000 - 0x00007ff8679cf000 	C:\Program Files\Java\jre1.8.0_251\bin\verify.dll
0x00007ff8622e0000 - 0x00007ff862309000 	C:\Program Files\Java\jre1.8.0_251\bin\java.dll
0x00007ff862280000 - 0x00007ff862296000 	C:\Program Files\Java\jre1.8.0_251\bin\zip.dll
0x00007ff86e4b0000 - 0x00007ff86eb95000 	C:\Windows\System32\SHELL32.dll
0x00007ff86f390000 - 0x00007ff86f439000 	C:\Windows\System32\shcore.dll
0x00007ff86cda0000 - 0x00007ff86d520000 	C:\Windows\System32\windows.storage.dll
0x00007ff86cca0000 - 0x00007ff86ccc3000 	C:\Windows\System32\profapi.dll
0x00007ff86cc10000 - 0x00007ff86cc5a000 	C:\Windows\System32\powrprof.dll
0x00007ff86cc00000 - 0x00007ff86cc10000 	C:\Windows\System32\UMPDC.dll
0x00007ff86ebb0000 - 0x00007ff86ec02000 	C:\Windows\System32\shlwapi.dll
0x00007ff86cc80000 - 0x00007ff86cc91000 	C:\Windows\System32\kernel.appcore.dll
0x00007ff86dd00000 - 0x00007ff86dd17000 	C:\Windows\System32\cryptsp.dll
0x00007ff84efb0000 - 0x00007ff84f048000 	C:\Program Files\rti_connext_dds-6.0.1\lib\x64Win64VS2017\nddsjava.dll
0x00007ff861a00000 - 0x00007ff861a15000 	C:\Program Files\Java\jre1.8.0_251\bin\VCRUNTIME140.dll
0x00007ff8392b0000 - 0x00007ff839740000 	C:\Program Files\rti_connext_dds-6.0.1\lib\x64Win64VS2017\nddsc.dll
0x00007ff838df0000 - 0x00007ff8392a9000 	C:\Program Files\rti_connext_dds-6.0.1\lib\x64Win64VS2017\nddscore.dll
0x00007ff844770000 - 0x00007ff844786000 	C:\Windows\system32\napinsp.dll
0x00007ff844650000 - 0x00007ff84466a000 	C:\Windows\system32\pnrpnsp.dll
0x00007ff86c410000 - 0x00007ff86c477000 	C:\Windows\System32\mswsock.dll
0x00007ff86c160000 - 0x00007ff86c22a000 	C:\Windows\SYSTEM32\DNSAPI.dll
0x00007ff86e4a0000 - 0x00007ff86e4a8000 	C:\Windows\System32\NSI.dll
0x00007ff86c120000 - 0x00007ff86c15a000 	C:\Windows\SYSTEM32\IPHLPAPI.DLL
0x00007ff846fd0000 - 0x00007ff846fde000 	C:\Windows\System32\winrnr.dll
0x00007ff865c80000 - 0x00007ff865c9c000 	C:\Windows\system32\NLAapi.dll
0x00007ff8652e0000 - 0x00007ff8652f5000 	C:\Windows\system32\wshbth.dll
0x00007ff86caf0000 - 0x00007ff86cb1f000 	C:\Windows\SYSTEM32\SspiCli.dll
0x00007ff868370000 - 0x00007ff868564000 	C:\Windows\SYSTEM32\Dbghelp.dll
0x00007ff8610c0000 - 0x00007ff8610d6000 	C:\Windows\SYSTEM32\dhcpcsvc6.DLL
0x00007ff861330000 - 0x00007ff86134c000 	C:\Windows\SYSTEM32\dhcpcsvc.DLL
0x00007ff861360000 - 0x00007ff86136b000 	C:\Windows\SYSTEM32\WINNSI.DLL

VM Arguments:
jvm_args: -Dfile.encoding=Cp1252 
java_command: PubLauncher
java_class_path (initial): C:\Users\pugap\Desktop\DistributedSystems-TransportationSimulator;C:\Program Files\rti_connext_dds-6.0.1\lib\java\nddsjava.jar
Launcher Type: SUN_STANDARD

Environment Variables:
PATH=C:/Program Files/Java/jre1.8.0_251/bin/server;C:/Program Files/Java/jre1.8.0_251/bin;C:/Program Files/Java/jre1.8.0_251/lib/amd64;C:\Program Files (x86)\Common Files\Oracle\Java\javapath;C:\Windows\system32;C:\Windows;C:\Windows\System32\Wbem;C:\Windows\System32\WindowsPowerShell\v1.0\;C:\Windows\System32\OpenSSH\;C:\Program Files\Microsoft SQL Server\130\Tools\Binn\;C:\Program Files\Git\cmd;C:\Program Files\dotnet\;C:\Program Files\Microsoft SQL Server\Client SDK\ODBC\170\Tools\Binn\;C:\Program Files (x86)\dotnet\;C:\Program Files\Amazon\AWSCLIV2\;C:\Program Files\rti_connext_dds-6.0.1\bin;C:\Program Files\rti_connext_dds-6.0.1\lib\x64Win64VS2017;C:\Users\pugap\AppData\Local\Programs\Python\Python38-32\Scripts;C:\Users\pugap\.dotnet\tools;;C:\Windows\System32;
USERNAME=Alex
OS=Windows_NT
PROCESSOR_IDENTIFIER=Intel64 Family 6 Model 142 Stepping 12, GenuineIntel



---------------  S Y S T E M  ---------------

OS: Windows 10.0 , 64 bit Build 18362 (10.0.18362.778)

CPU:total 8 (initial active 8) (4 cores per cpu, 2 threads per core) family 6 model 142 stepping 12, cmov, cx8, fxsr, mmx, sse, sse2, sse3, ssse3, sse4.1, sse4.2, popcnt, avx, avx2, aes, clmul, erms, 3dnowpref, lzcnt, ht, tsc, tscinvbit, bmi1, bmi2, adx

Memory: 4k page, physical 12430984k(7412436k free), swap 20295304k(12610404k free)

vm_info: Java HotSpot(TM) 64-Bit Server VM (25.251-b08) for windows-amd64 JRE (1.8.0_251-b08), built on Mar 12 2020 06:31:49 by "" with MS VC++ 10.0 (VS2010)

time: Sat May 02 14:58:48 2020
timezone: Pacific Daylight Time
elapsed time: 0 seconds (0d 0h 0m 0s)

