#
# A fatal error has been detected by the Java Runtime Environment:
#
#  EXCEPTION_ACCESS_VIOLATION (0xc0000005) at pc=0x00000000632af937, pid=4572, tid=0x0000000000002004
#
# JRE version: Java(TM) SE Runtime Environment (8.0_251-b08) (build 1.8.0_251-b08)
# Java VM: Java HotSpot(TM) 64-Bit Server VM (25.251-b08 mixed mode windows-amd64 compressed oops)
# Problematic frame:
# V  [jvm.dll+0x14f937]
#
# Failed to write core dump. Minidumps are not enabled by default on client versions of Windows
#
# If you would like to submit a bug report, please visit:
#   http://bugreport.java.com/bugreport/crash.jsp
#

---------------  T H R E A D  ---------------

Current thread (0x000000001c94b800):  JavaThread "Thread-0" [_thread_in_vm, id=8196, stack(0x000000001e2f0000,0x000000001e3f0000)]

siginfo: ExceptionCode=0xc0000005, reading address 0x0000000000000000

Registers:
RAX=0x0000000000000000, RBX=0x000000001c94b800, RCX=0x0000000000000b80, RDX=0x000000001e3ef2c8
RSP=0x000000001e3ef0f0, RBP=0x000000001e3ef1e8, RSI=0x000000001e3ef2c8, RDI=0x000000001c94b9f8
R8 =0x0000000000000000, R9 =0x0000000000000000, R10=0x0000000003391dc4, R11=0x000000006338d040
R12=0x0000000000000000, R13=0x000000001a255880, R14=0x00000000012da2d0, R15=0x000000001c94b800
RIP=0x00000000632af937, EFLAGS=0x0000000000010246

Top of Stack: (sp=0x000000001e3ef0f0)
0x000000001e3ef0f0:   00000000012daf08 00007ff828d4e66e
0x000000001e3ef100:   000000001a255880 000000001c94b800
0x000000001e3ef110:   000000001c94b800 000000001e3ef2c8
0x000000001e3ef120:   000000001a255880 0000000000000000
0x000000001e3ef130:   000000001e3ef1f0 000000000000000e
0x000000001e3ef140:   000000001e3ef1f0 000000001c94b800
0x000000001e3ef150:   0000000000000000 000000001e3ef1c0
0x000000001e3ef160:   000000001a255880 000000001c94b800
0x000000001e3ef170:   00000000012daf60 0000000000000001
0x000000001e3ef180:   000000001c9485f0 000000001e3ef2c8
0x000000001e3ef190:   000000001db22440 000000006321c4a6
0x000000001e3ef1a0:   000000001e3ef888 0000000000000000
0x000000001e3ef1b0:   0000000000000000 000000001e3ef2c8
0x000000001e3ef1c0:   000000001c94b9f8 00007ff8446d18d1
0x000000001e3ef1d0:   000000001a255880 000000001c94b800
0x000000001e3ef1e0:   0000000000000000 0000000000000000 

Instructions: (pc=0x00000000632af937)
0x00000000632af917:   4c 24 58 e8 91 f6 12 00 48 8b 84 24 f0 00 00 00
0x00000000632af927:   c7 44 24 48 0e 00 00 00 48 8d ac 24 f8 00 00 00
0x00000000632af937:   48 8b 08 48 89 6c 24 40 48 8b 51 08 48 8d 4c 24
0x00000000632af947:   78 0f b7 42 24 48 8b 52 08 48 8b 54 c2 50 e8 b6 


Register to memory mapping:

RAX=0x0000000000000000 is an unknown value
RBX=0x000000001c94b800 is a thread
RCX=0x0000000000000b80 is an unknown value
RDX=0x000000001e3ef2c8 is pointing into the stack for thread: 0x000000001c94b800
RSP=0x000000001e3ef0f0 is pointing into the stack for thread: 0x000000001c94b800
RBP=0x000000001e3ef1e8 is pointing into the stack for thread: 0x000000001c94b800
RSI=0x000000001e3ef2c8 is pointing into the stack for thread: 0x000000001c94b800
RDI=0x000000001c94b9f8 is an unknown value
R8 =0x0000000000000000 is an unknown value
R9 =0x0000000000000000 is an unknown value
R10=0x0000000003391dc4 is at code_begin+1700 in an Interpreter codelet
method entry point (kind = native)  [0x0000000003391720, 0x00000000033927e0]  4288 bytes
R11=0x000000006338d040 is an unknown value
R12=0x0000000000000000 is an unknown value
R13={method} {0x000000001a255888} 'pull_bytes_from_nativeI' '(J)I' in 'com/rti/dds/infrastructure/ByteSeq'
R14=0x00000000012da2d0 is an unknown value
R15=0x000000001c94b800 is a thread


Stack: [0x000000001e2f0000,0x000000001e3f0000],  sp=0x000000001e3ef0f0,  free space=1020k
Native frames: (J=compiled Java code, j=interpreted, Vv=VM code, C=native code)
V  [jvm.dll+0x14f937]
C  [nddsjava.dll+0x18d1]
C  0x0000000003391df0

Java frames: (J=compiled Java code, j=interpreted, Vv=VM code)
j  com.rti.dds.infrastructure.ByteSeq.pull_bytes_from_nativeI(J)I+0
j  com.rti.dds.infrastructure.UserDataQosPolicy.pull_from_nativeI(J)V+5
j  com.rti.dds.domain.DomainParticipantQos.pull_from_nativeI(J)V+8
j  com.rti.dds.infrastructure.NativeStructMixin.get_untypedI(Lcom/rti/dds/infrastructure/Struct;)V+42
j  com.rti.dds.domain.DomainParticipantFactoryImpl.get_default_participant_qos(Lcom/rti/dds/domain/DomainParticipantQos;)V+17
j  com.rti.dds.domain.DomainParticipantFactoryImpl.create_participant(ILcom/rti/dds/domain/DomainParticipantQos;Lcom/rti/dds/domain/DomainParticipantListener;I)Lcom/rti/dds/domain/DomainParticipant;+114
j  PositionSubscriber.subscriberMain(II)V+22
j  PositionSubscriber.Invoke()V+2
j  PositionSubThread.run()V+4
v  ~StubRoutines::call_stub

---------------  P R O C E S S  ---------------

Java Threads: ( => current thread )
  0x000000001ee65800 JavaThread "Thread-15" [_thread_in_native, id=9572, stack(0x0000000022f70000,0x0000000023070000)]
  0x000000001ee68800 JavaThread "Thread-14" [_thread_in_native, id=14480, stack(0x0000000022d50000,0x0000000022e50000)]
  0x000000001ee69000 JavaThread "Thread-13" [_thread_in_native, id=6920, stack(0x0000000022c50000,0x0000000022d50000)]
  0x000000001ee6c000 JavaThread "Thread-12" [_thread_in_native, id=10760, stack(0x0000000022930000,0x0000000022a30000)]
  0x000000001e516800 JavaThread "Thread-11" [_thread_in_native, id=13420, stack(0x0000000022a30000,0x0000000022b30000)]
  0x000000001e512800 JavaThread "Thread-10" [_thread_in_native, id=17504, stack(0x0000000022830000,0x0000000022930000)]
  0x000000001e515800 JavaThread "Thread-9" [_thread_in_native, id=2160, stack(0x00000000224f0000,0x00000000225f0000)]
  0x000000001e514000 JavaThread "Thread-8" [_thread_in_native, id=8692, stack(0x00000000223f0000,0x00000000224f0000)]
  0x000000001e515000 JavaThread "Thread-6" [_thread_in_native, id=12172, stack(0x00000000222f0000,0x00000000223f0000)]
  0x000000001e512000 JavaThread "Thread-7" [_thread_in_native, id=8888, stack(0x00000000221f0000,0x00000000222f0000)]
  0x000000001e511000 JavaThread "Thread-5" [_thread_in_native, id=11084, stack(0x0000000021240000,0x0000000021340000)]
  0x000000001e513800 JavaThread "Thread-4" [_thread_in_native, id=6368, stack(0x0000000020d90000,0x0000000020e90000)]
  0x000000001e510800 JavaThread "Thread-2" [_thread_in_native, id=11116, stack(0x0000000020c90000,0x0000000020d90000)]
  0x000000001e517000 JavaThread "Thread-3" [_thread_in_native, id=6704, stack(0x0000000020b90000,0x0000000020c90000)]
  0x000000001caad000 JavaThread "Thread-1" [_thread_in_Java, id=17840, stack(0x000000001e3f0000,0x000000001e4f0000)]
=>0x000000001c94b800 JavaThread "Thread-0" [_thread_in_vm, id=8196, stack(0x000000001e2f0000,0x000000001e3f0000)]
  0x000000001c7d4800 JavaThread "Service Thread" daemon [_thread_blocked, id=8764, stack(0x000000001d8f0000,0x000000001d9f0000)]
  0x000000001c7dd800 JavaThread "C1 CompilerThread3" daemon [_thread_blocked, id=540, stack(0x000000001d7f0000,0x000000001d8f0000)]
  0x000000001c7da800 JavaThread "C2 CompilerThread2" daemon [_thread_in_native, id=10292, stack(0x000000001d6f0000,0x000000001d7f0000)]
  0x000000001c7da000 JavaThread "C2 CompilerThread1" daemon [_thread_blocked, id=10784, stack(0x000000001d5f0000,0x000000001d6f0000)]
  0x000000001c7d7000 JavaThread "C2 CompilerThread0" daemon [_thread_blocked, id=17604, stack(0x000000001d4f0000,0x000000001d5f0000)]
  0x000000001c6f4000 JavaThread "JDWP Command Reader" daemon [_thread_in_native, id=18028, stack(0x000000001d3f0000,0x000000001d4f0000)]
  0x000000001c6ef000 JavaThread "JDWP Event Helper Thread" daemon [_thread_blocked, id=18052, stack(0x000000001d2f0000,0x000000001d3f0000)]
  0x000000001c6e4000 JavaThread "JDWP Transport Listener: dt_socket" daemon [_thread_blocked, id=16496, stack(0x000000001d1f0000,0x000000001d2f0000)]
  0x000000001c6db000 JavaThread "Attach Listener" daemon [_thread_blocked, id=15636, stack(0x000000001cdb0000,0x000000001ceb0000)]
  0x000000001c6d9000 JavaThread "Signal Dispatcher" daemon [_thread_blocked, id=576, stack(0x000000001ccb0000,0x000000001cdb0000)]
  0x000000001c6d0800 JavaThread "Finalizer" daemon [_thread_blocked, id=8364, stack(0x000000001cab0000,0x000000001cbb0000)]
  0x000000001a7dd800 JavaThread "Reference Handler" daemon [_thread_blocked, id=2004, stack(0x000000001c5b0000,0x000000001c6b0000)]
  0x0000000003272800 JavaThread "main" [_thread_blocked, id=16124, stack(0x0000000002fb0000,0x00000000030b0000)]

Other Threads:
  0x000000001a7d9000 VMThread [stack: 0x000000001c4b0000,0x000000001c5b0000] [id=16644]
  0x000000001c7e8800 WatcherThread [stack: 0x000000001d9f0000,0x000000001daf0000] [id=2112]

VM state:not at safepoint (normal execution)

VM Mutex/Monitor currently owned by a thread: None

heap address: 0x0000000702400000, size: 3036 MB, Compressed Oops mode: Zero based, Oop shift amount: 3
Narrow klass base: 0x0000000000000000, Narrow klass shift: 3
Compressed class space size: 1073741824 Address: 0x00000007c0000000

Heap:
 PSYoungGen      total 56832K, used 42895K [0x0000000780c00000, 0x0000000784b00000, 0x00000007c0000000)
  eden space 49152K, 87% used [0x0000000780c00000,0x00000007835e3d40,0x0000000783c00000)
  from space 7680K, 0% used [0x0000000784380000,0x0000000784380000,0x0000000784b00000)
  to   space 7680K, 0% used [0x0000000783c00000,0x0000000783c00000,0x0000000784380000)
 ParOldGen       total 130048K, used 0K [0x0000000702400000, 0x000000070a300000, 0x0000000780c00000)
  object space 130048K, 0% used [0x0000000702400000,0x0000000702400000,0x000000070a300000)
 Metaspace       used 7498K, capacity 7634K, committed 7808K, reserved 1056768K
  class space    used 841K, capacity 881K, committed 896K, reserved 1048576K

Card table byte_map: [0x0000000012730000,0x0000000012d20000] byte_map_base: 0x000000000ef1e000

Marking Bits: (ParMarkBitMap*) 0x000000006398af90
 Begin Bits: [0x0000000013920000, 0x0000000016890000)
 End Bits:   [0x0000000016890000, 0x0000000019800000)

Polling page: 0x0000000000df0000

CodeCache: size=245760Kb used=2876Kb max_used=2876Kb free=242883Kb
 bounds [0x0000000003370000, 0x0000000003650000, 0x0000000012370000]
 total_blobs=869 nmethods=488 adapters=302
 compilation: enabled

Compilation events (10 events):
Event: 0.801 Thread 0x000000001c7dd800 nmethod 474 0x000000000363a050 code [0x000000000363a1c0, 0x000000000363a368]
Event: 0.801 Thread 0x000000001c7dd800  475       3       com.rti.dds.infrastructure.InstanceHandle_t::<init> (103 bytes)
Event: 0.801 Thread 0x000000001c7dd800 nmethod 475 0x0000000003639b50 code [0x0000000003639cc0, 0x0000000003639f70]
Event: 0.801 Thread 0x000000001c7dd800  476       3       com.rti.dds.infrastructure.Time_t::<init> (15 bytes)
Event: 0.801 Thread 0x000000001c7dd800 nmethod 476 0x00000000036396d0 code [0x0000000003639840, 0x0000000003639a50]
Event: 0.802 Thread 0x000000001c7dd800  477       3       com.rti.dds.subscription.SampleInfo::<init> (253 bytes)
Event: 0.803 Thread 0x000000001c7dd800 nmethod 477 0x000000000363a450 code [0x000000000363a700, 0x000000000363b7f8]
Event: 0.804 Thread 0x000000001c7d7000  478       4       com.rti.dds.infrastructure.GUID_t::<init> (87 bytes)
Event: 0.805 Thread 0x000000001c7d7000 nmethod 478 0x00000000036393d0 code [0x0000000003639520, 0x0000000003639618]
Event: 0.805 Thread 0x000000001c7dd800  479       3       com.rti.dds.infrastructure.Duration_t::<init> (15 bytes)

GC Heap History (0 events):
No events

Deoptimization events (0 events):
No events

Classes redefined (0 events):
No events

Internal exceptions (6 events):
Event: 0.059 Thread 0x0000000003272800 Exception <a 'java/lang/NoSuchMethodError': Method sun.misc.Unsafe.defineClass(Ljava/lang/String;[BII)Ljava/lang/Class; name or signature does not match> (0x0000000780c07cc0) thrown at [C:\jenkins\workspace\8-2-build-windows-amd64-cygwin\jdk8u251\737\hots
Event: 0.059 Thread 0x0000000003272800 Exception <a 'java/lang/NoSuchMethodError': Method sun.misc.Unsafe.prefetchRead(Ljava/lang/Object;J)V name or signature does not match> (0x0000000780c07fa8) thrown at [C:\jenkins\workspace\8-2-build-windows-amd64-cygwin\jdk8u251\737\hotspot\src\share\vm\p
Event: 0.619 Thread 0x000000001c94b800 Exception <a 'java/security/PrivilegedActionException'> (0x000000078215f358) thrown at [C:\jenkins\workspace\8-2-build-windows-amd64-cygwin\jdk8u251\737\hotspot\src\share\vm\prims\jvm.cpp, line 1502]
Event: 0.620 Thread 0x000000001c94b800 Exception <a 'java/security/PrivilegedActionException'> (0x000000078215f750) thrown at [C:\jenkins\workspace\8-2-build-windows-amd64-cygwin\jdk8u251\737\hotspot\src\share\vm\prims\jvm.cpp, line 1502]
Event: 0.627 Thread 0x000000001c94b800 Exception <a 'java/security/PrivilegedActionException'> (0x0000000782226778) thrown at [C:\jenkins\workspace\8-2-build-windows-amd64-cygwin\jdk8u251\737\hotspot\src\share\vm\prims\jvm.cpp, line 1502]
Event: 0.627 Thread 0x000000001c94b800 Exception <a 'java/security/PrivilegedActionException'> (0x0000000782226b70) thrown at [C:\jenkins\workspace\8-2-build-windows-amd64-cygwin\jdk8u251\737\hotspot\src\share\vm\prims\jvm.cpp, line 1502]

Events (10 events):
Event: 0.796 Thread 0x000000001ee68800 Thread added: 0x000000001ee68800
Event: 0.796 Thread 0x000000001ee65800 Thread added: 0x000000001ee65800
Event: 0.798 loading class com/rti/dds/infrastructure/Time_t
Event: 0.798 loading class com/rti/dds/infrastructure/Time_t done
Event: 0.798 Thread 0x000000001caad000 DEOPT PACKING pc=0x00000000035b56f9 sp=0x000000001e4ea570
Event: 0.798 Thread 0x000000001caad000 DEOPT UNPACKING pc=0x00000000033b7890 sp=0x000000001e4ea2d0 mode 1
Event: 0.799 Thread 0x000000001caad000 DEOPT PACKING pc=0x0000000003565244 sp=0x000000001e4ea600
Event: 0.799 Thread 0x000000001caad000 DEOPT UNPACKING pc=0x00000000033b7890 sp=0x000000001e4ea420 mode 1
Event: 0.799 Thread 0x000000001caad000 DEOPT PACKING pc=0x0000000003564fdc sp=0x000000001e4ea790
Event: 0.799 Thread 0x000000001caad000 DEOPT UNPACKING pc=0x00000000033b7890 sp=0x000000001e4ea5b0 mode 1


Dynamic libraries:
0x00007ff73b530000 - 0x00007ff73b567000 	C:\Program Files\Java\jre1.8.0_251\bin\javaw.exe
0x00007ff86fd40000 - 0x00007ff86ff30000 	C:\Windows\SYSTEM32\ntdll.dll
0x00007ff86f930000 - 0x00007ff86f9e2000 	C:\Windows\System32\KERNEL32.DLL
0x00007ff86d750000 - 0x00007ff86d9f3000 	C:\Windows\System32\KERNELBASE.dll
0x00007ff86e350000 - 0x00007ff86e3f3000 	C:\Windows\System32\ADVAPI32.dll
0x00007ff86fb90000 - 0x00007ff86fc2e000 	C:\Windows\System32\msvcrt.dll
0x00007ff86e400000 - 0x00007ff86e497000 	C:\Windows\System32\sechost.dll
0x00007ff86f810000 - 0x00007ff86f930000 	C:\Windows\System32\RPCRT4.dll
0x00007ff86f9f0000 - 0x00007ff86fb84000 	C:\Windows\System32\USER32.dll
0x00007ff86d580000 - 0x00007ff86d5a1000 	C:\Windows\System32\win32u.dll
0x00007ff86e320000 - 0x00007ff86e346000 	C:\Windows\System32\GDI32.dll
0x00007ff86d5b0000 - 0x00007ff86d744000 	C:\Windows\System32\gdi32full.dll
0x00007ff86dd20000 - 0x00007ff86ddbe000 	C:\Windows\System32\msvcp_win.dll
0x00007ff86dc00000 - 0x00007ff86dcfa000 	C:\Windows\System32\ucrtbase.dll
0x00007ff856a80000 - 0x00007ff856d05000 	C:\Windows\WinSxS\amd64_microsoft.windows.common-controls_6595b64144ccf1df_6.0.18362.778_none_e6c6b761130d4fb8\COMCTL32.dll
0x00007ff86f440000 - 0x00007ff86f776000 	C:\Windows\System32\combase.dll
0x00007ff86ccd0000 - 0x00007ff86cd50000 	C:\Windows\System32\bcryptPrimitives.dll
0x00007ff86e2f0000 - 0x00007ff86e31e000 	C:\Windows\System32\IMM32.DLL
0x0000000062fa0000 - 0x0000000063072000 	C:\Program Files\Java\jre1.8.0_251\bin\msvcr100.dll
0x0000000063160000 - 0x0000000063a0b000 	C:\Program Files\Java\jre1.8.0_251\bin\server\jvm.dll
0x00007ff86e200000 - 0x00007ff86e208000 	C:\Windows\System32\PSAPI.DLL
0x00007ff8676b0000 - 0x00007ff8676d4000 	C:\Windows\SYSTEM32\WINMM.dll
0x00007ff8574b0000 - 0x00007ff8574b9000 	C:\Windows\SYSTEM32\WSOCK32.dll
0x00007ff864020000 - 0x00007ff86402a000 	C:\Windows\SYSTEM32\VERSION.dll
0x00007ff86dfe0000 - 0x00007ff86e04f000 	C:\Windows\System32\WS2_32.dll
0x00007ff867680000 - 0x00007ff8676ad000 	C:\Windows\SYSTEM32\winmmbase.dll
0x00007ff86cd50000 - 0x00007ff86cd9a000 	C:\Windows\System32\cfgmgr32.dll
0x00007ff863f40000 - 0x00007ff863f4f000 	C:\Program Files\Java\jre1.8.0_251\bin\verify.dll
0x00007ff861d80000 - 0x00007ff861da9000 	C:\Program Files\Java\jre1.8.0_251\bin\java.dll
0x00007ff862330000 - 0x00007ff862365000 	C:\Program Files\Java\jre1.8.0_251\bin\jdwp.dll
0x00007ff8679c0000 - 0x00007ff8679c8000 	C:\Program Files\Java\jre1.8.0_251\bin\npt.dll
0x00007ff861e60000 - 0x00007ff861e83000 	C:\Program Files\Java\jre1.8.0_251\bin\instrument.dll
0x00007ff862260000 - 0x00007ff862276000 	C:\Program Files\Java\jre1.8.0_251\bin\zip.dll
0x00007ff86e4b0000 - 0x00007ff86eb95000 	C:\Windows\System32\SHELL32.dll
0x00007ff86f390000 - 0x00007ff86f439000 	C:\Windows\System32\shcore.dll
0x00007ff86cda0000 - 0x00007ff86d520000 	C:\Windows\System32\windows.storage.dll
0x00007ff86cca0000 - 0x00007ff86ccc3000 	C:\Windows\System32\profapi.dll
0x00007ff86cc10000 - 0x00007ff86cc5a000 	C:\Windows\System32\powrprof.dll
0x00007ff86cc00000 - 0x00007ff86cc10000 	C:\Windows\System32\UMPDC.dll
0x00007ff86ebb0000 - 0x00007ff86ec02000 	C:\Windows\System32\shlwapi.dll
0x00007ff86cc80000 - 0x00007ff86cc91000 	C:\Windows\System32\kernel.appcore.dll
0x00007ff86dd00000 - 0x00007ff86dd17000 	C:\Windows\System32\cryptsp.dll
0x00007ff863530000 - 0x00007ff863539000 	C:\Program Files\Java\jre1.8.0_251\bin\dt_socket.dll
0x00007ff844770000 - 0x00007ff844786000 	C:\Windows\system32\napinsp.dll
0x00007ff844650000 - 0x00007ff84466a000 	C:\Windows\system32\pnrpnsp.dll
0x00007ff86c410000 - 0x00007ff86c477000 	C:\Windows\System32\mswsock.dll
0x00007ff86c160000 - 0x00007ff86c22a000 	C:\Windows\SYSTEM32\DNSAPI.dll
0x00007ff86e4a0000 - 0x00007ff86e4a8000 	C:\Windows\System32\NSI.dll
0x00007ff86c120000 - 0x00007ff86c15a000 	C:\Windows\SYSTEM32\IPHLPAPI.DLL
0x00007ff846fd0000 - 0x00007ff846fde000 	C:\Windows\System32\winrnr.dll
0x00007ff865c80000 - 0x00007ff865c9c000 	C:\Windows\system32\NLAapi.dll
0x00007ff8652e0000 - 0x00007ff8652f5000 	C:\Windows\system32\wshbth.dll
0x00007ff85f910000 - 0x00007ff85f987000 	C:\Windows\System32\fwpuclnt.dll
0x00007ff86ddc0000 - 0x00007ff86dde6000 	C:\Windows\System32\bcrypt.dll
0x00007ff85de30000 - 0x00007ff85de3a000 	C:\Windows\System32\rasadhlp.dll
0x00007ff8446d0000 - 0x00007ff844768000 	C:\Program Files\rti_connext_dds-6.0.1\lib\x64Win64VS2017\nddsjava.dll
0x00007ff862280000 - 0x00007ff862295000 	C:\Program Files\Java\jre1.8.0_251\bin\VCRUNTIME140.dll
0x00007ff828ce0000 - 0x00007ff829170000 	C:\Program Files\rti_connext_dds-6.0.1\lib\x64Win64VS2017\nddsc.dll
0x00007ff82a260000 - 0x00007ff82a719000 	C:\Program Files\rti_connext_dds-6.0.1\lib\x64Win64VS2017\nddscore.dll
0x00007ff86caf0000 - 0x00007ff86cb1f000 	C:\Windows\SYSTEM32\SspiCli.dll
0x00007ff868370000 - 0x00007ff868564000 	C:\Windows\SYSTEM32\Dbghelp.dll
0x00007ff8610c0000 - 0x00007ff8610d6000 	C:\Windows\SYSTEM32\dhcpcsvc6.DLL
0x00007ff861330000 - 0x00007ff86134c000 	C:\Windows\SYSTEM32\dhcpcsvc.DLL
0x00007ff861360000 - 0x00007ff86136b000 	C:\Windows\SYSTEM32\WINNSI.DLL

VM Arguments:
jvm_args: -agentlib:jdwp=transport=dt_socket,suspend=y,address=localhost:53968 -javaagent:C:\Users\pugap\eclipse\java-2019-12\eclipse\configuration\org.eclipse.osgi\226\0\.cp\lib\javaagent-shaded.jar -Dfile.encoding=Cp1252 
java_command: Operator
java_class_path (initial): C:\Users\pugap\Desktop\DistributedSystems-TransportationSimulator;C:\Program Files\rti_connext_dds-6.0.1\lib\java\nddsjava.jar;C:\Users\pugap\eclipse\java-2019-12\eclipse\configuration\org.eclipse.osgi\226\0\.cp\lib\javaagent-shaded.jar
Launcher Type: SUN_STANDARD

Environment Variables:
PATH=C:/Program Files/Java/jre1.8.0_251/bin/server;C:/Program Files/Java/jre1.8.0_251/bin;C:/Program Files/Java/jre1.8.0_251/lib/amd64;C:\Program Files (x86)\Common Files\Oracle\Java\javapath;C:\Windows\system32;C:\Windows;C:\Windows\System32\Wbem;C:\Windows\System32\WindowsPowerShell\v1.0\;C:\Windows\System32\OpenSSH\;C:\Program Files\Microsoft SQL Server\130\Tools\Binn\;C:\Program Files\Git\cmd;C:\Program Files\dotnet\;C:\Program Files\Microsoft SQL Server\Client SDK\ODBC\170\Tools\Binn\;C:\Program Files (x86)\dotnet\;C:\Program Files\Amazon\AWSCLIV2\;C:\Users\pugap\AppData\Local\Programs\Python\Python38-32\Scripts;C:\Users\pugap\.dotnet\tools;C:\Program Files\rti_connext_dds-6.0.1\lib\x64Win64VS2017;;C:\Windows\System32;
USERNAME=Alex
OS=Windows_NT
PROCESSOR_IDENTIFIER=Intel64 Family 6 Model 142 Stepping 12, GenuineIntel



---------------  S Y S T E M  ---------------

OS: Windows 10.0 , 64 bit Build 18362 (10.0.18362.778)

CPU:total 8 (initial active 8) (4 cores per cpu, 2 threads per core) family 6 model 142 stepping 12, cmov, cx8, fxsr, mmx, sse, sse2, sse3, ssse3, sse4.1, sse4.2, popcnt, avx, avx2, aes, clmul, erms, 3dnowpref, lzcnt, ht, tsc, tscinvbit, bmi1, bmi2, adx

Memory: 4k page, physical 12430984k(6356164k free), swap 20295304k(12935796k free)

vm_info: Java HotSpot(TM) 64-Bit Server VM (25.251-b08) for windows-amd64 JRE (1.8.0_251-b08), built on Mar 12 2020 06:31:49 by "" with MS VC++ 10.0 (VS2010)

time: Sat May 02 14:06:07 2020
timezone: Pacific Daylight Time
elapsed time: 0 seconds (0d 0h 0m 0s)

