#
# A fatal error has been detected by the Java Runtime Environment:
#
#  EXCEPTION_ACCESS_VIOLATION (0xc0000005) at pc=0x00000000632af937, pid=6332, tid=0x000000000000359c
#
# JRE version: Java(TM) SE Runtime Environment (8.0_251-b08) (build 1.8.0_251-b08)
# Java VM: Java HotSpot(TM) 64-Bit Server VM (25.251-b08 mixed mode windows-amd64 compressed oops)
# Problematic frame:
# V  [jvm.dll+0x14f937]
#
# Failed to write core dump. Minidumps are not enabled by default on client versions of Windows
#
# If you would like to submit a bug report, please visit:
#   http://bugreport.java.com/bugreport/crash.jsp
#

---------------  T H R E A D  ---------------

Current thread (0x000000001d0e1000):  JavaThread "Thread-2" [_thread_in_vm, id=13724, stack(0x000000001dac0000,0x000000001dbc0000)]

siginfo: ExceptionCode=0xc0000005, reading address 0x0000000000000000

Registers:
RAX=0x0000000000000000, RBX=0x000000001d0e1000, RCX=0x0000000000000100, RDX=0x000000001dbbf208
RSP=0x000000001dbbf030, RBP=0x000000001dbbf128, RSI=0x000000001dbbf208, RDI=0x000000001d0e11f8
R8 =0x0000000000000000, R9 =0x0000000000000000, R10=0x0000000002f68c3b, R11=0x000000006338d040
R12=0x0000000000000000, R13=0x0000000019e6bdf0, R14=0x000000000106b8e0, R15=0x000000001d0e1000
RIP=0x00000000632af937, EFLAGS=0x0000000000010246

Top of Stack: (sp=0x000000001dbbf030)
0x000000001dbbf030:   0000000019e4c7f8 000000001d0e1000
0x000000001dbbf040:   0000000019e6bdf0 000000001d0e1000
0x000000001dbbf050:   000000001d0e1000 000000001dbbf208
0x000000001dbbf060:   0000000019e6bdf0 0000000000000000
0x000000001dbbf070:   000000001dbbf130 000000000000000e
0x000000001dbbf080:   000000001dbbf130 000000001d0e1000
0x000000001dbbf090:   0000000000000000 000000001dbbf100
0x000000001dbbf0a0:   0000000019e6bdf0 000000001d0e1000
0x000000001dbbf0b0:   0000000019e4c7f8 000000001d0e1000
0x000000001dbbf0c0:   000000001c6bd1c0 000000001dbbf208
0x000000001dbbf0d0:   000000001c381390 000000006321c4a6
0x000000001dbbf0e0:   000000001dbbf858 0000000000000000
0x000000001dbbf0f0:   0000000000000000 000000001dbbf208
0x000000001dbbf100:   000000001d0e11f8 00007ff84efb18d1
0x000000001dbbf110:   0000000019e6bdf0 000000001d0e1000
0x000000001dbbf120:   0000000000000000 0000000000000000 

Instructions: (pc=0x00000000632af937)
0x00000000632af917:   4c 24 58 e8 91 f6 12 00 48 8b 84 24 f0 00 00 00
0x00000000632af927:   c7 44 24 48 0e 00 00 00 48 8d ac 24 f8 00 00 00
0x00000000632af937:   48 8b 08 48 89 6c 24 40 48 8b 51 08 48 8d 4c 24
0x00000000632af947:   78 0f b7 42 24 48 8b 52 08 48 8b 54 c2 50 e8 b6 


Register to memory mapping:

RAX=0x0000000000000000 is an unknown value
RBX=0x000000001d0e1000 is a thread
RCX=0x0000000000000100 is an unknown value
RDX=0x000000001dbbf208 is pointing into the stack for thread: 0x000000001d0e1000
RSP=0x000000001dbbf030 is pointing into the stack for thread: 0x000000001d0e1000
RBP=0x000000001dbbf128 is pointing into the stack for thread: 0x000000001d0e1000
RSI=0x000000001dbbf208 is pointing into the stack for thread: 0x000000001d0e1000
RDI=0x000000001d0e11f8 is an unknown value
R8 =0x0000000000000000 is an unknown value
R9 =0x0000000000000000 is an unknown value
R10=0x0000000002f68c3b is at code_begin+891 in an Interpreter codelet
method entry point (kind = native)  [0x0000000002f688c0, 0x0000000002f69280]  2496 bytes
R11=0x000000006338d040 is an unknown value
R12=0x0000000000000000 is an unknown value
R13={method} {0x0000000019e6bdf8} 'pull_bytes_from_nativeI' '(J)I' in 'com/rti/dds/infrastructure/ByteSeq'
R14=0x000000000106b8e0 is an unknown value
R15=0x000000001d0e1000 is a thread


Stack: [0x000000001dac0000,0x000000001dbc0000],  sp=0x000000001dbbf030,  free space=1020k
Native frames: (J=compiled Java code, j=interpreted, Vv=VM code, C=native code)
V  [jvm.dll+0x14f937]
C  [nddsjava.dll+0x18d1]
C  0x0000000002f68c67

Java frames: (J=compiled Java code, j=interpreted, Vv=VM code)
j  com.rti.dds.infrastructure.ByteSeq.pull_bytes_from_nativeI(J)I+0
j  com.rti.dds.infrastructure.UserDataQosPolicy.pull_from_nativeI(J)V+5
j  com.rti.dds.domain.DomainParticipantQos.pull_from_nativeI(J)V+8
j  com.rti.dds.infrastructure.NativeStructMixin.get_untypedI(Lcom/rti/dds/infrastructure/Struct;)V+42
j  com.rti.dds.domain.DomainParticipantFactoryImpl.get_default_participant_qos(Lcom/rti/dds/domain/DomainParticipantQos;)V+17
j  com.rti.dds.domain.DomainParticipantFactoryImpl.create_participant(ILcom/rti/dds/domain/DomainParticipantQos;Lcom/rti/dds/domain/DomainParticipantListener;I)Lcom/rti/dds/domain/DomainParticipant;+114
j  PositionPublisher.publisherMain(II)V+19
j  PositionPublisher.PublishData(II)V+2
j  PubThread.Stop(ILjava/lang/String;)V+86
j  PubThread.run()V+126
v  ~StubRoutines::call_stub

---------------  P R O C E S S  ---------------

Java Threads: ( => current thread )
  0x000000001d20b800 JavaThread "Thread-47" [_thread_in_native, id=12032, stack(0x0000000024a70000,0x0000000024b70000)]
  0x000000001d20c800 JavaThread "Thread-46" [_thread_in_native, id=1140, stack(0x0000000024b70000,0x0000000024c70000)]
  0x000000001d24f000 JavaThread "Thread-45" [_thread_in_native, id=3776, stack(0x0000000023d10000,0x0000000023e10000)]
  0x000000001d261800 JavaThread "Thread-44" [_thread_in_native, id=1496, stack(0x0000000023e10000,0x0000000023f10000)]
  0x000000001d25a800 JavaThread "Thread-43" [_thread_in_native, id=8900, stack(0x0000000024330000,0x0000000024430000)]
  0x000000001d25b800 JavaThread "Thread-42" [_thread_in_native, id=10036, stack(0x0000000024750000,0x0000000024850000)]
  0x000000001d262000 JavaThread "Thread-40" [_thread_in_native, id=17132, stack(0x0000000024850000,0x0000000024950000)]
  0x000000001d25d000 JavaThread "Thread-41" [_thread_in_native, id=6772, stack(0x0000000024d90000,0x0000000024e90000)]
  0x000000001d20b000 JavaThread "Thread-39" [_thread_in_native, id=6004, stack(0x0000000024650000,0x0000000024750000)]
  0x000000001d20a000 JavaThread "Thread-38" [_thread_in_native, id=17700, stack(0x0000000024550000,0x0000000024650000)]
  0x000000001d209800 JavaThread "Thread-37" [_thread_in_native, id=15704, stack(0x0000000024010000,0x0000000024110000)]
  0x000000001d20e800 JavaThread "Thread-36" [_thread_in_native, id=12332, stack(0x00000000237b0000,0x00000000238b0000)]
  0x000000001d208800 JavaThread "Thread-35" [_thread_in_native, id=9348, stack(0x00000000235b0000,0x00000000236b0000)]
  0x000000001d20e000 JavaThread "Thread-34" [_thread_in_native, id=16520, stack(0x0000000023f10000,0x0000000024010000)]
  0x000000001d20d000 JavaThread "Thread-33" [_thread_in_native, id=16672, stack(0x00000000239d0000,0x0000000023ad0000)]
  0x000000001d201000 JavaThread "Thread-32" [_thread_in_native, id=12484, stack(0x00000000236b0000,0x00000000237b0000)]
  0x000000001d208000 JavaThread "Thread-31" [_thread_in_native, id=17484, stack(0x0000000023190000,0x0000000023290000)]
  0x000000001d200800 JavaThread "Thread-30" [_thread_in_native, id=18104, stack(0x0000000023090000,0x0000000023190000)]
  0x000000001d207000 JavaThread "Thread-29" [_thread_in_native, id=17148, stack(0x0000000023390000,0x0000000023490000)]
  0x000000001d205000 JavaThread "Thread-28" [_thread_in_native, id=16952, stack(0x0000000023290000,0x0000000023390000)]
  0x000000001d203800 JavaThread "Thread-27" [_thread_in_native, id=18312, stack(0x0000000022f90000,0x0000000023090000)]
  0x000000001d202800 JavaThread "Thread-26" [_thread_in_native, id=11248, stack(0x0000000022d70000,0x0000000022e70000)]
  0x000000001d206800 JavaThread "Thread-25" [_thread_in_native, id=12868, stack(0x0000000022750000,0x0000000022850000)]
  0x000000001d1ff800 JavaThread "Thread-24" [_thread_in_native, id=15852, stack(0x0000000022a70000,0x0000000022b70000)]
  0x000000001d205800 JavaThread "Thread-23" [_thread_in_native, id=14312, stack(0x0000000022650000,0x0000000022750000)]
  0x000000001d202000 JavaThread "Thread-22" [_thread_in_native, id=15896, stack(0x0000000022230000,0x0000000022330000)]
  0x000000001d204000 JavaThread "Thread-21" [_thread_in_native, id=11512, stack(0x0000000022130000,0x0000000022230000)]
  0x000000001d1f3800 JavaThread "Thread-20" [_thread_in_native, id=5144, stack(0x0000000022550000,0x0000000022650000)]
  0x000000001d1f3000 JavaThread "Thread-19" [_thread_in_native, id=3640, stack(0x0000000021f10000,0x0000000022010000)]
  0x000000001d1f1000 JavaThread "Thread-18" [_thread_in_native, id=8460, stack(0x0000000021e10000,0x0000000021f10000)]
  0x000000001d1ef800 JavaThread "Thread-17" [_thread_in_native, id=1660, stack(0x000000001f8f0000,0x000000001f9f0000)]
  0x000000001d1f0800 JavaThread "Thread-16" [_thread_in_native, id=7760, stack(0x000000001f3f0000,0x000000001f4f0000)]
  0x000000001d1e8000 JavaThread "Thread-15" [_thread_in_native, id=15372, stack(0x000000001eff0000,0x000000001f0f0000)]
  0x000000001d1f5000 JavaThread "Thread-14" [_thread_in_native, id=10796, stack(0x000000001f7f0000,0x000000001f8f0000)]
  0x000000001d1ef000 JavaThread "Thread-13" [_thread_in_native, id=6912, stack(0x000000001f4f0000,0x000000001f5f0000)]
  0x000000001d1f2000 JavaThread "Thread-12" [_thread_in_native, id=2652, stack(0x000000001f5f0000,0x000000001f6f0000)]
  0x000000001d1f6000 JavaThread "Thread-11" [_thread_in_native, id=6136, stack(0x000000001f6f0000,0x000000001f7f0000)]
  0x000000001d1ea800 JavaThread "Thread-10" [_thread_in_native, id=7904, stack(0x000000001f2f0000,0x000000001f3f0000)]
  0x000000001d1f4800 JavaThread "Thread-8" [_thread_in_native, id=2000, stack(0x000000001f9f0000,0x000000001faf0000)]
  0x000000001d1e9000 JavaThread "Thread-7" [_thread_in_native, id=7604, stack(0x000000001f1f0000,0x000000001f2f0000)]
  0x000000001d1e9800 JavaThread "Thread-9" [_thread_in_native, id=17384, stack(0x000000001eef0000,0x000000001eff0000)]
  0x000000001d1e7800 JavaThread "Thread-6" [_thread_in_native, id=7788, stack(0x000000001edf0000,0x000000001eef0000)]
  0x000000001d0e5000 JavaThread "Thread-5" [_thread_blocked, id=4104, stack(0x000000001ddc0000,0x000000001dec0000)]
  0x000000001d0e3800 JavaThread "Thread-4" [_thread_blocked, id=14720, stack(0x000000001dcc0000,0x000000001ddc0000)]
  0x000000001d0e1800 JavaThread "Thread-3" [_thread_blocked, id=3936, stack(0x000000001dbc0000,0x000000001dcc0000)]
=>0x000000001d0e1000 JavaThread "Thread-2" [_thread_in_vm, id=13724, stack(0x000000001dac0000,0x000000001dbc0000)]
  0x000000001d0dc000 JavaThread "Thread-1" [_thread_blocked, id=8724, stack(0x000000001d9c0000,0x000000001dac0000)]
  0x000000001c6be000 JavaThread "Thread-0" [_thread_in_vm, id=2624, stack(0x000000001d8c0000,0x000000001d9c0000)]
  0x000000001c380800 JavaThread "Service Thread" daemon [_thread_blocked, id=17948, stack(0x000000001cec0000,0x000000001cfc0000)]
  0x000000001c2fa800 JavaThread "C1 CompilerThread3" daemon [_thread_blocked, id=17952, stack(0x000000001cdc0000,0x000000001cec0000)]
  0x000000001c2f7000 JavaThread "C2 CompilerThread2" daemon [_thread_blocked, id=10296, stack(0x000000001ccc0000,0x000000001cdc0000)]
  0x000000001c2f2800 JavaThread "C2 CompilerThread1" daemon [_thread_blocked, id=17816, stack(0x000000001cbc0000,0x000000001ccc0000)]
  0x000000001c2ec000 JavaThread "C2 CompilerThread0" daemon [_thread_blocked, id=12940, stack(0x000000001cac0000,0x000000001cbc0000)]
  0x000000001c2ea000 JavaThread "Attach Listener" daemon [_thread_blocked, id=11812, stack(0x000000001c9c0000,0x000000001cac0000)]
  0x000000001c2e7000 JavaThread "Signal Dispatcher" daemon [_thread_blocked, id=14348, stack(0x000000001c8c0000,0x000000001c9c0000)]
  0x0000000002f49000 JavaThread "Finalizer" daemon [_thread_blocked, id=10356, stack(0x000000001c6c0000,0x000000001c7c0000)]
  0x0000000002f47800 JavaThread "Reference Handler" daemon [_thread_blocked, id=16176, stack(0x000000001c1c0000,0x000000001c2c0000)]
  0x0000000002d4d800 JavaThread "main" [_thread_blocked, id=1180, stack(0x0000000002d50000,0x0000000002e50000)]

Other Threads:
  0x000000001a3f8800 VMThread [stack: 0x000000001c0c0000,0x000000001c1c0000] [id=12580]
  0x000000001c3a3800 WatcherThread [stack: 0x000000001cfc0000,0x000000001d0c0000] [id=12116]

VM state:not at safepoint (normal execution)

VM Mutex/Monitor currently owned by a thread:  ([mutex/lock_event])
[0x0000000002d4cdf0] AdapterHandlerLibrary_lock - owner thread: 0x000000001c6be000

heap address: 0x0000000702400000, size: 3036 MB, Compressed Oops mode: Zero based, Oop shift amount: 3
Narrow klass base: 0x0000000000000000, Narrow klass shift: 3
Compressed class space size: 1073741824 Address: 0x00000007c0000000

Heap:
 PSYoungGen      total 56832K, used 12772K [0x0000000780c00000, 0x0000000784b00000, 0x00000007c0000000)
  eden space 49152K, 13% used [0x0000000780c00000,0x00000007812969f0,0x0000000783c00000)
  from space 7680K, 78% used [0x0000000783c00000,0x00000007841e28d0,0x0000000784380000)
  to   space 7680K, 0% used [0x0000000784380000,0x0000000784380000,0x0000000784b00000)
 ParOldGen       total 130048K, used 16K [0x0000000702400000, 0x000000070a300000, 0x0000000780c00000)
  object space 130048K, 0% used [0x0000000702400000,0x0000000702404000,0x000000070a300000)
 Metaspace       used 7377K, capacity 7616K, committed 7936K, reserved 1056768K
  class space    used 867K, capacity 944K, committed 1024K, reserved 1048576K

Card table byte_map: [0x0000000012310000,0x0000000012900000] byte_map_base: 0x000000000eafe000

Marking Bits: (ParMarkBitMap*) 0x000000006398af90
 Begin Bits: [0x0000000013500000, 0x0000000016470000)
 End Bits:   [0x0000000016470000, 0x00000000193e0000)

Polling page: 0x0000000001450000

CodeCache: size=245760Kb used=2384Kb max_used=2384Kb free=243375Kb
 bounds [0x0000000002f50000, 0x00000000031c0000, 0x0000000011f50000]
 total_blobs=947 nmethods=563 adapters=297
 compilation: enabled

Compilation events (10 events):
Event: 0.470 Thread 0x000000001c2fa800  544       3       com.rti.dds.infrastructure.Duration_t::<init> (7 bytes)
Event: 0.470 Thread 0x000000001c2fa800 nmethod 544 0x000000000319c4d0 code [0x000000000319c640, 0x000000000319c8b0]
Event: 0.472 Thread 0x000000001c2fa800  545       1       com.rti.dds.util.Enum::name (5 bytes)
Event: 0.472 Thread 0x000000001c2fa800 nmethod 545 0x000000000319c210 code [0x000000000319c360, 0x000000000319c470]
Event: 0.472 Thread 0x000000001c2fa800  546       3       java.util.Vector::elementData (7 bytes)
Event: 0.472 Thread 0x000000001c2fa800 nmethod 546 0x000000000319be50 code [0x000000000319bfa0, 0x000000000319c130]
Event: 0.472 Thread 0x000000001c2fa800  547   !   3       java.lang.ClassLoader::findNative (86 bytes)
Event: 0.473 Thread 0x000000001c2fa800 nmethod 547 0x000000000319dcd0 code [0x000000000319de80, 0x000000000319e758]
Event: 0.473 Thread 0x000000001c2fa800  549  s    3       java.util.Vector::elementAt (48 bytes)
Event: 0.473 Thread 0x000000001c2fa800 nmethod 549 0x000000000319eb10 code [0x000000000319ed20, 0x000000000319f8a8]

GC Heap History (2 events):
Event: 0.460 GC heap before
{Heap before GC invocations=1 (full 0):
 PSYoungGen      total 56832K, used 49152K [0x0000000780c00000, 0x0000000784b00000, 0x00000007c0000000)
  eden space 49152K, 100% used [0x0000000780c00000,0x0000000783c00000,0x0000000783c00000)
  from space 7680K, 0% used [0x0000000784380000,0x0000000784380000,0x0000000784b00000)
  to   space 7680K, 0% used [0x0000000783c00000,0x0000000783c00000,0x0000000784380000)
 ParOldGen       total 130048K, used 0K [0x0000000702400000, 0x000000070a300000, 0x0000000780c00000)
  object space 130048K, 0% used [0x0000000702400000,0x0000000702400000,0x000000070a300000)
 Metaspace       used 7258K, capacity 7424K, committed 7680K, reserved 1056768K
  class space    used 856K, capacity 944K, committed 1024K, reserved 1048576K
Event: 0.464 GC heap after
Heap after GC invocations=1 (full 0):
 PSYoungGen      total 56832K, used 6026K [0x0000000780c00000, 0x0000000784b00000, 0x00000007c0000000)
  eden space 49152K, 0% used [0x0000000780c00000,0x0000000780c00000,0x0000000783c00000)
  from space 7680K, 78% used [0x0000000783c00000,0x00000007841e28d0,0x0000000784380000)
  to   space 7680K, 0% used [0x0000000784380000,0x0000000784380000,0x0000000784b00000)
 ParOldGen       total 130048K, used 16K [0x0000000702400000, 0x000000070a300000, 0x0000000780c00000)
  object space 130048K, 0% used [0x0000000702400000,0x0000000702404000,0x000000070a300000)
 Metaspace       used 7258K, capacity 7424K, committed 7680K, reserved 1056768K
  class space    used 856K, capacity 944K, committed 1024K, reserved 1048576K
}

Deoptimization events (1 events):
Event: 0.147 Thread 0x0000000002d4d800 Uncommon trap: reason=null_check action=make_not_entrant pc=0x00000000030b83fc method=java.lang.String.equals(Ljava/lang/Object;)Z @ 8

Classes redefined (0 events):
No events

Internal exceptions (9 events):
Event: 0.030 Thread 0x0000000002d4d800 Exception <a 'java/lang/NoSuchMethodError': Method sun.misc.Unsafe.defineClass(Ljava/lang/String;[BII)Ljava/lang/Class; name or signature does not match> (0x0000000780c07cc0) thrown at [C:\jenkins\workspace\8-2-build-windows-amd64-cygwin\jdk8u251\737\hots
Event: 0.031 Thread 0x0000000002d4d800 Exception <a 'java/lang/NoSuchMethodError': Method sun.misc.Unsafe.prefetchRead(Ljava/lang/Object;J)V name or signature does not match> (0x0000000780c07fa8) thrown at [C:\jenkins\workspace\8-2-build-windows-amd64-cygwin\jdk8u251\737\hotspot\src\share\vm\p
Event: 0.102 Thread 0x0000000002d4d800 Exception <a 'java/lang/NoSuchFieldError': method resolution failed> (0x0000000780e39380) thrown at [C:\jenkins\workspace\8-2-build-windows-amd64-cygwin\jdk8u251\737\hotspot\src\share\vm\prims\methodHandles.cpp, line 1167]
Event: 0.104 Thread 0x0000000002d4d800 Exception <a 'java/lang/NoSuchFieldError': method resolution failed> (0x0000000780e46780) thrown at [C:\jenkins\workspace\8-2-build-windows-amd64-cygwin\jdk8u251\737\hotspot\src\share\vm\prims\methodHandles.cpp, line 1167]
Event: 0.145 Thread 0x0000000002d4d800 Exception <a 'java/security/PrivilegedActionException'> (0x0000000780f77df0) thrown at [C:\jenkins\workspace\8-2-build-windows-amd64-cygwin\jdk8u251\737\hotspot\src\share\vm\prims\jvm.cpp, line 1502]
Event: 0.145 Thread 0x0000000002d4d800 Exception <a 'java/security/PrivilegedActionException'> (0x0000000780f78000) thrown at [C:\jenkins\workspace\8-2-build-windows-amd64-cygwin\jdk8u251\737\hotspot\src\share\vm\prims\jvm.cpp, line 1502]
Event: 0.146 Thread 0x0000000002d4d800 Exception <a 'java/security/PrivilegedActionException'> (0x0000000780f7be58) thrown at [C:\jenkins\workspace\8-2-build-windows-amd64-cygwin\jdk8u251\737\hotspot\src\share\vm\prims\jvm.cpp, line 1502]
Event: 0.146 Thread 0x0000000002d4d800 Exception <a 'java/security/PrivilegedActionException'> (0x0000000780f7c068) thrown at [C:\jenkins\workspace\8-2-build-windows-amd64-cygwin\jdk8u251\737\hotspot\src\share\vm\prims\jvm.cpp, line 1502]
Event: 0.147 Thread 0x0000000002d4d800 Implicit null exception at 0x00000000030b821c to 0x00000000030b83ed

Events (10 events):
Event: 0.464 Thread 0x000000001d25d000 Thread added: 0x000000001d25d000
Event: 0.464 Thread 0x000000001d262000 Thread added: 0x000000001d262000
Event: 0.464 Thread 0x000000001d25b800 Thread added: 0x000000001d25b800
Event: 0.464 Thread 0x000000001d25a800 Thread added: 0x000000001d25a800
Event: 0.464 Thread 0x000000001d261800 Thread added: 0x000000001d261800
Event: 0.464 Thread 0x000000001d24f000 Thread added: 0x000000001d24f000
Event: 0.464 Thread 0x000000001d20c800 Thread added: 0x000000001d20c800
Event: 0.464 Thread 0x000000001d20b800 Thread added: 0x000000001d20b800
Event: 0.470 loading class com/rti/dds/util/Sequences
Event: 0.470 loading class com/rti/dds/util/Sequences done


Dynamic libraries:
0x00007ff73b530000 - 0x00007ff73b567000 	C:\Program Files\Java\jre1.8.0_251\bin\javaw.exe
0x00007ff86fd40000 - 0x00007ff86ff30000 	C:\Windows\SYSTEM32\ntdll.dll
0x00007ff86f930000 - 0x00007ff86f9e2000 	C:\Windows\System32\KERNEL32.DLL
0x00007ff86d750000 - 0x00007ff86d9f3000 	C:\Windows\System32\KERNELBASE.dll
0x00007ff86e350000 - 0x00007ff86e3f3000 	C:\Windows\System32\ADVAPI32.dll
0x00007ff86fb90000 - 0x00007ff86fc2e000 	C:\Windows\System32\msvcrt.dll
0x00007ff86e400000 - 0x00007ff86e497000 	C:\Windows\System32\sechost.dll
0x00007ff86f810000 - 0x00007ff86f930000 	C:\Windows\System32\RPCRT4.dll
0x00007ff86f9f0000 - 0x00007ff86fb84000 	C:\Windows\System32\USER32.dll
0x00007ff86d580000 - 0x00007ff86d5a1000 	C:\Windows\System32\win32u.dll
0x00007ff86e320000 - 0x00007ff86e346000 	C:\Windows\System32\GDI32.dll
0x00007ff86d5b0000 - 0x00007ff86d744000 	C:\Windows\System32\gdi32full.dll
0x00007ff86dd20000 - 0x00007ff86ddbe000 	C:\Windows\System32\msvcp_win.dll
0x00007ff86dc00000 - 0x00007ff86dcfa000 	C:\Windows\System32\ucrtbase.dll
0x00007ff856a80000 - 0x00007ff856d05000 	C:\Windows\WinSxS\amd64_microsoft.windows.common-controls_6595b64144ccf1df_6.0.18362.778_none_e6c6b761130d4fb8\COMCTL32.dll
0x00007ff86f440000 - 0x00007ff86f776000 	C:\Windows\System32\combase.dll
0x00007ff86ccd0000 - 0x00007ff86cd50000 	C:\Windows\System32\bcryptPrimitives.dll
0x00007ff86e2f0000 - 0x00007ff86e31e000 	C:\Windows\System32\IMM32.DLL
0x0000000062fa0000 - 0x0000000063072000 	C:\Program Files\Java\jre1.8.0_251\bin\msvcr100.dll
0x0000000063160000 - 0x0000000063a0b000 	C:\Program Files\Java\jre1.8.0_251\bin\server\jvm.dll
0x00007ff86e200000 - 0x00007ff86e208000 	C:\Windows\System32\PSAPI.DLL
0x00007ff8676b0000 - 0x00007ff8676d4000 	C:\Windows\SYSTEM32\WINMM.dll
0x00007ff8574b0000 - 0x00007ff8574b9000 	C:\Windows\SYSTEM32\WSOCK32.dll
0x00007ff864020000 - 0x00007ff86402a000 	C:\Windows\SYSTEM32\VERSION.dll
0x0000000002c20000 - 0x0000000002c8f000 	C:\Windows\System32\ws2_32.DLL
0x00007ff867680000 - 0x00007ff8676ad000 	C:\Windows\SYSTEM32\WINMMBASE.dll
0x00007ff86cd50000 - 0x00007ff86cd9a000 	C:\Windows\System32\cfgmgr32.dll
0x00007ff863f40000 - 0x00007ff863f4f000 	C:\Program Files\Java\jre1.8.0_251\bin\verify.dll
0x00007ff861d80000 - 0x00007ff861da9000 	C:\Program Files\Java\jre1.8.0_251\bin\java.dll
0x00007ff862260000 - 0x00007ff862276000 	C:\Program Files\Java\jre1.8.0_251\bin\zip.dll
0x00007ff86e4b0000 - 0x00007ff86eb95000 	C:\Windows\System32\SHELL32.dll
0x00007ff86f390000 - 0x00007ff86f439000 	C:\Windows\System32\shcore.dll
0x00007ff86cda0000 - 0x00007ff86d520000 	C:\Windows\System32\windows.storage.dll
0x00007ff86cca0000 - 0x00007ff86ccc3000 	C:\Windows\System32\profapi.dll
0x00007ff86cc10000 - 0x00007ff86cc5a000 	C:\Windows\System32\powrprof.dll
0x00007ff86cc00000 - 0x00007ff86cc10000 	C:\Windows\System32\UMPDC.dll
0x00007ff86ebb0000 - 0x00007ff86ec02000 	C:\Windows\System32\shlwapi.dll
0x00007ff86cc80000 - 0x00007ff86cc91000 	C:\Windows\System32\kernel.appcore.dll
0x00007ff86dd00000 - 0x00007ff86dd17000 	C:\Windows\System32\cryptsp.dll
0x00007ff84efb0000 - 0x00007ff84f048000 	C:\Program Files\rti_connext_dds-6.0.1\lib\x64Win64VS2017\nddsjava.dll
0x00007ff862350000 - 0x00007ff862365000 	C:\Program Files\Java\jre1.8.0_251\bin\VCRUNTIME140.dll
0x00007ff828ce0000 - 0x00007ff829170000 	C:\Program Files\rti_connext_dds-6.0.1\lib\x64Win64VS2017\nddsc.dll
0x00007ff828820000 - 0x00007ff828cd9000 	C:\Program Files\rti_connext_dds-6.0.1\lib\x64Win64VS2017\nddscore.dll
0x00007ff844770000 - 0x00007ff844786000 	C:\Windows\system32\napinsp.dll
0x00007ff844650000 - 0x00007ff84466a000 	C:\Windows\system32\pnrpnsp.dll
0x00007ff86c410000 - 0x00007ff86c477000 	C:\Windows\System32\mswsock.dll
0x00007ff86c160000 - 0x00007ff86c22a000 	C:\Windows\SYSTEM32\DNSAPI.dll
0x00007ff86e4a0000 - 0x00007ff86e4a8000 	C:\Windows\System32\NSI.dll
0x00007ff86c120000 - 0x00007ff86c15a000 	C:\Windows\SYSTEM32\IPHLPAPI.DLL
0x00007ff846fd0000 - 0x00007ff846fde000 	C:\Windows\System32\winrnr.dll
0x00007ff865c80000 - 0x00007ff865c9c000 	C:\Windows\system32\NLAapi.dll
0x00007ff8652e0000 - 0x00007ff8652f5000 	C:\Windows\system32\wshbth.dll
0x00007ff86caf0000 - 0x00007ff86cb1f000 	C:\Windows\SYSTEM32\SspiCli.dll
0x00007ff868370000 - 0x00007ff868564000 	C:\Windows\SYSTEM32\Dbghelp.dll
0x00007ff8610c0000 - 0x00007ff8610d6000 	C:\Windows\SYSTEM32\dhcpcsvc6.DLL
0x00007ff861330000 - 0x00007ff86134c000 	C:\Windows\SYSTEM32\dhcpcsvc.DLL
0x00007ff861360000 - 0x00007ff86136b000 	C:\Windows\SYSTEM32\WINNSI.DLL

VM Arguments:
jvm_args: -Dfile.encoding=Cp1252 
java_command: PubLauncher
java_class_path (initial): C:\Users\pugap\Desktop\DistributedSystems-TransportationSimulator;C:\Program Files\rti_connext_dds-6.0.1\lib\java\nddsjava.jar
Launcher Type: SUN_STANDARD

Environment Variables:
PATH=C:/Program Files/Java/jre1.8.0_251/bin/server;C:/Program Files/Java/jre1.8.0_251/bin;C:/Program Files/Java/jre1.8.0_251/lib/amd64;C:\Program Files (x86)\Common Files\Oracle\Java\javapath;C:\Windows\system32;C:\Windows;C:\Windows\System32\Wbem;C:\Windows\System32\WindowsPowerShell\v1.0\;C:\Windows\System32\OpenSSH\;C:\Program Files\Microsoft SQL Server\130\Tools\Binn\;C:\Program Files\Git\cmd;C:\Program Files\dotnet\;C:\Program Files\Microsoft SQL Server\Client SDK\ODBC\170\Tools\Binn\;C:\Program Files (x86)\dotnet\;C:\Program Files\Amazon\AWSCLIV2\;C:\Users\pugap\AppData\Local\Programs\Python\Python38-32\Scripts;C:\Users\pugap\.dotnet\tools;C:\Program Files\rti_connext_dds-6.0.1\lib\x64Win64VS2017;;C:\Windows\System32;
USERNAME=Alex
OS=Windows_NT
PROCESSOR_IDENTIFIER=Intel64 Family 6 Model 142 Stepping 12, GenuineIntel



---------------  S Y S T E M  ---------------

OS: Windows 10.0 , 64 bit Build 18362 (10.0.18362.778)

CPU:total 8 (initial active 8) (4 cores per cpu, 2 threads per core) family 6 model 142 stepping 12, cmov, cx8, fxsr, mmx, sse, sse2, sse3, ssse3, sse4.1, sse4.2, popcnt, avx, avx2, aes, clmul, erms, 3dnowpref, lzcnt, ht, tsc, tscinvbit, bmi1, bmi2, adx

Memory: 4k page, physical 12430984k(6317676k free), swap 20295304k(12542904k free)

vm_info: Java HotSpot(TM) 64-Bit Server VM (25.251-b08) for windows-amd64 JRE (1.8.0_251-b08), built on Mar 12 2020 06:31:49 by "" with MS VC++ 10.0 (VS2010)

time: Sat May 02 14:04:02 2020
timezone: Pacific Daylight Time
elapsed time: 0 seconds (0d 0h 0m 0s)

