#
# A fatal error has been detected by the Java Runtime Environment:
#
#  EXCEPTION_ACCESS_VIOLATION (0xc0000005) at pc=0x00007ffff54df209, pid=11256, tid=0x0000000000003194
#
# JRE version: Java(TM) SE Runtime Environment (8.0_251-b08) (build 1.8.0_251-b08)
# Java VM: Java HotSpot(TM) 64-Bit Server VM (25.251-b08 mixed mode windows-amd64 compressed oops)
# Problematic frame:
# C  [nddscore.dll+0x37f209]
#
# Failed to write core dump. Minidumps are not enabled by default on client versions of Windows
#
# If you would like to submit a bug report, please visit:
#   http://bugreport.java.com/bugreport/crash.jsp
# The crash happened outside the Java Virtual Machine in native code.
# See problematic frame for where to report the bug.
#

---------------  T H R E A D  ---------------

Current thread (0x000000001c5dc000):  JavaThread "Thread-12" [_thread_in_native, id=12692, stack(0x00000000200a0000,0x00000000201a0000)]

siginfo: ExceptionCode=0xc0000005, reading address 0x0000000000000088

Registers:
RAX=0x0000000000000000, RBX=0x000000001dcef980, RCX=0x000000001f4b06b0, RDX=0x000000002019dc80
RSP=0x000000002019dbe8, RBP=0x000000001f4b0290, RSI=0x000000001f4b06b0, RDI=0x0000000000000002
R8 =0x000000001dcef980, R9 =0x000000000000000f, R10=0x00000001ffffffe0, R11=0x000000002019db50
R12=0x000000001dceeee8, R13=0x000000001dd20070, R14=0x000000001f4c8b40, R15=0x000000001f4c8b40
RIP=0x00007ffff54df209, EFLAGS=0x0000000000010202

Top of Stack: (sp=0x000000002019dbe8)
0x000000002019dbe8:   00007ffff53f82e5 000000001f4b0290
0x000000002019dbf8:   000000001dcef980 000000000000015f
0x000000002019dc08:   000000078249c470 000000002019dc40
0x000000002019dc18:   000000002019dc40 0000000000000000
0x000000002019dc28:   0000000000000000 000000001f4b06b0
0x000000002019dc38:   000000001f4b0290 0000000000000000
0x000000002019dc48:   000000001f4c8b40 00000000012eff50
0x000000002019dc58:   000000001dceeee8 000000001dcef980
0x000000002019dc68:   0000000000000000 000000000131d330
0x000000002019dc78:   00007ffff537b9b2 00000b3602042c00
0x000000002019dc88:   000000000131d330 0000000000000000
0x000000002019dc98:   00007fff00000002 000000001dcef978
0x000000002019dca8:   00007ffff4dbf927 0000000000000000
0x000000002019dcb8:   000000002019de40 00007ffff513e2c0
0x000000002019dcc8:   00007ffff4db7c4f 0000000000000000
0x000000002019dcd8:   00000000ffffffff 0000000000000000 

Instructions: (pc=0x00007ffff54df209)
0x00007ffff54df1e9:   38 c3 cc cc cc cc cc 45 8b 50 08 49 8b 00 45 8b
0x00007ffff54df1f9:   ca 49 c1 e9 1c 41 81 e2 ff ff ff 0f 49 c1 e2 05
0x00007ffff54df209:   4e 03 54 c8 10 4d 8b 0a 4c 89 49 38 41 8b 40 0c
0x00007ffff54df219:   41 39 42 08 74 0a 48 c7 41 38 00 00 00 00 eb 05 


Register to memory mapping:

RAX=0x0000000000000000 is an unknown value
RBX=0x000000001dcef980 is an unknown value
RCX=0x000000001f4b06b0 is an unknown value
RDX=0x000000002019dc80 is pointing into the stack for thread: 0x000000001c5dc000
RSP=0x000000002019dbe8 is pointing into the stack for thread: 0x000000001c5dc000
RBP=0x000000001f4b0290 is an unknown value
RSI=0x000000001f4b06b0 is an unknown value
RDI=0x0000000000000002 is an unknown value
R8 =0x000000001dcef980 is an unknown value
R9 =0x000000000000000f is an unknown value
R10=0x00000001ffffffe0 is an unknown value
R11=0x000000002019db50 is pointing into the stack for thread: 0x000000001c5dc000
R12=0x000000001dceeee8 is an unknown value
R13=0x000000001dd20070 is an unknown value
R14=0x000000001f4c8b40 is an unknown value
R15=0x000000001f4c8b40 is an unknown value


Stack: [0x00000000200a0000,0x00000000201a0000],  sp=0x000000002019dbe8,  free space=1014k
Native frames: (J=compiled Java code, j=interpreted, Vv=VM code, C=native code)
C  [nddscore.dll+0x37f209]

Java frames: (J=compiled Java code, j=interpreted, Vv=VM code)
j  com.rti.dds.domain.DomainParticipantFactoryImpl.DDS_DomainParticipantFactory_delete_participant(JJ)I+0
j  com.rti.dds.domain.DomainParticipantFactoryImpl.access$600(JJ)I+2
j  com.rti.dds.domain.DomainParticipantFactoryImpl$DomainParticipantFactoryMixin.destroy_native_entity(JJ)I+2
j  com.rti.dds.infrastructure.NativeFactoryMixin.delete_entityI(Lcom/rti/dds/infrastructure/Entity;)V+35
j  com.rti.dds.domain.DomainParticipantFactoryImpl.delete_participant(Lcom/rti/dds/domain/DomainParticipant;)V+5
j  PositionPublisher.publisherMain(IILPosition;)V+288
j  PositionPublisher.runPubMain(IILPosition;)V+3
j  PubThread.Stop(ILjava/lang/String;)V+90
j  PubThread.run()V+126
v  ~StubRoutines::call_stub

---------------  P R O C E S S  ---------------

Java Threads: ( => current thread )
=>0x000000001c5dc000 JavaThread "Thread-12" [_thread_in_native, id=12692, stack(0x00000000200a0000,0x00000000201a0000)]
  0x000000001c5db800 JavaThread "Thread-11" [_thread_in_native, id=7164, stack(0x000000001ffa0000,0x00000000200a0000)]
  0x000000001d613800 JavaThread "Thread-10" [_thread_in_native, id=3176, stack(0x000000001fea0000,0x000000001ffa0000)]
  0x000000001d613000 JavaThread "Thread-9" [_thread_in_native, id=13920, stack(0x000000001fda0000,0x000000001fea0000)]
  0x000000001d612000 JavaThread "Thread-8" [_thread_in_native, id=12420, stack(0x000000001fca0000,0x000000001fda0000)]
  0x000000001d60f800 JavaThread "Thread-0" [_thread_in_native, id=5384, stack(0x000000001fba0000,0x000000001fca0000)]
  0x000000001d587000 JavaThread "Thread-7" [_thread_in_native, id=9208, stack(0x000000001f180000,0x000000001f280000)]
  0x000000001d586000 JavaThread "Thread-6" [_thread_in_native, id=13688, stack(0x000000001ef60000,0x000000001f060000)]
  0x000000001d585800 JavaThread "Thread-5" [_thread_in_native, id=12316, stack(0x000000001ed60000,0x000000001ee60000)]
  0x000000001d5fc000 JavaThread "Thread-4" [_thread_in_native, id=4864, stack(0x000000001eb40000,0x000000001ec40000)]
  0x000000001d5fb000 JavaThread "Thread-3" [_thread_in_native, id=7448, stack(0x000000001ea40000,0x000000001eb40000)]
  0x000000001d5c2000 JavaThread "Thread-2" [_thread_in_native, id=7080, stack(0x000000001df90000,0x000000001e090000)]
  0x000000001d540000 JavaThread "Thread-1" [_thread_in_native, id=2776, stack(0x000000001de90000,0x000000001df90000)]
  0x000000001c66e000 JavaThread "Service Thread" daemon [_thread_blocked, id=2312, stack(0x000000001d190000,0x000000001d290000)]
  0x000000001c5dd000 JavaThread "C1 CompilerThread3" daemon [_thread_blocked, id=9560, stack(0x000000001d090000,0x000000001d190000)]
  0x000000001c5c4000 JavaThread "C2 CompilerThread2" daemon [_thread_blocked, id=3420, stack(0x000000001cf90000,0x000000001d090000)]
  0x000000001c5bf800 JavaThread "C2 CompilerThread1" daemon [_thread_blocked, id=12820, stack(0x000000001ce90000,0x000000001cf90000)]
  0x000000001c5ba000 JavaThread "C2 CompilerThread0" daemon [_thread_blocked, id=8168, stack(0x000000001cd90000,0x000000001ce90000)]
  0x000000001c5b7800 JavaThread "Attach Listener" daemon [_thread_blocked, id=7284, stack(0x000000001cc90000,0x000000001cd90000)]
  0x000000001a6de800 JavaThread "Signal Dispatcher" daemon [_thread_blocked, id=11712, stack(0x000000001cb90000,0x000000001cc90000)]
  0x000000001c5b0800 JavaThread "Finalizer" daemon [_thread_blocked, id=8744, stack(0x000000001c990000,0x000000001ca90000)]
  0x000000001a6cc800 JavaThread "Reference Handler" daemon [_thread_blocked, id=8080, stack(0x000000001c490000,0x000000001c590000)]
  0x000000000325d800 JavaThread "main" [_thread_blocked, id=8996, stack(0x0000000002eb0000,0x0000000002fb0000)]

Other Threads:
  0x000000001a6c9000 VMThread [stack: 0x000000001c390000,0x000000001c490000] [id=12304]
  0x000000001c67a000 WatcherThread [stack: 0x000000001d290000,0x000000001d390000] [id=520]

VM state:not at safepoint (normal execution)

VM Mutex/Monitor currently owned by a thread: None

heap address: 0x0000000702400000, size: 3036 MB, Compressed Oops mode: Zero based, Oop shift amount: 3
Narrow klass base: 0x0000000000000000, Narrow klass shift: 3
Compressed class space size: 1073741824 Address: 0x00000007c0000000

Heap:
 PSYoungGen      total 56832K, used 26660K [0x0000000780c00000, 0x0000000784b00000, 0x00000007c0000000)
  eden space 49152K, 54% used [0x0000000780c00000,0x00000007826091a0,0x0000000783c00000)
  from space 7680K, 0% used [0x0000000784380000,0x0000000784380000,0x0000000784b00000)
  to   space 7680K, 0% used [0x0000000783c00000,0x0000000783c00000,0x0000000784380000)
 ParOldGen       total 130048K, used 0K [0x0000000702400000, 0x000000070a300000, 0x0000000780c00000)
  object space 130048K, 0% used [0x0000000702400000,0x0000000702400000,0x000000070a300000)
 Metaspace       used 7733K, capacity 7904K, committed 8192K, reserved 1056768K
  class space    used 911K, capacity 976K, committed 1024K, reserved 1048576K

Card table byte_map: [0x0000000012620000,0x0000000012c10000] byte_map_base: 0x000000000ee0e000

Marking Bits: (ParMarkBitMap*) 0x000000006232af90
 Begin Bits: [0x0000000013810000, 0x0000000016780000)
 End Bits:   [0x0000000016780000, 0x00000000196f0000)

Polling page: 0x0000000001290000

CodeCache: size=245760Kb used=2391Kb max_used=2404Kb free=243368Kb
 bounds [0x0000000003260000, 0x00000000034d0000, 0x0000000012260000]
 total_blobs=950 nmethods=553 adapters=310
 compilation: enabled

Compilation events (10 events):
Event: 0.415 Thread 0x000000001c5dd000  545       3       com.rti.dds.cdr.CdrPrimitiveType::getPadSize (39 bytes)
Event: 0.415 Thread 0x000000001c5dd000 nmethod 545 0x00000000034b0a50 code [0x00000000034b0ba0, 0x00000000034b0d70]
Event: 0.415 Thread 0x000000001c5dd000  546   !   3       com.rti.dds.cdr.CdrBuffer::put (34 bytes)
Event: 0.416 Thread 0x000000001c5dd000 nmethod 546 0x00000000034b0e10 code [0x00000000034b0f80, 0x00000000034b1208]
Event: 0.419 Thread 0x000000001c5dd000  547       3       java.io.WinNTFileSystem::resolve (231 bytes)
Event: 0.420 Thread 0x000000001c5bf800  548       4       sun.net.www.ParseUtil::encodePath (336 bytes)
Event: 0.420 Thread 0x000000001c5dd000 nmethod 547 0x00000000034b16d0 code [0x00000000034b19a0, 0x00000000034b3228]
Event: 0.421 Thread 0x000000001c5ba000  549  s!   4       sun.misc.URLClassPath::getLoader (243 bytes)
Event: 0.421 Thread 0x000000001c5c4000  550       4       java.lang.CharacterDataLatin1::toLowerCase (39 bytes)
Event: 0.422 Thread 0x000000001c5c4000 nmethod 550 0x00000000034b6a90 code [0x00000000034b6bc0, 0x00000000034b6c98]

GC Heap History (0 events):
No events

Deoptimization events (1 events):
Event: 0.129 Thread 0x000000000325d800 Uncommon trap: reason=null_check action=make_not_entrant pc=0x00000000033c383c method=java.lang.String.equals(Ljava/lang/Object;)Z @ 8

Classes redefined (0 events):
No events

Internal exceptions (9 events):
Event: 0.024 Thread 0x000000000325d800 Exception <a 'java/lang/NoSuchMethodError': Method sun.misc.Unsafe.defineClass(Ljava/lang/String;[BII)Ljava/lang/Class; name or signature does not match> (0x0000000780c07cc0) thrown at [C:\jenkins\workspace\8-2-build-windows-amd64-cygwin\jdk8u251\737\hots
Event: 0.025 Thread 0x000000000325d800 Exception <a 'java/lang/NoSuchMethodError': Method sun.misc.Unsafe.prefetchRead(Ljava/lang/Object;J)V name or signature does not match> (0x0000000780c07fa8) thrown at [C:\jenkins\workspace\8-2-build-windows-amd64-cygwin\jdk8u251\737\hotspot\src\share\vm\p
Event: 0.093 Thread 0x000000000325d800 Exception <a 'java/lang/NoSuchFieldError': method resolution failed> (0x0000000780e381d8) thrown at [C:\jenkins\workspace\8-2-build-windows-amd64-cygwin\jdk8u251\737\hotspot\src\share\vm\prims\methodHandles.cpp, line 1167]
Event: 0.094 Thread 0x000000000325d800 Exception <a 'java/lang/NoSuchFieldError': method resolution failed> (0x0000000780e455d8) thrown at [C:\jenkins\workspace\8-2-build-windows-amd64-cygwin\jdk8u251\737\hotspot\src\share\vm\prims\methodHandles.cpp, line 1167]
Event: 0.127 Thread 0x000000000325d800 Exception <a 'java/security/PrivilegedActionException'> (0x0000000780f76c48) thrown at [C:\jenkins\workspace\8-2-build-windows-amd64-cygwin\jdk8u251\737\hotspot\src\share\vm\prims\jvm.cpp, line 1502]
Event: 0.127 Thread 0x000000000325d800 Exception <a 'java/security/PrivilegedActionException'> (0x0000000780f76e58) thrown at [C:\jenkins\workspace\8-2-build-windows-amd64-cygwin\jdk8u251\737\hotspot\src\share\vm\prims\jvm.cpp, line 1502]
Event: 0.128 Thread 0x000000000325d800 Exception <a 'java/security/PrivilegedActionException'> (0x0000000780f7acb0) thrown at [C:\jenkins\workspace\8-2-build-windows-amd64-cygwin\jdk8u251\737\hotspot\src\share\vm\prims\jvm.cpp, line 1502]
Event: 0.128 Thread 0x000000000325d800 Exception <a 'java/security/PrivilegedActionException'> (0x0000000780f7aec0) thrown at [C:\jenkins\workspace\8-2-build-windows-amd64-cygwin\jdk8u251\737\hotspot\src\share\vm\prims\jvm.cpp, line 1502]
Event: 0.129 Thread 0x000000000325d800 Implicit null exception at 0x00000000033c365c to 0x00000000033c382d

Events (10 events):
Event: 0.421 loading class com/rti/dds/infrastructure/ChannelSettingsSeq
Event: 0.421 loading class com/rti/dds/infrastructure/ChannelSettingsSeq done
Event: 0.421 loading class com/rti/dds/infrastructure/ChannelSettings_t
Event: 0.421 loading class com/rti/dds/infrastructure/ChannelSettings_t done
Event: 0.421 loading class com/rti/dds/infrastructure/AvailabilityQosPolicy
Event: 0.421 loading class com/rti/dds/infrastructure/AvailabilityQosPolicy done
Event: 0.422 loading class com/rti/dds/infrastructure/EndpointGroupSeq
Event: 0.422 loading class com/rti/dds/infrastructure/EndpointGroupSeq done
Event: 0.422 loading class com/rti/dds/infrastructure/EndpointGroup_t
Event: 0.422 loading class com/rti/dds/infrastructure/EndpointGroup_t done


Dynamic libraries:
0x00007ff6f1a30000 - 0x00007ff6f1a67000 	C:\Program Files\Java\jre1.8.0_251\bin\javaw.exe
0x00007ff8483a0000 - 0x00007ff848590000 	C:\Windows\SYSTEM32\ntdll.dll
0x00007ff8469d0000 - 0x00007ff846a82000 	C:\Windows\System32\KERNEL32.DLL
0x00007ff8456a0000 - 0x00007ff845943000 	C:\Windows\System32\KERNELBASE.dll
0x00007ff8482b0000 - 0x00007ff848353000 	C:\Windows\System32\ADVAPI32.dll
0x00007ff846450000 - 0x00007ff8464ee000 	C:\Windows\System32\msvcrt.dll
0x00007ff846930000 - 0x00007ff8469c7000 	C:\Windows\System32\sechost.dll
0x00007ff848120000 - 0x00007ff848240000 	C:\Windows\System32\RPCRT4.dll
0x00007ff846790000 - 0x00007ff846924000 	C:\Windows\System32\USER32.dll
0x00007ff846260000 - 0x00007ff846281000 	C:\Windows\System32\win32u.dll
0x00007ff8472f0000 - 0x00007ff847316000 	C:\Windows\System32\GDI32.dll
0x00007ff846290000 - 0x00007ff846424000 	C:\Windows\System32\gdi32full.dll
0x00007ff8455b0000 - 0x00007ff84564e000 	C:\Windows\System32\msvcp_win.dll
0x00007ff8454b0000 - 0x00007ff8455aa000 	C:\Windows\System32\ucrtbase.dll
0x00007ff8318f0000 - 0x00007ff831b75000 	C:\Windows\WinSxS\amd64_microsoft.windows.common-controls_6595b64144ccf1df_6.0.18362.778_none_e6c6b761130d4fb8\COMCTL32.dll
0x00007ff847640000 - 0x00007ff847976000 	C:\Windows\System32\combase.dll
0x00007ff8459b0000 - 0x00007ff845a30000 	C:\Windows\System32\bcryptPrimitives.dll
0x00007ff846560000 - 0x00007ff84658e000 	C:\Windows\System32\IMM32.DLL
0x0000000061940000 - 0x0000000061a12000 	C:\Program Files\Java\jre1.8.0_251\bin\msvcr100.dll
0x0000000061b00000 - 0x00000000623ab000 	C:\Program Files\Java\jre1.8.0_251\bin\server\jvm.dll
0x00007ff846b00000 - 0x00007ff846b08000 	C:\Windows\System32\PSAPI.DLL
0x00007ff82cd60000 - 0x00007ff82cd69000 	C:\Windows\SYSTEM32\WSOCK32.dll
0x00007ff83cfa0000 - 0x00007ff83cfaa000 	C:\Windows\SYSTEM32\VERSION.dll
0x00007ff8400b0000 - 0x00007ff8400d4000 	C:\Windows\SYSTEM32\WINMM.dll
0x00007ff848240000 - 0x00007ff8482af000 	C:\Windows\System32\WS2_32.dll
0x00007ff840080000 - 0x00007ff8400ad000 	C:\Windows\SYSTEM32\WINMMBASE.dll
0x00007ff845650000 - 0x00007ff84569a000 	C:\Windows\System32\cfgmgr32.dll
0x00007ff840230000 - 0x00007ff84023f000 	C:\Program Files\Java\jre1.8.0_251\bin\verify.dll
0x00007ff839e20000 - 0x00007ff839e49000 	C:\Program Files\Java\jre1.8.0_251\bin\java.dll
0x00007ff83cb90000 - 0x00007ff83cba6000 	C:\Program Files\Java\jre1.8.0_251\bin\zip.dll
0x00007ff846bf0000 - 0x00007ff8472d5000 	C:\Windows\System32\SHELL32.dll
0x00007ff847a50000 - 0x00007ff847af9000 	C:\Windows\System32\shcore.dll
0x00007ff845a30000 - 0x00007ff8461b0000 	C:\Windows\System32\windows.storage.dll
0x00007ff8452e0000 - 0x00007ff845303000 	C:\Windows\System32\profapi.dll
0x00007ff845270000 - 0x00007ff8452ba000 	C:\Windows\System32\powrprof.dll
0x00007ff845260000 - 0x00007ff845270000 	C:\Windows\System32\UMPDC.dll
0x00007ff846b10000 - 0x00007ff846b62000 	C:\Windows\System32\shlwapi.dll
0x00007ff845310000 - 0x00007ff845321000 	C:\Windows\System32\kernel.appcore.dll
0x00007ff846430000 - 0x00007ff846447000 	C:\Windows\System32\cryptsp.dll
0x00007ff833c90000 - 0x00007ff833d28000 	C:\Program Files\rti_connext_dds-6.0.1\lib\x64Win64VS2017\nddsjava.dll
0x00007ff8402c0000 - 0x00007ff8402d5000 	C:\Program Files\Java\jre1.8.0_251\bin\VCRUNTIME140.dll
0x00007ffff4cd0000 - 0x00007ffff5160000 	C:\Program Files\rti_connext_dds-6.0.1\lib\x64Win64VS2017\nddsc.dll
0x00007ffff5160000 - 0x00007ffff5619000 	C:\Program Files\rti_connext_dds-6.0.1\lib\x64Win64VS2017\nddscore.dll
0x00007ff83c200000 - 0x00007ff83c216000 	C:\Windows\system32\napinsp.dll
0x00007ff839d00000 - 0x00007ff839d1a000 	C:\Windows\system32\pnrpnsp.dll
0x00007ff844a70000 - 0x00007ff844ad7000 	C:\Windows\System32\mswsock.dll
0x00007ff8447c0000 - 0x00007ff84488a000 	C:\Windows\SYSTEM32\DNSAPI.dll
0x00007ff846a90000 - 0x00007ff846a98000 	C:\Windows\System32\NSI.dll
0x00007ff844780000 - 0x00007ff8447ba000 	C:\Windows\SYSTEM32\IPHLPAPI.DLL
0x00007ff83d340000 - 0x00007ff83d34e000 	C:\Windows\System32\winrnr.dll
0x00007ff83e380000 - 0x00007ff83e39c000 	C:\Windows\system32\NLAapi.dll
0x00007ff83d820000 - 0x00007ff83d835000 	C:\Windows\system32\wshbth.dll
0x00007ff845150000 - 0x00007ff84517f000 	C:\Windows\SYSTEM32\SspiCli.dll
0x00007ff83fa00000 - 0x00007ff83fbf4000 	C:\Windows\SYSTEM32\Dbghelp.dll
0x00007ff83a2b0000 - 0x00007ff83a2c6000 	C:\Windows\SYSTEM32\dhcpcsvc6.DLL
0x00007ff83a660000 - 0x00007ff83a67c000 	C:\Windows\SYSTEM32\dhcpcsvc.DLL
0x00007ff83d090000 - 0x00007ff83d09b000 	C:\Windows\SYSTEM32\WINNSI.DLL

VM Arguments:
jvm_args: -Dfile.encoding=Cp1252 
java_command: PubLauncher
java_class_path (initial): C:\Users\pugap\Desktop\464proj2;C:\Program Files\rti_connext_dds-6.0.1\lib\java\nddsjava.jar
Launcher Type: SUN_STANDARD

Environment Variables:
PATH=C:/Program Files/Java/jre1.8.0_251/bin/server;C:/Program Files/Java/jre1.8.0_251/bin;C:/Program Files/Java/jre1.8.0_251/lib/amd64;C:\Program Files (x86)\Common Files\Oracle\Java\javapath;C:\Windows\system32;C:\Windows;C:\Windows\System32\Wbem;C:\Windows\System32\WindowsPowerShell\v1.0\;C:\Windows\System32\OpenSSH\;C:\Program Files\Microsoft SQL Server\130\Tools\Binn\;C:\Program Files\Git\cmd;C:\Program Files\dotnet\;C:\Program Files\Microsoft SQL Server\Client SDK\ODBC\170\Tools\Binn\;C:\Program Files (x86)\dotnet\;C:\Program Files\Amazon\AWSCLIV2\;C:\Program Files\rti_connext_dds-6.0.1\bin;C:\Program Files\rti_connext_dds-6.0.1\lib\x64Win64VS2017;C:\Users\pugap\AppData\Local\Programs\Python\Python38-32\Scripts;C:\Users\pugap\.dotnet\tools;;C:\Windows\System32;
USERNAME=Alex
OS=Windows_NT
PROCESSOR_IDENTIFIER=Intel64 Family 6 Model 142 Stepping 12, GenuineIntel



---------------  S Y S T E M  ---------------

OS: Windows 10.0 , 64 bit Build 18362 (10.0.18362.778)

CPU:total 8 (initial active 8) (4 cores per cpu, 2 threads per core) family 6 model 142 stepping 12, cmov, cx8, fxsr, mmx, sse, sse2, sse3, ssse3, sse4.1, sse4.2, popcnt, avx, avx2, aes, clmul, erms, 3dnowpref, lzcnt, ht, tsc, tscinvbit, bmi1, bmi2, adx

Memory: 4k page, physical 12430984k(7054240k free), swap 20819592k(13754700k free)

vm_info: Java HotSpot(TM) 64-Bit Server VM (25.251-b08) for windows-amd64 JRE (1.8.0_251-b08), built on Mar 12 2020 06:31:49 by "" with MS VC++ 10.0 (VS2010)

time: Mon May 04 15:43:15 2020
timezone: Pacific Daylight Time
elapsed time: 0 seconds (0d 0h 0m 0s)

