#
# A fatal error has been detected by the Java Runtime Environment:
#
#  EXCEPTION_ACCESS_VIOLATION (0xc0000005) at pc=0x00007fffedb026db, pid=1516, tid=0x0000000000002bec
#
# JRE version: Java(TM) SE Runtime Environment (8.0_251-b08) (build 1.8.0_251-b08)
# Java VM: Java HotSpot(TM) 64-Bit Server VM (25.251-b08 mixed mode windows-amd64 compressed oops)
# Problematic frame:
# C  [nddscore.dll+0x3826db]
#
# Failed to write core dump. Minidumps are not enabled by default on client versions of Windows
#
# If you would like to submit a bug report, please visit:
#   http://bugreport.java.com/bugreport/crash.jsp
# The crash happened outside the Java Virtual Machine in native code.
# See problematic frame for where to report the bug.
#

---------------  T H R E A D  ---------------

Current thread (0x000000001c92a000):  JavaThread "Thread-24" [_thread_in_native, id=11244, stack(0x0000000028790000,0x0000000028890000)]

siginfo: ExceptionCode=0xc0000005, reading address 0x0000000000000058

Registers:
RAX=0x0000000000000000, RBX=0x0000000000000000, RCX=0x0000000000000000, RDX=0x000000002888bc90
RSP=0x000000002888bbd0, RBP=0x0000000024e04f40, RSI=0x0000000024e04f40, RDI=0x0000000000000001
R8 =0x0000000024e04f40, R9 =0x000000002888b280, R10=0x0000000000000000, R11=0x000000002888bc28
R12=0x0000000024e04f40, R13=0x0000000000000000, R14=0x00000000296426e0, R15=0x000000002888bec0
RIP=0x00007fffedb026db, EFLAGS=0x0000000000010202

Top of Stack: (sp=0x000000002888bbd0)
0x000000002888bbd0:   0000000000618b00 0000000029640710
0x000000002888bbe0:   00007fff00000128 00007fffedbc5350
0x000000002888bbf0:   00007fffedbb15f0 0000000029596d00
0x000000002888bc00:   00002f7bb6f51a33 0000000029640710
0x000000002888bc10:   00002f7bb6f51a43 000000002888bec0
0x000000002888bc20:   0000000024e04f40 0000000000000001
0x000000002888bc30:   0000000000000000 00007fffedb02e6d
0x000000002888bc40:   0000000000000000 0000000024e04f40
0x000000002888bc50:   00007fffedaf5e20 0000000000000000
0x000000002888bc60:   ffffffff00000002 00007f07ffffffff
0x000000002888bc70:   0000000000000000 00007fffeda2ea4c
0x000000002888bc80:   0000000029596850 0000000029596850
0x000000002888bc90:   00000000296426e0 0000000000000000
0x000000002888bca0:   0000000024e04f40 0000000000618b00
0x000000002888bcb0:   0000000029640710 000000002888bec0
0x000000002888bcc0:   0000000000618b00 00007fffeda2f184 

Instructions: (pc=0x00007fffedb026db)
0x00007fffedb026bb:   c4 40 41 5f 41 5e 41 5c 5f 5e c3 cc cc cc cc cc
0x00007fffedb026cb:   cc cc cc cc cc 40 53 57 41 54 41 57 48 83 ec 48
0x00007fffedb026db:   4c 8b 51 58 4d 8b f8 49 8b 40 28 4c 8b e2 48 8b
0x00007fffedb026eb:   f9 4d 63 4a 08 4a 8b 1c c8 48 85 db 75 1e 49 8b 


Register to memory mapping:

RAX=0x0000000000000000 is an unknown value
RBX=0x0000000000000000 is an unknown value
RCX=0x0000000000000000 is an unknown value
RDX=0x000000002888bc90 is pointing into the stack for thread: 0x000000001c92a000
RSP=0x000000002888bbd0 is pointing into the stack for thread: 0x000000001c92a000
RBP=0x0000000024e04f40 is an unknown value
RSI=0x0000000024e04f40 is an unknown value
RDI=0x0000000000000001 is an unknown value
R8 =0x0000000024e04f40 is an unknown value
R9 =0x000000002888b280 is pointing into the stack for thread: 0x000000001c92a000
R10=0x0000000000000000 is an unknown value
R11=0x000000002888bc28 is pointing into the stack for thread: 0x000000001c92a000
R12=0x0000000024e04f40 is an unknown value
R13=0x0000000000000000 is an unknown value
R14=0x00000000296426e0 is an unknown value
R15=0x000000002888bec0 is pointing into the stack for thread: 0x000000001c92a000


Stack: [0x0000000028790000,0x0000000028890000],  sp=0x000000002888bbd0,  free space=1006k
Native frames: (J=compiled Java code, j=interpreted, Vv=VM code, C=native code)
C  [nddscore.dll+0x3826db]
C  [nddscore.dll+0x382e6d]
C  [nddscore.dll+0x2aea4c]
C  [nddscore.dll+0x2af184]
C  [nddsc.dll+0xd74ef]
C  [nddsc.dll+0xab0b8]
C  [nddsc.dll+0xdc92c]
C  [nddsjava.dll+0x25cd4]
C  0x0000000002508c67

Java frames: (J=compiled Java code, j=interpreted, Vv=VM code)
j  com.rti.dds.domain.DomainParticipantFactoryImpl.DDS_DomainParticipantFactory_create_participant_disabledI(J[ZIJZJILjava/lang/Object;)J+0
j  com.rti.dds.domain.DomainParticipantFactoryImpl.access$500(J[ZIJZJILjava/lang/Object;)J+13
j  com.rti.dds.domain.DomainParticipantFactoryImpl$DomainParticipantFactoryMixin.create_native_entity(JJZJI[Z[Ljava/lang/Object;)J+32
j  com.rti.dds.infrastructure.NativeFactoryMixin.create_entityI(Lcom/rti/dds/infrastructure/Qos;ZLcom/rti/dds/infrastructure/Listener;I[Ljava/lang/Object;)Lcom/rti/dds/infrastructure/Entity;+77
j  com.rti.dds.domain.DomainParticipantFactoryImpl.create_participant(ILcom/rti/dds/domain/DomainParticipantQos;Lcom/rti/dds/domain/DomainParticipantListener;I)Lcom/rti/dds/domain/DomainParticipant;+84
j  AccidentPublisher.publisherMain(IILAccident;)V+20
j  AccidentPublisher.runSubMain(IILAccident;)V+3
j  PubThread.PostAccident()V+129
j  PubThread.CheckAccident(I)V+28
j  PubThread.run()V+74
v  ~StubRoutines::call_stub

---------------  P R O C E S S  ---------------

Java Threads: ( => current thread )
  0x000000001c96f800 JavaThread "Thread-65" [_thread_in_native, id=3316, stack(0x000000002b660000,0x000000002b760000)]
  0x000000001c930000 JavaThread "Thread-64" [_thread_in_native, id=11640, stack(0x000000002b440000,0x000000002b540000)]
  0x000000001c937000 JavaThread "Thread-63" [_thread_in_native, id=10348, stack(0x000000002b340000,0x000000002b440000)]
  0x000000001c936000 JavaThread "Thread-62" [_thread_in_native, id=412, stack(0x000000002b120000,0x000000002b220000)]
  0x000000001c935800 JavaThread "Thread-61" [_thread_in_native, id=2660, stack(0x000000002b020000,0x000000002b120000)]
  0x000000001c934800 JavaThread "Thread-60" [_thread_in_native, id=796, stack(0x000000002ae20000,0x000000002af20000)]
  0x000000001c934000 JavaThread "Thread-59" [_thread_in_native, id=7748, stack(0x000000002ac00000,0x000000002ad00000)]
  0x000000001c933000 JavaThread "Thread-58" [_thread_in_native, id=9584, stack(0x000000002ab00000,0x000000002ac00000)]
  0x000000001c931800 JavaThread "Thread-57" [_thread_in_native, id=8168, stack(0x000000002a8e0000,0x000000002a9e0000)]
  0x000000001c931000 JavaThread "Thread-56" [_thread_in_native, id=9244, stack(0x000000002a530000,0x000000002a630000)]
  0x000000001c932800 JavaThread "Thread-55" [_thread_in_native, id=10284, stack(0x000000002a330000,0x000000002a430000)]
  0x000000001c929800 JavaThread "Thread-53" [_thread_in_native, id=9352, stack(0x000000002a230000,0x000000002a330000)]
  0x000000001c92d000 JavaThread "Thread-51" [_thread_in_native, id=5644, stack(0x000000002a030000,0x000000002a130000)]
  0x000000001c92e800 JavaThread "Thread-48" [_thread_in_native, id=12312, stack(0x0000000029b80000,0x0000000029c80000)]
  0x000000001c92f800 JavaThread "Thread-40" [_thread_in_native, id=12820, stack(0x0000000028990000,0x0000000028a90000)]
  0x000000001c92b000 JavaThread "Thread-32" [_thread_in_native, id=12284, stack(0x0000000028890000,0x0000000028990000)]
=>0x000000001c92a000 JavaThread "Thread-24" [_thread_in_native, id=11244, stack(0x0000000028790000,0x0000000028890000)]
  0x000000001c92e000 JavaThread "Thread-16" [_thread_in_native, id=7216, stack(0x0000000028690000,0x0000000028790000)]
  0x000000001c928000 JavaThread "Thread-8" [_thread_in_native, id=6544, stack(0x0000000028590000,0x0000000028690000)]
  0x000000001c92b800 JavaThread "Thread-0" [_thread_in_native, id=1932, stack(0x0000000028490000,0x0000000028590000)]
  0x000000001c901800 JavaThread "Thread-47" [_thread_in_native, id=10372, stack(0x0000000027610000,0x0000000027710000)]
  0x000000001c900800 JavaThread "Thread-46" [_thread_in_native, id=6256, stack(0x00000000273f0000,0x00000000274f0000)]
  0x000000001c8fe800 JavaThread "Thread-45" [_thread_in_native, id=1204, stack(0x00000000272f0000,0x00000000273f0000)]
  0x000000001c8ff000 JavaThread "Thread-44" [_thread_in_native, id=1884, stack(0x00000000270d0000,0x00000000271d0000)]
  0x000000001c8fd000 JavaThread "Thread-43" [_thread_in_native, id=2144, stack(0x0000000026fd0000,0x00000000270d0000)]
  0x000000001c900000 JavaThread "Thread-42" [_thread_in_native, id=9180, stack(0x0000000026b20000,0x0000000026c20000)]
  0x000000001c8fd800 JavaThread "Thread-41" [_thread_in_native, id=11072, stack(0x0000000026a20000,0x0000000026b20000)]
  0x000000001c903000 JavaThread "Thread-39" [_thread_in_native, id=9336, stack(0x0000000025cc0000,0x0000000025dc0000)]
  0x000000001c902000 JavaThread "Thread-38" [_thread_in_native, id=7028, stack(0x0000000025aa0000,0x0000000025ba0000)]
  0x000000001c8f5800 JavaThread "Thread-37" [_thread_in_native, id=13688, stack(0x00000000259a0000,0x0000000025aa0000)]
  0x000000001c8f6000 JavaThread "Thread-36" [_thread_in_native, id=7496, stack(0x0000000025780000,0x0000000025880000)]
  0x000000001c8fc000 JavaThread "Thread-35" [_thread_in_native, id=13332, stack(0x0000000025680000,0x0000000025780000)]
  0x000000001c8fa800 JavaThread "Thread-34" [_thread_in_native, id=3452, stack(0x00000000251d0000,0x00000000252d0000)]
  0x000000001c8f9000 JavaThread "Thread-33" [_thread_in_native, id=7360, stack(0x00000000250d0000,0x00000000251d0000)]
  0x000000001c8fb800 JavaThread "Thread-31" [_thread_in_native, id=9776, stack(0x00000000235e0000,0x00000000236e0000)]
  0x000000001c8f8800 JavaThread "Thread-30" [_thread_in_native, id=2484, stack(0x00000000233c0000,0x00000000234c0000)]
  0x000000001c8f4000 JavaThread "Thread-29" [_thread_in_native, id=9968, stack(0x00000000232c0000,0x00000000233c0000)]
  0x000000001c8f4800 JavaThread "Thread-28" [_thread_in_native, id=11740, stack(0x00000000230a0000,0x00000000231a0000)]
  0x000000001c8fa000 JavaThread "Thread-27" [_thread_in_native, id=10820, stack(0x0000000022fa0000,0x00000000230a0000)]
  0x000000001c8f7800 JavaThread "Thread-26" [_thread_in_native, id=11132, stack(0x0000000022af0000,0x0000000022bf0000)]
  0x000000001c8f7000 JavaThread "Thread-25" [_thread_in_native, id=4292, stack(0x00000000229f0000,0x0000000022af0000)]
  0x000000001c8de800 JavaThread "Thread-23" [_thread_in_native, id=572, stack(0x0000000022350000,0x0000000022450000)]
  0x000000001c8e1000 JavaThread "Thread-22" [_thread_in_native, id=8204, stack(0x0000000022130000,0x0000000022230000)]
  0x000000001c8e0000 JavaThread "Thread-21" [_thread_in_native, id=6192, stack(0x0000000022030000,0x0000000022130000)]
  0x000000001c8de000 JavaThread "Thread-20" [_thread_in_native, id=4512, stack(0x0000000021e10000,0x0000000021f10000)]
  0x000000001c8dd000 JavaThread "Thread-19" [_thread_in_native, id=8884, stack(0x0000000021d10000,0x0000000021e10000)]
  0x000000001c8e2800 JavaThread "Thread-18" [_thread_in_native, id=9120, stack(0x0000000021870000,0x0000000021970000)]
  0x000000001c8df800 JavaThread "Thread-17" [_thread_in_native, id=1676, stack(0x0000000021770000,0x0000000021870000)]
  0x000000001c8db800 JavaThread "Thread-15" [_thread_in_native, id=11112, stack(0x0000000020100000,0x0000000020200000)]
  0x000000001c8e1800 JavaThread "Thread-14" [_thread_in_native, id=12612, stack(0x000000001fee0000,0x000000001ffe0000)]
  0x000000001c8dc800 JavaThread "Thread-13" [_thread_in_native, id=12228, stack(0x000000001fde0000,0x000000001fee0000)]
  0x000000001c8db000 JavaThread "Thread-12" [_thread_in_native, id=8860, stack(0x000000001fbc0000,0x000000001fcc0000)]
  0x000000001c8da000 JavaThread "Thread-11" [_thread_in_native, id=10576, stack(0x000000001fac0000,0x000000001fbc0000)]
  0x000000001c8d7000 JavaThread "Thread-10" [_thread_in_native, id=11136, stack(0x000000001f610000,0x000000001f710000)]
  0x000000001c8c4000 JavaThread "Thread-9" [_thread_in_native, id=860, stack(0x000000001f510000,0x000000001f610000)]
  0x000000001c8b3000 JavaThread "Thread-7" [_thread_in_native, id=13848, stack(0x000000001e430000,0x000000001e530000)]
  0x000000001c8b2000 JavaThread "Thread-6" [_thread_in_native, id=8056, stack(0x000000001e210000,0x000000001e310000)]
  0x000000001c8b1800 JavaThread "Thread-5" [_thread_in_native, id=6408, stack(0x000000001e010000,0x000000001e110000)]
  0x000000001c8b0800 JavaThread "Thread-4" [_thread_in_native, id=11564, stack(0x000000001ddf0000,0x000000001def0000)]
  0x000000001c8af800 JavaThread "Thread-3" [_thread_in_native, id=7512, stack(0x000000001dcf0000,0x000000001ddf0000)]
  0x000000001c74a000 JavaThread "Thread-2" [_thread_in_native, id=7908, stack(0x000000001d240000,0x000000001d340000)]
  0x000000001c804800 JavaThread "Thread-1" [_thread_in_native, id=6624, stack(0x000000001d140000,0x000000001d240000)]
  0x000000001b915000 JavaThread "Service Thread" daemon [_thread_blocked, id=11424, stack(0x000000001c440000,0x000000001c540000)]
  0x000000001b877800 JavaThread "C1 CompilerThread3" daemon [_thread_blocked, id=14152, stack(0x000000001c340000,0x000000001c440000)]
  0x000000001b871800 JavaThread "C2 CompilerThread2" daemon [_thread_blocked, id=10416, stack(0x000000001c240000,0x000000001c340000)]
  0x000000001b86e800 JavaThread "C2 CompilerThread1" daemon [_thread_blocked, id=5884, stack(0x000000001c140000,0x000000001c240000)]
  0x000000001b86b000 JavaThread "C2 CompilerThread0" daemon [_thread_blocked, id=14120, stack(0x000000001c040000,0x000000001c140000)]
  0x000000001b868800 JavaThread "Attach Listener" daemon [_thread_blocked, id=13760, stack(0x000000001bf40000,0x000000001c040000)]
  0x000000001996e000 JavaThread "Signal Dispatcher" daemon [_thread_blocked, id=14128, stack(0x000000001be40000,0x000000001bf40000)]
  0x00000000024e9000 JavaThread "Finalizer" daemon [_thread_blocked, id=6496, stack(0x000000001bc40000,0x000000001bd40000)]
  0x00000000024e7800 JavaThread "Reference Handler" daemon [_thread_blocked, id=13436, stack(0x000000001b740000,0x000000001b840000)]
  0x00000000023ed800 JavaThread "main" [_thread_blocked, id=10696, stack(0x00000000022b0000,0x00000000023b0000)]

Other Threads:
  0x0000000019958800 VMThread [stack: 0x000000001b640000,0x000000001b740000] [id=7468]
  0x000000001b922000 WatcherThread [stack: 0x000000001c540000,0x000000001c640000] [id=5064]

VM state:not at safepoint (normal execution)

VM Mutex/Monitor currently owned by a thread: None

heap address: 0x0000000702400000, size: 3036 MB, Compressed Oops mode: Zero based, Oop shift amount: 3
Narrow klass base: 0x0000000000000000, Narrow klass shift: 3
Compressed class space size: 1073741824 Address: 0x00000007c0000000

Heap:
 PSYoungGen      total 56832K, used 12035K [0x0000000780c00000, 0x0000000787b00000, 0x00000007c0000000)
  eden space 49152K, 8% used [0x0000000780c00000,0x000000078104c700,0x0000000783c00000)
  from space 7680K, 99% used [0x0000000783c00000,0x0000000784374780,0x0000000784380000)
  to   space 7680K, 0% used [0x0000000787380000,0x0000000787380000,0x0000000787b00000)
 ParOldGen       total 130048K, used 8K [0x0000000702400000, 0x000000070a300000, 0x0000000780c00000)
  object space 130048K, 0% used [0x0000000702400000,0x0000000702402000,0x000000070a300000)
 Metaspace       used 7796K, capacity 8000K, committed 8192K, reserved 1056768K
  class space    used 917K, capacity 1008K, committed 1024K, reserved 1048576K

Card table byte_map: [0x00000000118b0000,0x0000000011ea0000] byte_map_base: 0x000000000e09e000

Marking Bits: (ParMarkBitMap*) 0x000000006232af90
 Begin Bits: [0x0000000012aa0000, 0x0000000015a10000)
 End Bits:   [0x0000000015a10000, 0x0000000018980000)

Polling page: 0x00000000001f0000

CodeCache: size=245760Kb used=2494Kb max_used=2506Kb free=243265Kb
 bounds [0x00000000024f0000, 0x0000000002770000, 0x00000000114f0000]
 total_blobs=989 nmethods=592 adapters=310
 compilation: enabled

Compilation events (10 events):
Event: 0.589 Thread 0x000000001b877800 nmethod 588 0x000000000275b690 code [0x000000000275b800, 0x000000000275ba70]
Event: 0.589 Thread 0x000000001b877800  589       3       java.time.LocalDateTime::plusWithOverflow (179 bytes)
Event: 0.591 Thread 0x000000001b877800 nmethod 589 0x000000000275bb50 code [0x000000000275bd80, 0x000000000275cce8]
Event: 0.591 Thread 0x000000001b877800  591       3       com.rti.dds.cdr.CdrOutputStream::writeInt (133 bytes)
Event: 0.593 Thread 0x000000001b877800 nmethod 591 0x000000000275d6d0 code [0x000000000275d9a0, 0x000000000275eee8]
Event: 0.593 Thread 0x000000001b877800  590       3       java.time.LocalDateTime::with (28 bytes)
Event: 0.593 Thread 0x000000001b877800 nmethod 590 0x000000000275fcd0 code [0x000000000275fe40, 0x0000000002760170]
Event: 0.593 Thread 0x000000001b877800  592       1       java.time.format.DateTimeFormatter::getDecimalStyle (5 bytes)
Event: 0.593 Thread 0x000000001b877800 nmethod 592 0x0000000002760290 code [0x00000000027603e0, 0x00000000027604f0]
Event: 0.597 Thread 0x000000001b871800 nmethod 584 0x0000000002763590 code [0x00000000027636e0, 0x0000000002763b38]

GC Heap History (2 events):
Event: 0.520 GC heap before
{Heap before GC invocations=1 (full 0):
 PSYoungGen      total 56832K, used 49152K [0x0000000780c00000, 0x0000000784b00000, 0x00000007c0000000)
  eden space 49152K, 100% used [0x0000000780c00000,0x0000000783c00000,0x0000000783c00000)
  from space 7680K, 0% used [0x0000000784380000,0x0000000784380000,0x0000000784b00000)
  to   space 7680K, 0% used [0x0000000783c00000,0x0000000783c00000,0x0000000784380000)
 ParOldGen       total 130048K, used 0K [0x0000000702400000, 0x000000070a300000, 0x0000000780c00000)
  object space 130048K, 0% used [0x0000000702400000,0x0000000702400000,0x000000070a300000)
 Metaspace       used 7734K, capacity 7922K, committed 8192K, reserved 1056768K
  class space    used 911K, capacity 1001K, committed 1024K, reserved 1048576K
Event: 0.533 GC heap after
Heap after GC invocations=1 (full 0):
 PSYoungGen      total 56832K, used 7633K [0x0000000780c00000, 0x0000000787b00000, 0x00000007c0000000)
  eden space 49152K, 0% used [0x0000000780c00000,0x0000000780c00000,0x0000000783c00000)
  from space 7680K, 99% used [0x0000000783c00000,0x0000000784374780,0x0000000784380000)
  to   space 7680K, 0% used [0x0000000787380000,0x0000000787380000,0x0000000787b00000)
 ParOldGen       total 130048K, used 8K [0x0000000702400000, 0x000000070a300000, 0x0000000780c00000)
  object space 130048K, 0% used [0x0000000702400000,0x0000000702402000,0x000000070a300000)
 Metaspace       used 7734K, capacity 7922K, committed 8192K, reserved 1056768K
  class space    used 911K, capacity 1001K, committed 1024K, reserved 1048576K
}

Deoptimization events (1 events):
Event: 0.134 Thread 0x00000000023ed800 Uncommon trap: reason=null_check action=make_not_entrant pc=0x0000000002656bfc method=java.lang.String.equals(Ljava/lang/Object;)Z @ 8

Classes redefined (0 events):
No events

Internal exceptions (9 events):
Event: 0.021 Thread 0x00000000023ed800 Exception <a 'java/lang/NoSuchMethodError': Method sun.misc.Unsafe.defineClass(Ljava/lang/String;[BII)Ljava/lang/Class; name or signature does not match> (0x0000000780c07cc0) thrown at [C:\jenkins\workspace\8-2-build-windows-amd64-cygwin\jdk8u251\737\hots
Event: 0.021 Thread 0x00000000023ed800 Exception <a 'java/lang/NoSuchMethodError': Method sun.misc.Unsafe.prefetchRead(Ljava/lang/Object;J)V name or signature does not match> (0x0000000780c07fa8) thrown at [C:\jenkins\workspace\8-2-build-windows-amd64-cygwin\jdk8u251\737\hotspot\src\share\vm\p
Event: 0.088 Thread 0x00000000023ed800 Exception <a 'java/lang/NoSuchFieldError': method resolution failed> (0x0000000780e38b60) thrown at [C:\jenkins\workspace\8-2-build-windows-amd64-cygwin\jdk8u251\737\hotspot\src\share\vm\prims\methodHandles.cpp, line 1167]
Event: 0.091 Thread 0x00000000023ed800 Exception <a 'java/lang/NoSuchFieldError': method resolution failed> (0x0000000780e45f60) thrown at [C:\jenkins\workspace\8-2-build-windows-amd64-cygwin\jdk8u251\737\hotspot\src\share\vm\prims\methodHandles.cpp, line 1167]
Event: 0.130 Thread 0x00000000023ed800 Exception <a 'java/security/PrivilegedActionException'> (0x0000000780f775d0) thrown at [C:\jenkins\workspace\8-2-build-windows-amd64-cygwin\jdk8u251\737\hotspot\src\share\vm\prims\jvm.cpp, line 1502]
Event: 0.130 Thread 0x00000000023ed800 Exception <a 'java/security/PrivilegedActionException'> (0x0000000780f777e0) thrown at [C:\jenkins\workspace\8-2-build-windows-amd64-cygwin\jdk8u251\737\hotspot\src\share\vm\prims\jvm.cpp, line 1502]
Event: 0.131 Thread 0x00000000023ed800 Exception <a 'java/security/PrivilegedActionException'> (0x0000000780f7b638) thrown at [C:\jenkins\workspace\8-2-build-windows-amd64-cygwin\jdk8u251\737\hotspot\src\share\vm\prims\jvm.cpp, line 1502]
Event: 0.131 Thread 0x00000000023ed800 Exception <a 'java/security/PrivilegedActionException'> (0x0000000780f7b848) thrown at [C:\jenkins\workspace\8-2-build-windows-amd64-cygwin\jdk8u251\737\hotspot\src\share\vm\prims\jvm.cpp, line 1502]
Event: 0.134 Thread 0x00000000023ed800 Implicit null exception at 0x0000000002656a1c to 0x0000000002656bed

Events (10 events):
Event: 0.578 loading class Accident
Event: 0.578 loading class Accident done
Event: 0.610 Thread 0x000000001c92e800 Thread added: 0x000000001c92e800
Event: 0.611 Thread 0x000000001c92c800 Thread added: 0x000000001c92c800
Event: 0.612 Thread 0x000000001c92d000 Thread added: 0x000000001c92d000
Event: 0.613 Thread 0x000000001c928800 Thread added: 0x000000001c928800
Event: 0.613 Thread 0x000000001c930000 Thread added: 0x000000001c930000
Event: 0.613 Thread 0x000000001c929800 Thread added: 0x000000001c929800
Event: 0.614 Thread 0x000000001c931000 Thread added: 0x000000001c931000
Event: 0.614 Thread 0x000000001c932800 Thread added: 0x000000001c932800


Dynamic libraries:
0x00007ff6f1a30000 - 0x00007ff6f1a67000 	C:\Program Files\Java\jre1.8.0_251\bin\javaw.exe
0x00007ff8483a0000 - 0x00007ff848590000 	C:\Windows\SYSTEM32\ntdll.dll
0x00007ff8469d0000 - 0x00007ff846a82000 	C:\Windows\System32\KERNEL32.DLL
0x00007ff8456a0000 - 0x00007ff845943000 	C:\Windows\System32\KERNELBASE.dll
0x00007ff8482b0000 - 0x00007ff848353000 	C:\Windows\System32\ADVAPI32.dll
0x00007ff846450000 - 0x00007ff8464ee000 	C:\Windows\System32\msvcrt.dll
0x00007ff846930000 - 0x00007ff8469c7000 	C:\Windows\System32\sechost.dll
0x00007ff848120000 - 0x00007ff848240000 	C:\Windows\System32\RPCRT4.dll
0x00007ff846790000 - 0x00007ff846924000 	C:\Windows\System32\USER32.dll
0x00007ff846260000 - 0x00007ff846281000 	C:\Windows\System32\win32u.dll
0x00007ff8472f0000 - 0x00007ff847316000 	C:\Windows\System32\GDI32.dll
0x00007ff846290000 - 0x00007ff846424000 	C:\Windows\System32\gdi32full.dll
0x00007ff8455b0000 - 0x00007ff84564e000 	C:\Windows\System32\msvcp_win.dll
0x00007ff8454b0000 - 0x00007ff8455aa000 	C:\Windows\System32\ucrtbase.dll
0x00007ff8318f0000 - 0x00007ff831b75000 	C:\Windows\WinSxS\amd64_microsoft.windows.common-controls_6595b64144ccf1df_6.0.18362.778_none_e6c6b761130d4fb8\COMCTL32.dll
0x00007ff847640000 - 0x00007ff847976000 	C:\Windows\System32\combase.dll
0x00007ff8459b0000 - 0x00007ff845a30000 	C:\Windows\System32\bcryptPrimitives.dll
0x00007ff846560000 - 0x00007ff84658e000 	C:\Windows\System32\IMM32.DLL
0x0000000061940000 - 0x0000000061a12000 	C:\Program Files\Java\jre1.8.0_251\bin\msvcr100.dll
0x0000000061b00000 - 0x00000000623ab000 	C:\Program Files\Java\jre1.8.0_251\bin\server\jvm.dll
0x00007ff846b00000 - 0x00007ff846b08000 	C:\Windows\System32\PSAPI.DLL
0x00007ff82cd60000 - 0x00007ff82cd69000 	C:\Windows\SYSTEM32\WSOCK32.dll
0x00007ff83cfa0000 - 0x00007ff83cfaa000 	C:\Windows\SYSTEM32\VERSION.dll
0x00007ff8400b0000 - 0x00007ff8400d4000 	C:\Windows\SYSTEM32\WINMM.dll
0x00007ff848240000 - 0x00007ff8482af000 	C:\Windows\System32\WS2_32.dll
0x00007ff840080000 - 0x00007ff8400ad000 	C:\Windows\SYSTEM32\winmmbase.dll
0x00007ff845650000 - 0x00007ff84569a000 	C:\Windows\System32\cfgmgr32.dll
0x00007ff840230000 - 0x00007ff84023f000 	C:\Program Files\Java\jre1.8.0_251\bin\verify.dll
0x00007ff839e20000 - 0x00007ff839e49000 	C:\Program Files\Java\jre1.8.0_251\bin\java.dll
0x00007ff83cb90000 - 0x00007ff83cba6000 	C:\Program Files\Java\jre1.8.0_251\bin\zip.dll
0x00007ff846bf0000 - 0x00007ff8472d5000 	C:\Windows\System32\SHELL32.dll
0x00007ff847a50000 - 0x00007ff847af9000 	C:\Windows\System32\shcore.dll
0x00007ff845a30000 - 0x00007ff8461b0000 	C:\Windows\System32\windows.storage.dll
0x00007ff8452e0000 - 0x00007ff845303000 	C:\Windows\System32\profapi.dll
0x00007ff845270000 - 0x00007ff8452ba000 	C:\Windows\System32\powrprof.dll
0x00007ff845260000 - 0x00007ff845270000 	C:\Windows\System32\UMPDC.dll
0x00007ff846b10000 - 0x00007ff846b62000 	C:\Windows\System32\shlwapi.dll
0x00007ff845310000 - 0x00007ff845321000 	C:\Windows\System32\kernel.appcore.dll
0x00007ff846430000 - 0x00007ff846447000 	C:\Windows\System32\cryptsp.dll
0x00007ff83a1f0000 - 0x00007ff83a288000 	C:\Program Files\rti_connext_dds-6.0.1\lib\x64Win64VS2017\nddsjava.dll
0x00007ff8402b0000 - 0x00007ff8402c5000 	C:\Program Files\Java\jre1.8.0_251\bin\VCRUNTIME140.dll
0x00007fffedc40000 - 0x00007fffee0d0000 	C:\Program Files\rti_connext_dds-6.0.1\lib\x64Win64VS2017\nddsc.dll
0x00007fffed780000 - 0x00007fffedc39000 	C:\Program Files\rti_connext_dds-6.0.1\lib\x64Win64VS2017\nddscore.dll
0x00007ff83c200000 - 0x00007ff83c216000 	C:\Windows\system32\napinsp.dll
0x00007ff839d00000 - 0x00007ff839d1a000 	C:\Windows\system32\pnrpnsp.dll
0x00007ff844a70000 - 0x00007ff844ad7000 	C:\Windows\System32\mswsock.dll
0x00007ff8447c0000 - 0x00007ff84488a000 	C:\Windows\SYSTEM32\DNSAPI.dll
0x00007ff846a90000 - 0x00007ff846a98000 	C:\Windows\System32\NSI.dll
0x00007ff844780000 - 0x00007ff8447ba000 	C:\Windows\SYSTEM32\IPHLPAPI.DLL
0x00007ff83d340000 - 0x00007ff83d34e000 	C:\Windows\System32\winrnr.dll
0x00007ff83e380000 - 0x00007ff83e39c000 	C:\Windows\system32\NLAapi.dll
0x00007ff83d820000 - 0x00007ff83d835000 	C:\Windows\system32\wshbth.dll
0x00007ff845150000 - 0x00007ff84517f000 	C:\Windows\SYSTEM32\SspiCli.dll
0x00007ff83fa00000 - 0x00007ff83fbf4000 	C:\Windows\SYSTEM32\Dbghelp.dll
0x00007ff83a2b0000 - 0x00007ff83a2c6000 	C:\Windows\SYSTEM32\dhcpcsvc6.DLL
0x00007ff83a660000 - 0x00007ff83a67c000 	C:\Windows\SYSTEM32\dhcpcsvc.DLL
0x00007ff83d090000 - 0x00007ff83d09b000 	C:\Windows\SYSTEM32\WINNSI.DLL

VM Arguments:
jvm_args: -Dfile.encoding=Cp1252 
java_command: PubLauncher
java_class_path (initial): C:\Users\pugap\Desktop\464proj2;C:\Program Files\rti_connext_dds-6.0.1\lib\java\nddsjava.jar
Launcher Type: SUN_STANDARD

Environment Variables:
PATH=C:/Program Files/Java/jre1.8.0_251/bin/server;C:/Program Files/Java/jre1.8.0_251/bin;C:/Program Files/Java/jre1.8.0_251/lib/amd64;C:\Program Files (x86)\Common Files\Oracle\Java\javapath;C:\Windows\system32;C:\Windows;C:\Windows\System32\Wbem;C:\Windows\System32\WindowsPowerShell\v1.0\;C:\Windows\System32\OpenSSH\;C:\Program Files\Microsoft SQL Server\130\Tools\Binn\;C:\Program Files\Git\cmd;C:\Program Files\dotnet\;C:\Program Files\Microsoft SQL Server\Client SDK\ODBC\170\Tools\Binn\;C:\Program Files (x86)\dotnet\;C:\Program Files\Amazon\AWSCLIV2\;C:\Program Files\rti_connext_dds-6.0.1\bin;C:\Program Files\rti_connext_dds-6.0.1\lib\x64Win64VS2017;C:\Users\pugap\AppData\Local\Programs\Python\Python38-32\Scripts;C:\Users\pugap\.dotnet\tools;;C:\Windows\System32;
USERNAME=Alex
OS=Windows_NT
PROCESSOR_IDENTIFIER=Intel64 Family 6 Model 142 Stepping 12, GenuineIntel



---------------  S Y S T E M  ---------------

OS: Windows 10.0 , 64 bit Build 18362 (10.0.18362.778)

CPU:total 8 (initial active 8) (4 cores per cpu, 2 threads per core) family 6 model 142 stepping 12, cmov, cx8, fxsr, mmx, sse, sse2, sse3, ssse3, sse4.1, sse4.2, popcnt, avx, avx2, aes, clmul, erms, 3dnowpref, lzcnt, ht, tsc, tscinvbit, bmi1, bmi2, adx

Memory: 4k page, physical 12430984k(6852884k free), swap 20819592k(12652640k free)

vm_info: Java HotSpot(TM) 64-Bit Server VM (25.251-b08) for windows-amd64 JRE (1.8.0_251-b08), built on Mar 12 2020 06:31:49 by "" with MS VC++ 10.0 (VS2010)

time: Mon May 04 16:13:54 2020
timezone: Pacific Daylight Time
elapsed time: 0 seconds (0d 0h 0m 0s)

