#
# A fatal error has been detected by the Java Runtime Environment:
#
#  EXCEPTION_ACCESS_VIOLATION (0xc0000005) at pc=0x00007fffedd01caa, pid=10800, tid=0x0000000000002f68
#
# JRE version: Java(TM) SE Runtime Environment (8.0_251-b08) (build 1.8.0_251-b08)
# Java VM: Java HotSpot(TM) 64-Bit Server VM (25.251-b08 mixed mode windows-amd64 compressed oops)
# Problematic frame:
# C  [nddsc.dll+0xc1caa]
#
# Failed to write core dump. Minidumps are not enabled by default on client versions of Windows
#
# If you would like to submit a bug report, please visit:
#   http://bugreport.java.com/bugreport/crash.jsp
# The crash happened outside the Java Virtual Machine in native code.
# See problematic frame for where to report the bug.
#

---------------  T H R E A D  ---------------

Current thread (0x000000001d686800):  JavaThread "Thread-8" [_thread_in_native, id=12136, stack(0x000000001ff40000,0x0000000020040000)]

siginfo: ExceptionCode=0xc0000005, reading address 0x00000000000050e8

Registers:
RAX=0x000000001d46f650, RBX=0x0000000000000001, RCX=0x0000000000000000, RDX=0x000000001d46f650
RSP=0x000000002003ea20, RBP=0x000000001d46f650, RSI=0x000000001d6869f8, RDI=0x00000000032b835d
R8 =0x000000001d46f650, R9 =0x0000000000000008, R10=0x000000001d46f658, R11=0x0000000782344808
R12=0x0000000000000000, R13=0x000000001a234760, R14=0x0000000000000000, R15=0x000000002003eb78
RIP=0x00007fffedd01caa, EFLAGS=0x0000000000010202

Top of Stack: (sp=0x000000002003ea20)
0x000000002003ea20:   0000000000000000 0000000000000000
0x000000002003ea30:   0000000000000000 0000000019e2ec40
0x000000002003ea40:   00000000032b835d 00007ff82844002a
0x000000002003ea50:   0000000000000001 00000000032b835d
0x000000002003ea60:   0000000000000000 0000000000000001
0x000000002003ea70:   0000000780c0e798 0000000000000001
0x000000002003ea80:   0000000000000000 000000002003ea78
0x000000002003ea90:   000000001d686800 000000002003eb88
0x000000002003eaa0:   0000000000000002 00000000032c8c67
0x000000002003eab0:   0000000000000000 0000000000000000
0x000000002003eac0:   000000001a234760 000000002003eb40
0x000000002003ead0:   000000001fa01540 0000000000000000
0x000000002003eae0:   0000000000000000 0000000000000000
0x000000002003eaf0:   000000002003eae0 0000000019e4eb33
0x000000002003eb00:   000000002003eb00 0000000000000000
0x000000002003eb10:   000000002003eb88 000000001a235860 

Instructions: (pc=0x00007fffedd01caa)
0x00007fffedd01c8a:   68 4b 00 00 e9 9d 66 02 00 cc cc cc cc cc cc cc
0x00007fffedd01c9a:   cc cc cc cc cc cc 48 89 5c 24 08 57 48 83 ec 20
0x00007fffedd01caa:   48 8b 99 e8 50 00 00 48 8b fa 48 8b 89 68 4b 00
0x00007fffedd01cba:   00 e8 d0 5e 02 00 4c 8b c0 48 8b d7 48 8b cb e8 


Register to memory mapping:

RAX=0x000000001d46f650 is an unknown value
RBX=0x0000000000000001 is an unknown value
RCX=0x0000000000000000 is an unknown value
RDX=0x000000001d46f650 is an unknown value
RSP=0x000000002003ea20 is pointing into the stack for thread: 0x000000001d686800
RBP=0x000000001d46f650 is an unknown value
RSI=0x000000001d6869f8 is an unknown value
RDI=0x00000000032b835d is at code_begin+2301 in an Interpreter codelet
invoke return entry points  [0x00000000032b7a60, 0x00000000032b8440]  2528 bytes
R8 =0x000000001d46f650 is an unknown value
R9 =0x0000000000000008 is an unknown value
R10=0x000000001d46f658 is an unknown value
R11=0x0000000782344808 is an oop
java.lang.String 
 - klass: 'java/lang/String'
R12=0x0000000000000000 is an unknown value
R13={method} {0x000000001a234768} 'DDS_DataType_register_typeI' '(JLjava/lang/String;JLjava/lang/Object;)I' in 'com/rti/dds/topic/TypeSupportImpl'
R14=0x0000000000000000 is an unknown value
R15=0x000000002003eb78 is pointing into the stack for thread: 0x000000001d686800


Stack: [0x000000001ff40000,0x0000000020040000],  sp=0x000000002003ea20,  free space=1018k
Native frames: (J=compiled Java code, j=interpreted, Vv=VM code, C=native code)
C  [nddsc.dll+0xc1caa]
C  [nddsjava.dll+0x1002a]
C  0x00000000032c8c67

Java frames: (J=compiled Java code, j=interpreted, Vv=VM code)
j  com.rti.dds.topic.TypeSupportImpl.DDS_DataType_register_typeI(JLjava/lang/String;JLjava/lang/Object;)I+0
j  com.rti.dds.topic.TypeSupportImpl.register_type_globalI(Lcom/rti/dds/topic/TypeSupportImpl;Lcom/rti/dds/domain/DomainParticipant;Ljava/lang/String;Ljava/lang/Object;)V+33
j  com.rti.dds.topic.TypeSupportImpl.register_typeI(Lcom/rti/dds/domain/DomainParticipant;Ljava/lang/String;)V+4
j  PositionTypeSupport.register_type(Lcom/rti/dds/domain/DomainParticipant;Ljava/lang/String;)V+5
j  PositionPublisher.publisherMain(IILPosition;)V+89
j  PositionPublisher.runPubMain(IILPosition;)V+3
j  PubThread.Stop(ILjava/lang/String;)V+90
j  PubThread.run()V+126
v  ~StubRoutines::call_stub

---------------  P R O C E S S  ---------------

Java Threads: ( => current thread )
=>0x000000001d686800 JavaThread "Thread-8" [_thread_in_native, id=12136, stack(0x000000001ff40000,0x0000000020040000)]
  0x000000001c6de000 JavaThread "Service Thread" daemon [_thread_blocked, id=7508, stack(0x000000001d200000,0x000000001d300000)]
  0x000000001c64b000 JavaThread "C1 CompilerThread3" daemon [_thread_blocked, id=10252, stack(0x000000001d100000,0x000000001d200000)]
  0x000000001c63a000 JavaThread "C2 CompilerThread2" daemon [_thread_blocked, id=6120, stack(0x000000001d000000,0x000000001d100000)]
  0x000000001c62e000 JavaThread "C2 CompilerThread1" daemon [_thread_blocked, id=4540, stack(0x000000001cf00000,0x000000001d000000)]
  0x000000001c62a800 JavaThread "C2 CompilerThread0" daemon [_thread_blocked, id=13772, stack(0x000000001ce00000,0x000000001cf00000)]
  0x000000001c628800 JavaThread "Attach Listener" daemon [_thread_blocked, id=3224, stack(0x000000001cd00000,0x000000001ce00000)]
  0x000000001c627000 JavaThread "Signal Dispatcher" daemon [_thread_blocked, id=1764, stack(0x000000001cc00000,0x000000001cd00000)]
  0x000000001c620800 JavaThread "Finalizer" daemon [_thread_blocked, id=11276, stack(0x000000001ca00000,0x000000001cb00000)]
  0x000000001a71d800 JavaThread "Reference Handler" daemon [_thread_blocked, id=3220, stack(0x000000001c500000,0x000000001c600000)]
  0x000000000170d800 JavaThread "main" [_thread_blocked, id=11604, stack(0x0000000002fc0000,0x00000000030c0000)]

Other Threads:
  0x000000001a719000 VMThread [stack: 0x000000001c400000,0x000000001c500000] [id=10744]
  0x000000001c6e9800 WatcherThread [stack: 0x000000001d300000,0x000000001d400000] [id=10556]

VM state:not at safepoint (normal execution)

VM Mutex/Monitor currently owned by a thread: None

heap address: 0x0000000702400000, size: 3036 MB, Compressed Oops mode: Zero based, Oop shift amount: 3
Narrow klass base: 0x0000000000000000, Narrow klass shift: 3
Compressed class space size: 1073741824 Address: 0x00000007c0000000

Heap:
 PSYoungGen      total 56832K, used 33544K [0x0000000780c00000, 0x0000000784b00000, 0x00000007c0000000)
  eden space 49152K, 68% used [0x0000000780c00000,0x0000000782cc20d0,0x0000000783c00000)
  from space 7680K, 0% used [0x0000000784380000,0x0000000784380000,0x0000000784b00000)
  to   space 7680K, 0% used [0x0000000783c00000,0x0000000783c00000,0x0000000784380000)
 ParOldGen       total 130048K, used 0K [0x0000000702400000, 0x000000070a300000, 0x0000000780c00000)
  object space 130048K, 0% used [0x0000000702400000,0x0000000702400000,0x000000070a300000)
 Metaspace       used 7833K, capacity 8064K, committed 8192K, reserved 1056768K
  class space    used 922K, capacity 1008K, committed 1024K, reserved 1048576K

Card table byte_map: [0x0000000012670000,0x0000000012c60000] byte_map_base: 0x000000000ee5e000

Marking Bits: (ParMarkBitMap*) 0x000000006232af90
 Begin Bits: [0x0000000013860000, 0x00000000167d0000)
 End Bits:   [0x00000000167d0000, 0x0000000019740000)

Polling page: 0x00000000016f0000

CodeCache: size=245760Kb used=2479Kb max_used=2479Kb free=243280Kb
 bounds [0x00000000032b0000, 0x0000000003530000, 0x00000000122b0000]
 total_blobs=968 nmethods=571 adapters=310
 compilation: enabled

Compilation events (10 events):
Event: 0.409 Thread 0x000000001c64b000  567       3       com.rti.dds.cdr.CdrBuffer::checkSize (24 bytes)
Event: 0.410 Thread 0x000000001c64b000 nmethod 567 0x000000000350d790 code [0x000000000350d900, 0x000000000350db68]
Event: 1.395 Thread 0x000000001c62a800  568       4       sun.nio.cs.SingleByte$Encoder::encode (32 bytes)
Event: 1.395 Thread 0x000000001c63a000  569       4       java.lang.StringBuilder::append (8 bytes)
Event: 1.396 Thread 0x000000001c64b000  570       3       java.nio.ByteBuffer::array (35 bytes)
Event: 1.397 Thread 0x000000001c64b000 nmethod 570 0x000000000350d190 code [0x000000000350d320, 0x000000000350d638]
Event: 1.399 Thread 0x000000001c62a800 nmethod 568 0x000000000350c690 code [0x000000000350c7e0, 0x000000000350c8f8]
Event: 1.412 Thread 0x000000001c63a000 nmethod 569 0x0000000003518ad0 code [0x0000000003518c20, 0x0000000003519078]
Event: 2.501 Thread 0x000000001c64b000  571       3       sun.nio.cs.SingleByte$Encoder::encodeArrayLoop (236 bytes)
Event: 2.506 Thread 0x000000001c64b000 nmethod 571 0x000000000351c4d0 code [0x000000000351c960, 0x000000000351f568]

GC Heap History (0 events):
No events

Deoptimization events (1 events):
Event: 0.111 Thread 0x000000000170d800 Uncommon trap: reason=null_check action=make_not_entrant pc=0x00000000034181fc method=java.lang.String.equals(Ljava/lang/Object;)Z @ 8

Classes redefined (0 events):
No events

Internal exceptions (9 events):
Event: 0.022 Thread 0x000000000170d800 Exception <a 'java/lang/NoSuchMethodError': Method sun.misc.Unsafe.defineClass(Ljava/lang/String;[BII)Ljava/lang/Class; name or signature does not match> (0x0000000780c07cc0) thrown at [C:\jenkins\workspace\8-2-build-windows-amd64-cygwin\jdk8u251\737\hots
Event: 0.022 Thread 0x000000000170d800 Exception <a 'java/lang/NoSuchMethodError': Method sun.misc.Unsafe.prefetchRead(Ljava/lang/Object;J)V name or signature does not match> (0x0000000780c07fa8) thrown at [C:\jenkins\workspace\8-2-build-windows-amd64-cygwin\jdk8u251\737\hotspot\src\share\vm\p
Event: 0.078 Thread 0x000000000170d800 Exception <a 'java/lang/NoSuchFieldError': method resolution failed> (0x0000000780e381d8) thrown at [C:\jenkins\workspace\8-2-build-windows-amd64-cygwin\jdk8u251\737\hotspot\src\share\vm\prims\methodHandles.cpp, line 1167]
Event: 0.079 Thread 0x000000000170d800 Exception <a 'java/lang/NoSuchFieldError': method resolution failed> (0x0000000780e455d8) thrown at [C:\jenkins\workspace\8-2-build-windows-amd64-cygwin\jdk8u251\737\hotspot\src\share\vm\prims\methodHandles.cpp, line 1167]
Event: 0.109 Thread 0x000000000170d800 Exception <a 'java/security/PrivilegedActionException'> (0x0000000780f76c48) thrown at [C:\jenkins\workspace\8-2-build-windows-amd64-cygwin\jdk8u251\737\hotspot\src\share\vm\prims\jvm.cpp, line 1502]
Event: 0.109 Thread 0x000000000170d800 Exception <a 'java/security/PrivilegedActionException'> (0x0000000780f76e58) thrown at [C:\jenkins\workspace\8-2-build-windows-amd64-cygwin\jdk8u251\737\hotspot\src\share\vm\prims\jvm.cpp, line 1502]
Event: 0.110 Thread 0x000000000170d800 Exception <a 'java/security/PrivilegedActionException'> (0x0000000780f7acb0) thrown at [C:\jenkins\workspace\8-2-build-windows-amd64-cygwin\jdk8u251\737\hotspot\src\share\vm\prims\jvm.cpp, line 1502]
Event: 0.110 Thread 0x000000000170d800 Exception <a 'java/security/PrivilegedActionException'> (0x0000000780f7aec0) thrown at [C:\jenkins\workspace\8-2-build-windows-amd64-cygwin\jdk8u251\737\hotspot\src\share\vm\prims\jvm.cpp, line 1502]
Event: 0.111 Thread 0x000000000170d800 Implicit null exception at 0x000000000341801c to 0x00000000034181ed

Events (10 events):
Event: 2.500 Thread 0x000000001d686000 Thread exited: 0x000000001d686000
Event: 4.090 Executing VM operation: EnableBiasedLocking
Event: 4.090 Executing VM operation: EnableBiasedLocking done
Event: 4.417 Thread 0x000000001c646800 Thread exited: 0x000000001c646800
Event: 4.509 Thread 0x000000001c649000 Thread exited: 0x000000001c649000
Event: 4.511 Thread 0x000000001c647800 Thread exited: 0x000000001c647800
Event: 4.511 Thread 0x000000001c64c800 Thread exited: 0x000000001c64c800
Event: 4.511 Thread 0x000000001c648000 Thread exited: 0x000000001c648000
Event: 4.511 Thread 0x000000001c64a800 Thread exited: 0x000000001c64a800
Event: 7.421 Thread 0x000000001c646000 Thread exited: 0x000000001c646000


Dynamic libraries:
0x00007ff6f1a30000 - 0x00007ff6f1a67000 	C:\Program Files\Java\jre1.8.0_251\bin\javaw.exe
0x00007ff8483a0000 - 0x00007ff848590000 	C:\Windows\SYSTEM32\ntdll.dll
0x00007ff8469d0000 - 0x00007ff846a82000 	C:\Windows\System32\KERNEL32.DLL
0x00007ff8456a0000 - 0x00007ff845943000 	C:\Windows\System32\KERNELBASE.dll
0x00007ff8482b0000 - 0x00007ff848353000 	C:\Windows\System32\ADVAPI32.dll
0x00007ff846450000 - 0x00007ff8464ee000 	C:\Windows\System32\msvcrt.dll
0x00007ff846930000 - 0x00007ff8469c7000 	C:\Windows\System32\sechost.dll
0x00007ff848120000 - 0x00007ff848240000 	C:\Windows\System32\RPCRT4.dll
0x00007ff846790000 - 0x00007ff846924000 	C:\Windows\System32\USER32.dll
0x00007ff846260000 - 0x00007ff846281000 	C:\Windows\System32\win32u.dll
0x00007ff8472f0000 - 0x00007ff847316000 	C:\Windows\System32\GDI32.dll
0x00007ff846290000 - 0x00007ff846424000 	C:\Windows\System32\gdi32full.dll
0x00007ff8455b0000 - 0x00007ff84564e000 	C:\Windows\System32\msvcp_win.dll
0x00007ff8454b0000 - 0x00007ff8455aa000 	C:\Windows\System32\ucrtbase.dll
0x00007ff8318f0000 - 0x00007ff831b75000 	C:\Windows\WinSxS\amd64_microsoft.windows.common-controls_6595b64144ccf1df_6.0.18362.778_none_e6c6b761130d4fb8\COMCTL32.dll
0x00007ff847640000 - 0x00007ff847976000 	C:\Windows\System32\combase.dll
0x00007ff8459b0000 - 0x00007ff845a30000 	C:\Windows\System32\bcryptPrimitives.dll
0x00007ff846560000 - 0x00007ff84658e000 	C:\Windows\System32\IMM32.DLL
0x0000000061940000 - 0x0000000061a12000 	C:\Program Files\Java\jre1.8.0_251\bin\msvcr100.dll
0x0000000061b00000 - 0x00000000623ab000 	C:\Program Files\Java\jre1.8.0_251\bin\server\jvm.dll
0x00007ff846b00000 - 0x00007ff846b08000 	C:\Windows\System32\PSAPI.DLL
0x00007ff82cd60000 - 0x00007ff82cd69000 	C:\Windows\SYSTEM32\WSOCK32.dll
0x00007ff8400b0000 - 0x00007ff8400d4000 	C:\Windows\SYSTEM32\WINMM.dll
0x00007ff83cfa0000 - 0x00007ff83cfaa000 	C:\Windows\SYSTEM32\VERSION.dll
0x00007ff848240000 - 0x00007ff8482af000 	C:\Windows\System32\WS2_32.dll
0x00007ff840080000 - 0x00007ff8400ad000 	C:\Windows\SYSTEM32\WINMMBASE.dll
0x00007ff845650000 - 0x00007ff84569a000 	C:\Windows\System32\cfgmgr32.dll
0x00007ff840230000 - 0x00007ff84023f000 	C:\Program Files\Java\jre1.8.0_251\bin\verify.dll
0x00007ff839e20000 - 0x00007ff839e49000 	C:\Program Files\Java\jre1.8.0_251\bin\java.dll
0x00007ff83cb90000 - 0x00007ff83cba6000 	C:\Program Files\Java\jre1.8.0_251\bin\zip.dll
0x00007ff846bf0000 - 0x00007ff8472d5000 	C:\Windows\System32\SHELL32.dll
0x00007ff847a50000 - 0x00007ff847af9000 	C:\Windows\System32\shcore.dll
0x00007ff845a30000 - 0x00007ff8461b0000 	C:\Windows\System32\windows.storage.dll
0x00007ff8452e0000 - 0x00007ff845303000 	C:\Windows\System32\profapi.dll
0x00007ff845270000 - 0x00007ff8452ba000 	C:\Windows\System32\powrprof.dll
0x00007ff845260000 - 0x00007ff845270000 	C:\Windows\System32\UMPDC.dll
0x00007ff846b10000 - 0x00007ff846b62000 	C:\Windows\System32\shlwapi.dll
0x00007ff845310000 - 0x00007ff845321000 	C:\Windows\System32\kernel.appcore.dll
0x00007ff846430000 - 0x00007ff846447000 	C:\Windows\System32\cryptsp.dll
0x00007ff828430000 - 0x00007ff8284c8000 	C:\Program Files\rti_connext_dds-6.0.1\lib\x64Win64VS2017\nddsjava.dll
0x00007ff840250000 - 0x00007ff840265000 	C:\Program Files\Java\jre1.8.0_251\bin\VCRUNTIME140.dll
0x00007fffedc40000 - 0x00007fffee0d0000 	C:\Program Files\rti_connext_dds-6.0.1\lib\x64Win64VS2017\nddsc.dll
0x00007fffed780000 - 0x00007fffedc39000 	C:\Program Files\rti_connext_dds-6.0.1\lib\x64Win64VS2017\nddscore.dll
0x00007ff83c200000 - 0x00007ff83c216000 	C:\Windows\system32\napinsp.dll
0x00007ff839d00000 - 0x00007ff839d1a000 	C:\Windows\system32\pnrpnsp.dll
0x00007ff844a70000 - 0x00007ff844ad7000 	C:\Windows\System32\mswsock.dll
0x00007ff8447c0000 - 0x00007ff84488a000 	C:\Windows\SYSTEM32\DNSAPI.dll
0x00007ff846a90000 - 0x00007ff846a98000 	C:\Windows\System32\NSI.dll
0x00007ff844780000 - 0x00007ff8447ba000 	C:\Windows\SYSTEM32\IPHLPAPI.DLL
0x00007ff83d340000 - 0x00007ff83d34e000 	C:\Windows\System32\winrnr.dll
0x00007ff83e380000 - 0x00007ff83e39c000 	C:\Windows\system32\NLAapi.dll
0x00007ff83d820000 - 0x00007ff83d835000 	C:\Windows\system32\wshbth.dll
0x00007ff845150000 - 0x00007ff84517f000 	C:\Windows\SYSTEM32\SspiCli.dll
0x00007ff83fa00000 - 0x00007ff83fbf4000 	C:\Windows\SYSTEM32\Dbghelp.dll
0x00007ff83a2b0000 - 0x00007ff83a2c6000 	C:\Windows\SYSTEM32\dhcpcsvc6.DLL
0x00007ff83a660000 - 0x00007ff83a67c000 	C:\Windows\SYSTEM32\dhcpcsvc.DLL
0x00007ff83d090000 - 0x00007ff83d09b000 	C:\Windows\SYSTEM32\WINNSI.DLL

VM Arguments:
jvm_args: -Dfile.encoding=Cp1252 
java_command: PubLauncher
java_class_path (initial): C:\Users\pugap\Desktop\464proj2;C:\Program Files\rti_connext_dds-6.0.1\lib\java\nddsjava.jar
Launcher Type: SUN_STANDARD

Environment Variables:
PATH=C:/Program Files/Java/jre1.8.0_251/bin/server;C:/Program Files/Java/jre1.8.0_251/bin;C:/Program Files/Java/jre1.8.0_251/lib/amd64;C:\Program Files (x86)\Common Files\Oracle\Java\javapath;C:\Windows\system32;C:\Windows;C:\Windows\System32\Wbem;C:\Windows\System32\WindowsPowerShell\v1.0\;C:\Windows\System32\OpenSSH\;C:\Program Files\Microsoft SQL Server\130\Tools\Binn\;C:\Program Files\Git\cmd;C:\Program Files\dotnet\;C:\Program Files\Microsoft SQL Server\Client SDK\ODBC\170\Tools\Binn\;C:\Program Files (x86)\dotnet\;C:\Program Files\Amazon\AWSCLIV2\;C:\Program Files\rti_connext_dds-6.0.1\bin;C:\Program Files\rti_connext_dds-6.0.1\lib\x64Win64VS2017;C:\Users\pugap\AppData\Local\Programs\Python\Python38-32\Scripts;C:\Users\pugap\.dotnet\tools;;C:\Windows\System32;
USERNAME=Alex
OS=Windows_NT
PROCESSOR_IDENTIFIER=Intel64 Family 6 Model 142 Stepping 12, GenuineIntel



---------------  S Y S T E M  ---------------

OS: Windows 10.0 , 64 bit Build 18362 (10.0.18362.778)

CPU:total 8 (initial active 8) (4 cores per cpu, 2 threads per core) family 6 model 142 stepping 12, cmov, cx8, fxsr, mmx, sse, sse2, sse3, ssse3, sse4.1, sse4.2, popcnt, avx, avx2, aes, clmul, erms, 3dnowpref, lzcnt, ht, tsc, tscinvbit, bmi1, bmi2, adx

Memory: 4k page, physical 12430984k(6842192k free), swap 20819592k(12995540k free)

vm_info: Java HotSpot(TM) 64-Bit Server VM (25.251-b08) for windows-amd64 JRE (1.8.0_251-b08), built on Mar 12 2020 06:31:49 by "" with MS VC++ 10.0 (VS2010)

time: Mon May 04 15:41:23 2020
timezone: Pacific Daylight Time
elapsed time: 7 seconds (0d 0h 0m 7s)

