#
# A fatal error has been detected by the Java Runtime Environment:
#
#  EXCEPTION_ACCESS_VIOLATION (0xc0000005) at pc=0x00007fffedb026db, pid=6516, tid=0x000000000000092c
#
# JRE version: Java(TM) SE Runtime Environment (8.0_251-b08) (build 1.8.0_251-b08)
# Java VM: Java HotSpot(TM) 64-Bit Server VM (25.251-b08 mixed mode windows-amd64 compressed oops)
# Problematic frame:
# C  [nddscore.dll+0x3826db]
#
# Failed to write core dump. Minidumps are not enabled by default on client versions of Windows
#
# If you would like to submit a bug report, please visit:
#   http://bugreport.java.com/bugreport/crash.jsp
# The crash happened outside the Java Virtual Machine in native code.
# See problematic frame for where to report the bug.
#

---------------  T H R E A D  ---------------

Current thread (0x000000001d7d5000):  JavaThread "Thread-32" [_thread_in_native, id=2348, stack(0x000000002a020000,0x000000002a120000)]

siginfo: ExceptionCode=0xc0000005, reading address 0x0000000000000058

Registers:
RAX=0x0000000000000000, RBX=0x0000000000000000, RCX=0x0000000000000000, RDX=0x000000002a11b510
RSP=0x000000002a11b450, RBP=0x0000000025f49290, RSI=0x0000000025f49290, RDI=0x0000000000000001
R8 =0x0000000025f49290, R9 =0x000000002a11ab00, R10=0x0000000000000000, R11=0x000000002a11b4a8
R12=0x0000000025f49290, R13=0x0000000000000000, R14=0x000000002a4bedd0, R15=0x000000002a11b740
RIP=0x00007fffedb026db, EFLAGS=0x0000000000010206

Top of Stack: (sp=0x000000002a11b450)
0x000000002a11b450:   0000000001437070 00000000261ebc60
0x000000002a11b460:   00007fff00000128 00007fffedbc5350
0x000000002a11b470:   00007fffedbb15f0 000000002ae98010
0x000000002a11b480:   0000316e97520006 00000000261ebc60
0x000000002a11b490:   0000316e97520076 000000002a11b740
0x000000002a11b4a0:   0000000025f49290 0000000000000001
0x000000002a11b4b0:   0000000000000000 00007fffedb02e6d
0x000000002a11b4c0:   0000000000000000 0000000025f49290
0x000000002a11b4d0:   00007fffedaf5e20 0000000000000000
0x000000002a11b4e0:   ffffffff00000002 00007f07ffffffff
0x000000002a11b4f0:   0000000000000000 00007fffeda2ea4c
0x000000002a11b500:   000000002ae9aef0 000000002ae9aef0
0x000000002a11b510:   000000002a4bedd0 0000000000000000
0x000000002a11b520:   0000000025f49290 0000000001437070
0x000000002a11b530:   00000000261ebc60 000000002a11b740
0x000000002a11b540:   0000000001437070 00007fffeda2f184 

Instructions: (pc=0x00007fffedb026db)
0x00007fffedb026bb:   c4 40 41 5f 41 5e 41 5c 5f 5e c3 cc cc cc cc cc
0x00007fffedb026cb:   cc cc cc cc cc 40 53 57 41 54 41 57 48 83 ec 48
0x00007fffedb026db:   4c 8b 51 58 4d 8b f8 49 8b 40 28 4c 8b e2 48 8b
0x00007fffedb026eb:   f9 4d 63 4a 08 4a 8b 1c c8 48 85 db 75 1e 49 8b 


Register to memory mapping:

RAX=0x0000000000000000 is an unknown value
RBX=0x0000000000000000 is an unknown value
RCX=0x0000000000000000 is an unknown value
RDX=0x000000002a11b510 is pointing into the stack for thread: 0x000000001d7d5000
RSP=0x000000002a11b450 is pointing into the stack for thread: 0x000000001d7d5000
RBP=0x0000000025f49290 is an unknown value
RSI=0x0000000025f49290 is an unknown value
RDI=0x0000000000000001 is an unknown value
R8 =0x0000000025f49290 is an unknown value
R9 =0x000000002a11ab00 is pointing into the stack for thread: 0x000000001d7d5000
R10=0x0000000000000000 is an unknown value
R11=0x000000002a11b4a8 is pointing into the stack for thread: 0x000000001d7d5000
R12=0x0000000025f49290 is an unknown value
R13=0x0000000000000000 is an unknown value
R14=0x000000002a4bedd0 is an unknown value
R15=0x000000002a11b740 is pointing into the stack for thread: 0x000000001d7d5000


Stack: [0x000000002a020000,0x000000002a120000],  sp=0x000000002a11b450,  free space=1005k
Native frames: (J=compiled Java code, j=interpreted, Vv=VM code, C=native code)
C  [nddscore.dll+0x3826db]
C  [nddscore.dll+0x382e6d]
C  [nddscore.dll+0x2aea4c]
C  [nddscore.dll+0x2af184]
C  [nddsc.dll+0xd74ef]
C  [nddsc.dll+0xab0b8]
C  [nddsc.dll+0xdc92c]
C  [nddsjava.dll+0x25cd4]
C  0x00000000033b8c67

Java frames: (J=compiled Java code, j=interpreted, Vv=VM code)
j  com.rti.dds.domain.DomainParticipantFactoryImpl.DDS_DomainParticipantFactory_create_participant_disabledI(J[ZIJZJILjava/lang/Object;)J+0
j  com.rti.dds.domain.DomainParticipantFactoryImpl.access$500(J[ZIJZJILjava/lang/Object;)J+13
j  com.rti.dds.domain.DomainParticipantFactoryImpl$DomainParticipantFactoryMixin.create_native_entity(JJZJI[Z[Ljava/lang/Object;)J+32
j  com.rti.dds.infrastructure.NativeFactoryMixin.create_entityI(Lcom/rti/dds/infrastructure/Qos;ZLcom/rti/dds/infrastructure/Listener;I[Ljava/lang/Object;)Lcom/rti/dds/infrastructure/Entity;+77
j  com.rti.dds.domain.DomainParticipantFactoryImpl.create_participant(ILcom/rti/dds/domain/DomainParticipantQos;Lcom/rti/dds/domain/DomainParticipantListener;I)Lcom/rti/dds/domain/DomainParticipant;+84
j  AccidentPublisher.publisherMain(IILAccident;)V+20
j  AccidentPublisher.runSubMain(IILAccident;)V+3
j  PubThread.PostAccident()V+129
j  PubThread.CheckAccident(I)V+28
j  PubThread.run()V+74
v  ~StubRoutines::call_stub

---------------  P R O C E S S  ---------------

Java Threads: ( => current thread )
  0x000000001d7df000 JavaThread "Thread-65" [_thread_in_native, id=12632, stack(0x000000002cf20000,0x000000002d020000)]
  0x000000001d7de800 JavaThread "Thread-64" [_thread_in_native, id=11208, stack(0x000000002cd00000,0x000000002ce00000)]
  0x000000001d7dd000 JavaThread "Thread-63" [_thread_in_native, id=2452, stack(0x000000002cc00000,0x000000002cd00000)]
  0x000000001d7db800 JavaThread "Thread-62" [_thread_in_native, id=7764, stack(0x000000002c9e0000,0x000000002cae0000)]
  0x000000001d7e0800 JavaThread "Thread-61" [_thread_in_native, id=10252, stack(0x000000002c8e0000,0x000000002c9e0000)]
  0x000000001d7da800 JavaThread "Thread-60" [_thread_in_native, id=892, stack(0x000000002c6e0000,0x000000002c7e0000)]
  0x000000001d7dd800 JavaThread "Thread-59" [_thread_in_native, id=2084, stack(0x000000002c4c0000,0x000000002c5c0000)]
  0x000000001d7dc000 JavaThread "Thread-58" [_thread_in_native, id=11840, stack(0x000000002c3c0000,0x000000002c4c0000)]
  0x000000001d7d9000 JavaThread "Thread-57" [_thread_in_native, id=3476, stack(0x000000002c1a0000,0x000000002c2a0000)]
  0x000000001d7e0000 JavaThread "Thread-56" [_thread_in_native, id=10552, stack(0x000000002bdf0000,0x000000002bef0000)]
  0x000000001d7d3000 JavaThread "Thread-54" [_thread_in_native, id=6952, stack(0x000000002bcf0000,0x000000002bdf0000)]
  0x000000001d7d7800 JavaThread "Thread-52" [_thread_in_native, id=10808, stack(0x000000002baf0000,0x000000002bbf0000)]
  0x000000001d7d7000 JavaThread "Thread-50" [_thread_in_native, id=7388, stack(0x000000002b8f0000,0x000000002b9f0000)]
  0x000000001d7d4800 JavaThread "Thread-48" [_thread_in_native, id=9032, stack(0x0000000029d20000,0x0000000029e20000)]
  0x000000001d7d3800 JavaThread "Thread-40" [_thread_in_native, id=8580, stack(0x000000002a120000,0x000000002a220000)]
=>0x000000001d7d5000 JavaThread "Thread-32" [_thread_in_native, id=2348, stack(0x000000002a020000,0x000000002a120000)]
  0x000000001d7d2000 JavaThread "Thread-24" [_thread_in_native, id=9356, stack(0x0000000029f20000,0x000000002a020000)]
  0x000000001d7d6000 JavaThread "Thread-16" [_thread_in_native, id=10548, stack(0x0000000029e20000,0x0000000029f20000)]
  0x000000001d7d8800 JavaThread "Thread-0" [_thread_in_native, id=9280, stack(0x0000000029c20000,0x0000000029d20000)]
  0x000000001d7b0000 JavaThread "Thread-47" [_thread_in_native, id=9700, stack(0x0000000028da0000,0x0000000028ea0000)]
  0x000000001d7af000 JavaThread "Thread-46" [_thread_in_native, id=6424, stack(0x0000000028b80000,0x0000000028c80000)]
  0x000000001d7ae800 JavaThread "Thread-45" [_thread_in_native, id=2136, stack(0x0000000028a80000,0x0000000028b80000)]
  0x000000001d7ad800 JavaThread "Thread-44" [_thread_in_native, id=148, stack(0x0000000028860000,0x0000000028960000)]
  0x000000001d7ac000 JavaThread "Thread-43" [_thread_in_native, id=8540, stack(0x0000000028760000,0x0000000028860000)]
  0x000000001d7ad000 JavaThread "Thread-42" [_thread_in_native, id=11400, stack(0x00000000282c0000,0x00000000283c0000)]
  0x000000001d7a4800 JavaThread "Thread-41" [_thread_in_native, id=1700, stack(0x00000000281c0000,0x00000000282c0000)]
  0x000000001d7ab800 JavaThread "Thread-39" [_thread_in_native, id=10636, stack(0x0000000027220000,0x0000000027320000)]
  0x000000001d7aa800 JavaThread "Thread-38" [_thread_in_native, id=4612, stack(0x0000000027000000,0x0000000027100000)]
  0x000000001d7a3000 JavaThread "Thread-37" [_thread_in_native, id=7440, stack(0x0000000026f00000,0x0000000027000000)]
  0x000000001d7aa000 JavaThread "Thread-36" [_thread_in_native, id=10344, stack(0x0000000026ce0000,0x0000000026de0000)]
  0x000000001d7a9000 JavaThread "Thread-35" [_thread_in_native, id=7080, stack(0x0000000026be0000,0x0000000026ce0000)]
  0x000000001d7a8800 JavaThread "Thread-34" [_thread_in_native, id=5148, stack(0x0000000026730000,0x0000000026830000)]
  0x000000001d7a0800 JavaThread "Thread-33" [_thread_in_native, id=8304, stack(0x0000000026630000,0x0000000026730000)]
  0x000000001d7a1800 JavaThread "Thread-31" [_thread_in_native, id=8640, stack(0x0000000024480000,0x0000000024580000)]
  0x000000001d7a3800 JavaThread "Thread-30" [_thread_in_native, id=12536, stack(0x0000000024260000,0x0000000024360000)]
  0x000000001d7a7800 JavaThread "Thread-29" [_thread_in_native, id=2996, stack(0x0000000024160000,0x0000000024260000)]
  0x000000001d7a2000 JavaThread "Thread-28" [_thread_in_native, id=11508, stack(0x0000000023f40000,0x0000000024040000)]
  0x000000001d7a6000 JavaThread "Thread-27" [_thread_in_native, id=1936, stack(0x0000000023e40000,0x0000000023f40000)]
  0x000000001d7a5000 JavaThread "Thread-26" [_thread_in_native, id=7108, stack(0x0000000023990000,0x0000000023a90000)]
  0x000000001d7a6800 JavaThread "Thread-25" [_thread_in_native, id=9680, stack(0x0000000023890000,0x0000000023990000)]
  0x000000001d78b000 JavaThread "Thread-23" [_thread_in_native, id=10856, stack(0x0000000022fb0000,0x00000000230b0000)]
  0x000000001d788800 JavaThread "Thread-22" [_thread_in_native, id=9756, stack(0x0000000022d90000,0x0000000022e90000)]
  0x000000001d786800 JavaThread "Thread-21" [_thread_in_native, id=12616, stack(0x0000000022c90000,0x0000000022d90000)]
  0x000000001d788000 JavaThread "Thread-20" [_thread_in_native, id=7708, stack(0x0000000022a70000,0x0000000022b70000)]
  0x000000001d789800 JavaThread "Thread-19" [_thread_in_native, id=9628, stack(0x0000000022970000,0x0000000022a70000)]
  0x000000001d784000 JavaThread "Thread-18" [_thread_in_native, id=1880, stack(0x00000000224c0000,0x00000000225c0000)]
  0x000000001d78a000 JavaThread "Thread-17" [_thread_in_native, id=5876, stack(0x00000000223c0000,0x00000000224c0000)]
  0x000000001d785800 JavaThread "Thread-15" [_thread_in_native, id=2696, stack(0x0000000020d50000,0x0000000020e50000)]
  0x000000001d787000 JavaThread "Thread-14" [_thread_in_native, id=11256, stack(0x0000000020b30000,0x0000000020c30000)]
  0x000000001d785000 JavaThread "Thread-13" [_thread_in_native, id=4412, stack(0x0000000020a30000,0x0000000020b30000)]
  0x000000001d783800 JavaThread "Thread-12" [_thread_in_native, id=6980, stack(0x0000000020810000,0x0000000020910000)]
  0x000000001d780800 JavaThread "Thread-11" [_thread_in_native, id=6056, stack(0x0000000020710000,0x0000000020810000)]
  0x000000001d780000 JavaThread "Thread-10" [_thread_in_native, id=4456, stack(0x0000000020260000,0x0000000020360000)]
  0x000000001d76a800 JavaThread "Thread-9" [_thread_in_native, id=9780, stack(0x0000000020160000,0x0000000020260000)]
  0x000000001d563000 JavaThread "Thread-7" [_thread_in_native, id=2600, stack(0x000000001f2c0000,0x000000001f3c0000)]
  0x000000001d664800 JavaThread "Thread-6" [_thread_in_native, id=11096, stack(0x000000001f0a0000,0x000000001f1a0000)]
  0x000000001d663800 JavaThread "Thread-5" [_thread_in_native, id=13084, stack(0x000000001eea0000,0x000000001efa0000)]
  0x000000001d662800 JavaThread "Thread-4" [_thread_in_native, id=9536, stack(0x000000001ec80000,0x000000001ed80000)]
  0x000000001d55d000 JavaThread "Thread-3" [_thread_in_native, id=12380, stack(0x000000001eb80000,0x000000001ec80000)]
  0x000000001d5cb000 JavaThread "Thread-2" [_thread_in_native, id=12064, stack(0x000000001e0e0000,0x000000001e1e0000)]
  0x000000001d58a000 JavaThread "Thread-1" [_thread_in_native, id=11700, stack(0x000000001dfe0000,0x000000001e0e0000)]
  0x000000001c7ac000 JavaThread "Service Thread" daemon [_thread_blocked, id=10364, stack(0x000000001d2e0000,0x000000001d3e0000)]
  0x000000001c71c000 JavaThread "C1 CompilerThread3" daemon [_thread_blocked, id=8524, stack(0x000000001d1e0000,0x000000001d2e0000)]
  0x000000001c70f800 JavaThread "C2 CompilerThread2" daemon [_thread_blocked, id=3288, stack(0x000000001d0e0000,0x000000001d1e0000)]
  0x000000001c70c800 JavaThread "C2 CompilerThread1" daemon [_thread_blocked, id=12736, stack(0x000000001cfe0000,0x000000001d0e0000)]
  0x000000001c709000 JavaThread "C2 CompilerThread0" daemon [_thread_blocked, id=14164, stack(0x000000001cee0000,0x000000001cfe0000)]
  0x000000001c707000 JavaThread "Attach Listener" daemon [_thread_blocked, id=4032, stack(0x000000001cde0000,0x000000001cee0000)]
  0x000000001c706000 JavaThread "Signal Dispatcher" daemon [_thread_blocked, id=11988, stack(0x000000001cce0000,0x000000001cde0000)]
  0x0000000003399000 JavaThread "Finalizer" daemon [_thread_blocked, id=10508, stack(0x000000001cae0000,0x000000001cbe0000)]
  0x0000000003397800 JavaThread "Reference Handler" daemon [_thread_blocked, id=2116, stack(0x000000001c5e0000,0x000000001c6e0000)]
  0x000000000185d800 JavaThread "main" [_thread_blocked, id=14224, stack(0x00000000031a0000,0x00000000032a0000)]

Other Threads:
  0x000000001a808800 VMThread [stack: 0x000000001c4e0000,0x000000001c5e0000] [id=1340]
  0x000000001c7c0000 WatcherThread [stack: 0x000000001d3e0000,0x000000001d4e0000] [id=10128]

VM state:not at safepoint (normal execution)

VM Mutex/Monitor currently owned by a thread: None

heap address: 0x0000000702400000, size: 3036 MB, Compressed Oops mode: Zero based, Oop shift amount: 3
Narrow klass base: 0x0000000000000000, Narrow klass shift: 3
Compressed class space size: 1073741824 Address: 0x00000007c0000000

Heap:
 PSYoungGen      total 56832K, used 12051K [0x0000000780c00000, 0x0000000784b00000, 0x00000007c0000000)
  eden space 49152K, 8% used [0x0000000780c00000,0x000000078104c6b8,0x0000000783c00000)
  from space 7680K, 99% used [0x0000000783c00000,0x0000000784378790,0x0000000784380000)
  to   space 7680K, 0% used [0x0000000784380000,0x0000000784380000,0x0000000784b00000)
 ParOldGen       total 130048K, used 16K [0x0000000702400000, 0x000000070a300000, 0x0000000780c00000)
  object space 130048K, 0% used [0x0000000702400000,0x0000000702404000,0x000000070a300000)
 Metaspace       used 7798K, capacity 8000K, committed 8192K, reserved 1056768K
  class space    used 917K, capacity 1008K, committed 1024K, reserved 1048576K

Card table byte_map: [0x0000000012760000,0x0000000012d50000] byte_map_base: 0x000000000ef4e000

Marking Bits: (ParMarkBitMap*) 0x000000006232af90
 Begin Bits: [0x0000000013950000, 0x00000000168c0000)
 End Bits:   [0x00000000168c0000, 0x0000000019830000)

Polling page: 0x0000000001830000

CodeCache: size=245760Kb used=2530Kb max_used=2542Kb free=243229Kb
 bounds [0x00000000033a0000, 0x0000000003620000, 0x00000000123a0000]
 total_blobs=1006 nmethods=609 adapters=310
 compilation: enabled

Compilation events (10 events):
Event: 0.568 Thread 0x000000001c71c000 nmethod 605 0x0000000003616ed0 code [0x0000000003617020, 0x0000000003617190]
Event: 0.568 Thread 0x000000001c71c000  606       3       java.nio.Buffer::hasRemaining (17 bytes)
Event: 0.568 Thread 0x000000001c71c000 nmethod 606 0x0000000003616b50 code [0x0000000003616ca0, 0x0000000003616e50]
Event: 0.568 Thread 0x000000001c71c000  607       3       java.time.LocalTime::toNanoOfDay (44 bytes)
Event: 0.568 Thread 0x000000001c71c000 nmethod 607 0x00000000036167d0 code [0x0000000003616920, 0x0000000003616ad0]
Event: 0.568 Thread 0x000000001c71c000  609       3       java.lang.StringBuilder::append (8 bytes)
Event: 0.569 Thread 0x000000001c71c000 nmethod 609 0x0000000003616450 code [0x00000000036165c0, 0x0000000003616748]
Event: 0.569 Thread 0x000000001c71c000  608       3       java.nio.ByteBuffer::hasArray (20 bytes)
Event: 0.569 Thread 0x000000001c71c000 nmethod 608 0x0000000003616090 code [0x00000000036161e0, 0x00000000036163d0]
Event: 0.571 Thread 0x000000001c709000 nmethod 599 0x000000000361c290 code [0x000000000361c3e0, 0x000000000361c818]

GC Heap History (2 events):
Event: 0.522 GC heap before
{Heap before GC invocations=1 (full 0):
 PSYoungGen      total 56832K, used 49152K [0x0000000780c00000, 0x0000000784b00000, 0x00000007c0000000)
  eden space 49152K, 100% used [0x0000000780c00000,0x0000000783c00000,0x0000000783c00000)
  from space 7680K, 0% used [0x0000000784380000,0x0000000784380000,0x0000000784b00000)
  to   space 7680K, 0% used [0x0000000783c00000,0x0000000783c00000,0x0000000784380000)
 ParOldGen       total 130048K, used 0K [0x0000000702400000, 0x000000070a300000, 0x0000000780c00000)
  object space 130048K, 0% used [0x0000000702400000,0x0000000702400000,0x000000070a300000)
 Metaspace       used 7740K, capacity 7922K, committed 8192K, reserved 1056768K
  class space    used 911K, capacity 1001K, committed 1024K, reserved 1048576K
Event: 0.528 GC heap after
Heap after GC invocations=1 (full 0):
 PSYoungGen      total 56832K, used 7649K [0x0000000780c00000, 0x0000000784b00000, 0x00000007c0000000)
  eden space 49152K, 0% used [0x0000000780c00000,0x0000000780c00000,0x0000000783c00000)
  from space 7680K, 99% used [0x0000000783c00000,0x0000000784378790,0x0000000784380000)
  to   space 7680K, 0% used [0x0000000784380000,0x0000000784380000,0x0000000784b00000)
 ParOldGen       total 130048K, used 16K [0x0000000702400000, 0x000000070a300000, 0x0000000780c00000)
  object space 130048K, 0% used [0x0000000702400000,0x0000000702404000,0x000000070a300000)
 Metaspace       used 7740K, capacity 7922K, committed 8192K, reserved 1056768K
  class space    used 911K, capacity 1001K, committed 1024K, reserved 1048576K
}

Deoptimization events (1 events):
Event: 0.125 Thread 0x000000000185d800 Uncommon trap: reason=null_check action=make_not_entrant pc=0x000000000350d77c method=java.lang.String.equals(Ljava/lang/Object;)Z @ 8

Classes redefined (0 events):
No events

Internal exceptions (9 events):
Event: 0.020 Thread 0x000000000185d800 Exception <a 'java/lang/NoSuchMethodError': Method sun.misc.Unsafe.defineClass(Ljava/lang/String;[BII)Ljava/lang/Class; name or signature does not match> (0x0000000780c07cc0) thrown at [C:\jenkins\workspace\8-2-build-windows-amd64-cygwin\jdk8u251\737\hots
Event: 0.020 Thread 0x000000000185d800 Exception <a 'java/lang/NoSuchMethodError': Method sun.misc.Unsafe.prefetchRead(Ljava/lang/Object;J)V name or signature does not match> (0x0000000780c07fa8) thrown at [C:\jenkins\workspace\8-2-build-windows-amd64-cygwin\jdk8u251\737\hotspot\src\share\vm\p
Event: 0.091 Thread 0x000000000185d800 Exception <a 'java/lang/NoSuchFieldError': method resolution failed> (0x0000000780e38b60) thrown at [C:\jenkins\workspace\8-2-build-windows-amd64-cygwin\jdk8u251\737\hotspot\src\share\vm\prims\methodHandles.cpp, line 1167]
Event: 0.092 Thread 0x000000000185d800 Exception <a 'java/lang/NoSuchFieldError': method resolution failed> (0x0000000780e45f60) thrown at [C:\jenkins\workspace\8-2-build-windows-amd64-cygwin\jdk8u251\737\hotspot\src\share\vm\prims\methodHandles.cpp, line 1167]
Event: 0.123 Thread 0x000000000185d800 Exception <a 'java/security/PrivilegedActionException'> (0x0000000780f775d0) thrown at [C:\jenkins\workspace\8-2-build-windows-amd64-cygwin\jdk8u251\737\hotspot\src\share\vm\prims\jvm.cpp, line 1502]
Event: 0.123 Thread 0x000000000185d800 Exception <a 'java/security/PrivilegedActionException'> (0x0000000780f777e0) thrown at [C:\jenkins\workspace\8-2-build-windows-amd64-cygwin\jdk8u251\737\hotspot\src\share\vm\prims\jvm.cpp, line 1502]
Event: 0.123 Thread 0x000000000185d800 Exception <a 'java/security/PrivilegedActionException'> (0x0000000780f7b638) thrown at [C:\jenkins\workspace\8-2-build-windows-amd64-cygwin\jdk8u251\737\hotspot\src\share\vm\prims\jvm.cpp, line 1502]
Event: 0.123 Thread 0x000000000185d800 Exception <a 'java/security/PrivilegedActionException'> (0x0000000780f7b848) thrown at [C:\jenkins\workspace\8-2-build-windows-amd64-cygwin\jdk8u251\737\hotspot\src\share\vm\prims\jvm.cpp, line 1502]
Event: 0.125 Thread 0x000000000185d800 Implicit null exception at 0x000000000350d59c to 0x000000000350d76d

Events (10 events):
Event: 0.568 Thread 0x000000001d7d3000 Thread exited: 0x000000001d7d3000
Event: 0.579 Thread 0x000000001d7d4800 Thread added: 0x000000001d7d4800
Event: 0.579 Thread 0x000000001d7d1800 Thread added: 0x000000001d7d1800
Event: 0.582 Thread 0x000000001d7d7000 Thread added: 0x000000001d7d7000
Event: 0.582 Thread 0x000000001d7da000 Thread added: 0x000000001d7da000
Event: 0.582 Thread 0x000000001d7d7800 Thread added: 0x000000001d7d7800
Event: 0.582 Thread 0x000000001d7d9000 Thread added: 0x000000001d7d9000
Event: 0.582 Thread 0x000000001d7d3000 Thread added: 0x000000001d7d3000
Event: 0.583 Thread 0x000000001d7dd800 Thread added: 0x000000001d7dd800
Event: 0.592 Thread 0x000000001d7dd800 Thread exited: 0x000000001d7dd800


Dynamic libraries:
0x00007ff6f1a30000 - 0x00007ff6f1a67000 	C:\Program Files\Java\jre1.8.0_251\bin\javaw.exe
0x00007ff8483a0000 - 0x00007ff848590000 	C:\Windows\SYSTEM32\ntdll.dll
0x00007ff8469d0000 - 0x00007ff846a82000 	C:\Windows\System32\KERNEL32.DLL
0x00007ff8456a0000 - 0x00007ff845943000 	C:\Windows\System32\KERNELBASE.dll
0x00007ff8482b0000 - 0x00007ff848353000 	C:\Windows\System32\ADVAPI32.dll
0x00007ff846450000 - 0x00007ff8464ee000 	C:\Windows\System32\msvcrt.dll
0x00007ff846930000 - 0x00007ff8469c7000 	C:\Windows\System32\sechost.dll
0x00007ff848120000 - 0x00007ff848240000 	C:\Windows\System32\RPCRT4.dll
0x00007ff846790000 - 0x00007ff846924000 	C:\Windows\System32\USER32.dll
0x00007ff846260000 - 0x00007ff846281000 	C:\Windows\System32\win32u.dll
0x00007ff8472f0000 - 0x00007ff847316000 	C:\Windows\System32\GDI32.dll
0x00007ff846290000 - 0x00007ff846424000 	C:\Windows\System32\gdi32full.dll
0x00007ff8455b0000 - 0x00007ff84564e000 	C:\Windows\System32\msvcp_win.dll
0x00007ff8454b0000 - 0x00007ff8455aa000 	C:\Windows\System32\ucrtbase.dll
0x00007ff8318f0000 - 0x00007ff831b75000 	C:\Windows\WinSxS\amd64_microsoft.windows.common-controls_6595b64144ccf1df_6.0.18362.778_none_e6c6b761130d4fb8\COMCTL32.dll
0x00007ff847640000 - 0x00007ff847976000 	C:\Windows\System32\combase.dll
0x00007ff8459b0000 - 0x00007ff845a30000 	C:\Windows\System32\bcryptPrimitives.dll
0x00007ff846560000 - 0x00007ff84658e000 	C:\Windows\System32\IMM32.DLL
0x0000000061940000 - 0x0000000061a12000 	C:\Program Files\Java\jre1.8.0_251\bin\msvcr100.dll
0x0000000061b00000 - 0x00000000623ab000 	C:\Program Files\Java\jre1.8.0_251\bin\server\jvm.dll
0x00007ff846b00000 - 0x00007ff846b08000 	C:\Windows\System32\PSAPI.DLL
0x00007ff83cfa0000 - 0x00007ff83cfaa000 	C:\Windows\SYSTEM32\VERSION.dll
0x00007ff82cd60000 - 0x00007ff82cd69000 	C:\Windows\SYSTEM32\WSOCK32.dll
0x00007ff8400b0000 - 0x00007ff8400d4000 	C:\Windows\SYSTEM32\WINMM.dll
0x00007ff848240000 - 0x00007ff8482af000 	C:\Windows\System32\WS2_32.dll
0x00007ff840080000 - 0x00007ff8400ad000 	C:\Windows\SYSTEM32\winmmbase.dll
0x00007ff845650000 - 0x00007ff84569a000 	C:\Windows\System32\cfgmgr32.dll
0x00007ff840230000 - 0x00007ff84023f000 	C:\Program Files\Java\jre1.8.0_251\bin\verify.dll
0x00007ff839e20000 - 0x00007ff839e49000 	C:\Program Files\Java\jre1.8.0_251\bin\java.dll
0x00007ff83cb90000 - 0x00007ff83cba6000 	C:\Program Files\Java\jre1.8.0_251\bin\zip.dll
0x00007ff846bf0000 - 0x00007ff8472d5000 	C:\Windows\System32\SHELL32.dll
0x00007ff847a50000 - 0x00007ff847af9000 	C:\Windows\System32\shcore.dll
0x00007ff845a30000 - 0x00007ff8461b0000 	C:\Windows\System32\windows.storage.dll
0x00007ff8452e0000 - 0x00007ff845303000 	C:\Windows\System32\profapi.dll
0x00007ff845270000 - 0x00007ff8452ba000 	C:\Windows\System32\powrprof.dll
0x00007ff845260000 - 0x00007ff845270000 	C:\Windows\System32\UMPDC.dll
0x00007ff846b10000 - 0x00007ff846b62000 	C:\Windows\System32\shlwapi.dll
0x00007ff845310000 - 0x00007ff845321000 	C:\Windows\System32\kernel.appcore.dll
0x00007ff846430000 - 0x00007ff846447000 	C:\Windows\System32\cryptsp.dll
0x00007ff83a1f0000 - 0x00007ff83a288000 	C:\Program Files\rti_connext_dds-6.0.1\lib\x64Win64VS2017\nddsjava.dll
0x00007ff8402b0000 - 0x00007ff8402c5000 	C:\Program Files\Java\jre1.8.0_251\bin\VCRUNTIME140.dll
0x00007fffedc40000 - 0x00007fffee0d0000 	C:\Program Files\rti_connext_dds-6.0.1\lib\x64Win64VS2017\nddsc.dll
0x00007fffed780000 - 0x00007fffedc39000 	C:\Program Files\rti_connext_dds-6.0.1\lib\x64Win64VS2017\nddscore.dll
0x00007ff83c200000 - 0x00007ff83c216000 	C:\Windows\system32\napinsp.dll
0x00007ff839d00000 - 0x00007ff839d1a000 	C:\Windows\system32\pnrpnsp.dll
0x00007ff844a70000 - 0x00007ff844ad7000 	C:\Windows\System32\mswsock.dll
0x00007ff8447c0000 - 0x00007ff84488a000 	C:\Windows\SYSTEM32\DNSAPI.dll
0x00007ff846a90000 - 0x00007ff846a98000 	C:\Windows\System32\NSI.dll
0x00007ff844780000 - 0x00007ff8447ba000 	C:\Windows\SYSTEM32\IPHLPAPI.DLL
0x00007ff83d340000 - 0x00007ff83d34e000 	C:\Windows\System32\winrnr.dll
0x00007ff83e380000 - 0x00007ff83e39c000 	C:\Windows\system32\NLAapi.dll
0x00007ff83d820000 - 0x00007ff83d835000 	C:\Windows\system32\wshbth.dll
0x00007ff845150000 - 0x00007ff84517f000 	C:\Windows\SYSTEM32\SspiCli.dll
0x00007ff83fa00000 - 0x00007ff83fbf4000 	C:\Windows\SYSTEM32\Dbghelp.dll
0x00007ff83a2b0000 - 0x00007ff83a2c6000 	C:\Windows\SYSTEM32\dhcpcsvc6.DLL
0x00007ff83a660000 - 0x00007ff83a67c000 	C:\Windows\SYSTEM32\dhcpcsvc.DLL
0x00007ff83d090000 - 0x00007ff83d09b000 	C:\Windows\SYSTEM32\WINNSI.DLL

VM Arguments:
jvm_args: -Dfile.encoding=Cp1252 
java_command: PubLauncher
java_class_path (initial): C:\Users\pugap\Desktop\464proj2;C:\Program Files\rti_connext_dds-6.0.1\lib\java\nddsjava.jar
Launcher Type: SUN_STANDARD

Environment Variables:
PATH=C:/Program Files/Java/jre1.8.0_251/bin/server;C:/Program Files/Java/jre1.8.0_251/bin;C:/Program Files/Java/jre1.8.0_251/lib/amd64;C:\Program Files (x86)\Common Files\Oracle\Java\javapath;C:\Windows\system32;C:\Windows;C:\Windows\System32\Wbem;C:\Windows\System32\WindowsPowerShell\v1.0\;C:\Windows\System32\OpenSSH\;C:\Program Files\Microsoft SQL Server\130\Tools\Binn\;C:\Program Files\Git\cmd;C:\Program Files\dotnet\;C:\Program Files\Microsoft SQL Server\Client SDK\ODBC\170\Tools\Binn\;C:\Program Files (x86)\dotnet\;C:\Program Files\Amazon\AWSCLIV2\;C:\Program Files\rti_connext_dds-6.0.1\bin;C:\Program Files\rti_connext_dds-6.0.1\lib\x64Win64VS2017;C:\Users\pugap\AppData\Local\Programs\Python\Python38-32\Scripts;C:\Users\pugap\.dotnet\tools;;C:\Windows\System32;
USERNAME=Alex
OS=Windows_NT
PROCESSOR_IDENTIFIER=Intel64 Family 6 Model 142 Stepping 12, GenuineIntel



---------------  S Y S T E M  ---------------

OS: Windows 10.0 , 64 bit Build 18362 (10.0.18362.778)

CPU:total 8 (initial active 8) (4 cores per cpu, 2 threads per core) family 6 model 142 stepping 12, cmov, cx8, fxsr, mmx, sse, sse2, sse3, ssse3, sse4.1, sse4.2, popcnt, avx, avx2, aes, clmul, erms, 3dnowpref, lzcnt, ht, tsc, tscinvbit, bmi1, bmi2, adx

Memory: 4k page, physical 12430984k(6836204k free), swap 20819592k(12684844k free)

vm_info: Java HotSpot(TM) 64-Bit Server VM (25.251-b08) for windows-amd64 JRE (1.8.0_251-b08), built on Mar 12 2020 06:31:49 by "" with MS VC++ 10.0 (VS2010)

time: Mon May 04 16:12:31 2020
timezone: Pacific Daylight Time
elapsed time: 0 seconds (0d 0h 0m 0s)

