#
# A fatal error has been detected by the Java Runtime Environment:
#
#  EXCEPTION_ACCESS_VIOLATION (0xc0000005) at pc=0x000000006c03f937, pid=4528, tid=0x0000000000002448
#
# JRE version: Java(TM) SE Runtime Environment (8.0_251-b08) (build 1.8.0_251-b08)
# Java VM: Java HotSpot(TM) 64-Bit Server VM (25.251-b08 mixed mode windows-amd64 compressed oops)
# Problematic frame:
# V  [jvm.dll+0x14f937]
#
# Failed to write core dump. Minidumps are not enabled by default on client versions of Windows
#
# If you would like to submit a bug report, please visit:
#   http://bugreport.java.com/bugreport/crash.jsp
#

---------------  T H R E A D  ---------------

Current thread (0x000000001bbd6800):  JavaThread "Thread-1" [_thread_in_vm, id=9288, stack(0x000000001c980000,0x000000001ca80000)]

siginfo: ExceptionCode=0xc0000005, reading address 0x0000000000000000

Registers:
RAX=0x0000000000000000, RBX=0x000000001bbd6800, RCX=0x0000000000000680, RDX=0x000000001ca7ef48
RSP=0x000000001ca7ed70, RBP=0x000000001ca7ee68, RSI=0x000000001ca7ef48, RDI=0x000000001bbd69f8
R8 =0x0000000000000000, R9 =0x0000000000000000, R10=0x0000000002728c3b, R11=0x000000006c11d040
R12=0x0000000000000000, R13=0x00000000195e7db0, R14=0x00000000007cd4c0, R15=0x000000001bbd6800
RIP=0x000000006c03f937, EFLAGS=0x0000000000010246

Top of Stack: (sp=0x000000001ca7ed70)
0x000000001ca7ed70:   00000000195da9a0 000000001bbd6800
0x000000001ca7ed80:   00000000195e7db0 000000001bbd6800
0x000000001ca7ed90:   000000001bbd6800 000000001ca7ef48
0x000000001ca7eda0:   00000000195e7db0 0000000000000000
0x000000001ca7edb0:   000000001ca7ee70 000000000000000e
0x000000001ca7edc0:   000000001ca7ee70 000000001bbd6800
0x000000001ca7edd0:   0000000000000000 000000001ca7ee40
0x000000001ca7ede0:   00000000195e7db0 000000001bbd6800
0x000000001ca7edf0:   00000000195da9a0 000000001bbd6800
0x000000001ca7ee00:   000000001bbc65d0 000000001ca7ef48
0x000000001ca7ee10:   000000001bb66430 000000006bfac4a6
0x000000001ca7ee20:   000000001ca7f508 0000000000000000
0x000000001ca7ee30:   0000000000000000 000000001ca7ef48
0x000000001ca7ee40:   000000001bbd69f8 00007ffa0ab518d1
0x000000001ca7ee50:   00000000195e7db0 000000001bbd6800
0x000000001ca7ee60:   0000000000000000 0000000000000000 

Instructions: (pc=0x000000006c03f937)
0x000000006c03f917:   4c 24 58 e8 91 f6 12 00 48 8b 84 24 f0 00 00 00
0x000000006c03f927:   c7 44 24 48 0e 00 00 00 48 8d ac 24 f8 00 00 00
0x000000006c03f937:   48 8b 08 48 89 6c 24 40 48 8b 51 08 48 8d 4c 24
0x000000006c03f947:   78 0f b7 42 24 48 8b 52 08 48 8b 54 c2 50 e8 b6 


Register to memory mapping:

RAX=0x0000000000000000 is an unknown value
RBX=0x000000001bbd6800 is a thread
RCX=0x0000000000000680 is an unknown value
RDX=0x000000001ca7ef48 is pointing into the stack for thread: 0x000000001bbd6800
RSP=0x000000001ca7ed70 is pointing into the stack for thread: 0x000000001bbd6800
RBP=0x000000001ca7ee68 is pointing into the stack for thread: 0x000000001bbd6800
RSI=0x000000001ca7ef48 is pointing into the stack for thread: 0x000000001bbd6800
RDI=0x000000001bbd69f8 is an unknown value
R8 =0x0000000000000000 is an unknown value
R9 =0x0000000000000000 is an unknown value
R10=0x0000000002728c3b is at code_begin+891 in an Interpreter codelet
method entry point (kind = native)  [0x00000000027288c0, 0x0000000002729280]  2496 bytes
R11=0x000000006c11d040 is an unknown value
R12=0x0000000000000000 is an unknown value
R13={method} {0x00000000195e7db8} 'pull_bytes_from_nativeI' '(J)I' in 'com/rti/dds/infrastructure/ByteSeq'
R14=0x00000000007cd4c0 is an unknown value
R15=0x000000001bbd6800 is a thread


Stack: [0x000000001c980000,0x000000001ca80000],  sp=0x000000001ca7ed70,  free space=1019k
Native frames: (J=compiled Java code, j=interpreted, Vv=VM code, C=native code)
V  [jvm.dll+0x14f937]
C  [nddsjava.dll+0x18d1]
C  0x0000000002728c67

Java frames: (J=compiled Java code, j=interpreted, Vv=VM code)
j  com.rti.dds.infrastructure.ByteSeq.pull_bytes_from_nativeI(J)I+0
j  com.rti.dds.infrastructure.UserDataQosPolicy.pull_from_nativeI(J)V+5
j  com.rti.dds.domain.DomainParticipantQos.pull_from_nativeI(J)V+8
j  com.rti.dds.infrastructure.NativeStructMixin.get_untypedI(Lcom/rti/dds/infrastructure/Struct;)V+42
j  com.rti.dds.domain.DomainParticipantFactoryImpl.get_default_participant_qos(Lcom/rti/dds/domain/DomainParticipantQos;)V+17
j  com.rti.dds.domain.DomainParticipantFactoryImpl.create_participant(ILcom/rti/dds/domain/DomainParticipantQos;Lcom/rti/dds/domain/DomainParticipantListener;I)Lcom/rti/dds/domain/DomainParticipant;+114
j  AccidentSubscriber.subscriberMain(II)V+22
j  AccidentSubscriber.Invoke()V+2
j  AccidentSubThread.run()V+4
v  ~StubRoutines::call_stub

---------------  P R O C E S S  ---------------

Java Threads: ( => current thread )
  0x000000001cb86800 JavaThread "Thread-15" [_thread_in_native, id=8752, stack(0x000000001fd50000,0x000000001fe50000)]
  0x000000001cb85800 JavaThread "Thread-14" [_thread_in_native, id=16240, stack(0x000000001fc50000,0x000000001fd50000)]
  0x000000001cb8a000 JavaThread "Thread-13" [_thread_in_native, id=4668, stack(0x000000001f910000,0x000000001fa10000)]
  0x000000001cb88800 JavaThread "Thread-12" [_thread_in_native, id=11084, stack(0x000000001f810000,0x000000001f910000)]
  0x000000001cb85000 JavaThread "Thread-11" [_thread_in_native, id=14612, stack(0x000000001f710000,0x000000001f810000)]
  0x000000001cb74800 JavaThread "Thread-10" [_thread_in_native, id=11208, stack(0x000000001f610000,0x000000001f710000)]
  0x000000001cb74000 JavaThread "Thread-9" [_thread_in_native, id=2288, stack(0x000000001f2d0000,0x000000001f3d0000)]
  0x000000001cb73000 JavaThread "Thread-8" [_thread_in_native, id=15288, stack(0x000000001f1d0000,0x000000001f2d0000)]
  0x000000001cb72800 JavaThread "Thread-7" [_thread_in_native, id=2004, stack(0x000000001f0d0000,0x000000001f1d0000)]
  0x000000001cb71800 JavaThread "Thread-6" [_thread_in_native, id=1528, stack(0x000000001efd0000,0x000000001f0d0000)]
  0x000000001bd32000 JavaThread "Thread-5" [_thread_in_native, id=11024, stack(0x000000001dc80000,0x000000001dd80000)]
  0x000000001be7e000 JavaThread "Thread-4" [_thread_in_native, id=6832, stack(0x000000001db80000,0x000000001dc80000)]
  0x000000001be7d000 JavaThread "Thread-3" [_thread_in_native, id=14600, stack(0x000000001da80000,0x000000001db80000)]
  0x000000001cb5c000 JavaThread "Thread-2" [_thread_in_native, id=9644, stack(0x000000001d980000,0x000000001da80000)]
=>0x000000001bbd6800 JavaThread "Thread-1" [_thread_in_vm, id=9288, stack(0x000000001c980000,0x000000001ca80000)]
  0x000000001bbd4000 JavaThread "Thread-0" [_thread_in_vm, id=16612, stack(0x000000001c880000,0x000000001c980000)]
  0x000000001bb42000 JavaThread "Service Thread" daemon [_thread_blocked, id=10428, stack(0x000000001c680000,0x000000001c780000)]
  0x000000001babd800 JavaThread "C1 CompilerThread3" daemon [_thread_blocked, id=15720, stack(0x000000001c580000,0x000000001c680000)]
  0x000000001bab5800 JavaThread "C2 CompilerThread2" daemon [_thread_blocked, id=10984, stack(0x000000001c480000,0x000000001c580000)]
  0x000000001baae000 JavaThread "C2 CompilerThread1" daemon [_thread_blocked, id=11104, stack(0x000000001c380000,0x000000001c480000)]
  0x000000001baaa800 JavaThread "C2 CompilerThread0" daemon [_thread_blocked, id=14368, stack(0x000000001c280000,0x000000001c380000)]
  0x000000001baa8000 JavaThread "Attach Listener" daemon [_thread_blocked, id=11608, stack(0x000000001c180000,0x000000001c280000)]
  0x000000001baa7000 JavaThread "Signal Dispatcher" daemon [_thread_blocked, id=7148, stack(0x000000001c080000,0x000000001c180000)]
  0x000000001baa0800 JavaThread "Finalizer" daemon [_thread_blocked, id=14004, stack(0x000000001be80000,0x000000001bf80000)]
  0x0000000019bbd800 JavaThread "Reference Handler" daemon [_thread_blocked, id=484, stack(0x000000001b980000,0x000000001ba80000)]
  0x000000000260d800 JavaThread "main" [_thread_blocked, id=9040, stack(0x00000000024f0000,0x00000000025f0000)]

Other Threads:
  0x0000000019bb8000 VMThread [stack: 0x000000001b880000,0x000000001b980000] [id=5708]
  0x000000001bb65800 WatcherThread [stack: 0x000000001c780000,0x000000001c880000] [id=11704]

VM state:not at safepoint (normal execution)

VM Mutex/Monitor currently owned by a thread: None

heap address: 0x0000000702400000, size: 3036 MB, Compressed Oops mode: Zero based, Oop shift amount: 3
Narrow klass base: 0x0000000000000000, Narrow klass shift: 3
Compressed class space size: 1073741824 Address: 0x00000007c0000000

Heap:
 PSYoungGen      total 56832K, used 26818K [0x0000000780c00000, 0x0000000784b00000, 0x00000007c0000000)
  eden space 49152K, 54% used [0x0000000780c00000,0x0000000782630aa8,0x0000000783c00000)
  from space 7680K, 0% used [0x0000000784380000,0x0000000784380000,0x0000000784b00000)
  to   space 7680K, 0% used [0x0000000783c00000,0x0000000783c00000,0x0000000784380000)
 ParOldGen       total 130048K, used 0K [0x0000000702400000, 0x000000070a300000, 0x0000000780c00000)
  object space 130048K, 0% used [0x0000000702400000,0x0000000702400000,0x000000070a300000)
 Metaspace       used 5388K, capacity 6176K, committed 6400K, reserved 1056768K
  class space    used 645K, capacity 656K, committed 768K, reserved 1048576K

Card table byte_map: [0x0000000011ad0000,0x00000000120c0000] byte_map_base: 0x000000000e2be000

Marking Bits: (ParMarkBitMap*) 0x000000006c71af90
 Begin Bits: [0x0000000012cc0000, 0x0000000015c30000)
 End Bits:   [0x0000000015c30000, 0x0000000018ba0000)

Polling page: 0x00000000003f0000

CodeCache: size=245760Kb used=1914Kb max_used=1926Kb free=243845Kb
 bounds [0x0000000002710000, 0x0000000002980000, 0x0000000011710000]
 total_blobs=648 nmethods=309 adapters=252
 compilation: enabled

Compilation events (10 events):
Event: 0.365 Thread 0x000000001babd800  289       3       com.rti.dds.infrastructure.InstanceHandle_t::<init> (103 bytes)
Event: 0.365 Thread 0x000000001babd800 nmethod 289 0x00000000028e4c90 code [0x00000000028e4e00, 0x00000000028e50b0]
Event: 0.365 Thread 0x000000001babd800  291       3       com.rti.dds.subscription.SampleInfo::<init> (253 bytes)
Event: 0.367 Thread 0x000000001babd800 nmethod 291 0x00000000028e5190 code [0x00000000028e5440, 0x00000000028e6538]
Event: 0.370 Thread 0x000000001baae000  292       4       com.rti.dds.infrastructure.GUID_t::<init> (87 bytes)
Event: 0.371 Thread 0x000000001baae000 nmethod 292 0x00000000028e99d0 code [0x00000000028e9b20, 0x00000000028e9c18]
Event: 0.371 Thread 0x000000001babd800  293       3       com.rti.dds.infrastructure.Duration_t::<init> (15 bytes)
Event: 0.372 Thread 0x000000001babd800 nmethod 293 0x00000000028e9550 code [0x00000000028e96c0, 0x00000000028e98d0]
Event: 0.372 Thread 0x000000001babd800  294       3       com.rti.dds.infrastructure.Duration_t::<init> (7 bytes)
Event: 0.372 Thread 0x000000001babd800 nmethod 294 0x00000000028e9050 code [0x00000000028e91c0, 0x00000000028e9430]

GC Heap History (0 events):
No events

Deoptimization events (0 events):
No events

Classes redefined (0 events):
No events

Internal exceptions (6 events):
Event: 0.021 Thread 0x000000000260d800 Exception <a 'java/lang/NoSuchMethodError': Method sun.misc.Unsafe.defineClass(Ljava/lang/String;[BII)Ljava/lang/Class; name or signature does not match> (0x0000000780c07cc0) thrown at [C:\jenkins\workspace\8-2-build-windows-amd64-cygwin\jdk8u251\737\hots
Event: 0.021 Thread 0x000000000260d800 Exception <a 'java/lang/NoSuchMethodError': Method sun.misc.Unsafe.prefetchRead(Ljava/lang/Object;J)V name or signature does not match> (0x0000000780c07fa8) thrown at [C:\jenkins\workspace\8-2-build-windows-amd64-cygwin\jdk8u251\737\hotspot\src\share\vm\p
Event: 0.201 Thread 0x000000001bbd4000 Exception <a 'java/security/PrivilegedActionException'> (0x000000078154b4d8) thrown at [C:\jenkins\workspace\8-2-build-windows-amd64-cygwin\jdk8u251\737\hotspot\src\share\vm\prims\jvm.cpp, line 1502]
Event: 0.201 Thread 0x000000001bbd4000 Exception <a 'java/security/PrivilegedActionException'> (0x000000078154b8d0) thrown at [C:\jenkins\workspace\8-2-build-windows-amd64-cygwin\jdk8u251\737\hotspot\src\share\vm\prims\jvm.cpp, line 1502]
Event: 0.212 Thread 0x000000001bbd4000 Exception <a 'java/security/PrivilegedActionException'> (0x00000007815d3988) thrown at [C:\jenkins\workspace\8-2-build-windows-amd64-cygwin\jdk8u251\737\hotspot\src\share\vm\prims\jvm.cpp, line 1502]
Event: 0.212 Thread 0x000000001bbd4000 Exception <a 'java/security/PrivilegedActionException'> (0x00000007815d3d80) thrown at [C:\jenkins\workspace\8-2-build-windows-amd64-cygwin\jdk8u251\737\hotspot\src\share\vm\prims\jvm.cpp, line 1502]

Events (10 events):
Event: 0.355 Thread 0x000000001cb74800 Thread added: 0x000000001cb74800
Event: 0.356 Thread 0x000000001cb85000 Thread added: 0x000000001cb85000
Event: 0.356 Thread 0x000000001cb88800 Thread added: 0x000000001cb88800
Event: 0.356 Thread 0x000000001cb8a000 Thread added: 0x000000001cb8a000
Event: 0.356 Thread 0x000000001cb85800 Thread added: 0x000000001cb85800
Event: 0.357 Thread 0x000000001cb86800 Thread added: 0x000000001cb86800
Event: 0.362 loading class com/rti/dds/infrastructure/Time_t
Event: 0.362 loading class com/rti/dds/infrastructure/Time_t done
Event: 0.372 loading class com/rti/dds/util/Sequences
Event: 0.372 loading class com/rti/dds/util/Sequences done


Dynamic libraries:
0x00007ff644120000 - 0x00007ff644157000 	C:\Program Files\Java\jre1.8.0_251\bin\javaw.exe
0x00007ffa2f820000 - 0x00007ffa2fa10000 	C:\Windows\SYSTEM32\ntdll.dll
0x00007ffa2dee0000 - 0x00007ffa2df92000 	C:\Windows\System32\KERNEL32.DLL
0x00007ffa2cb60000 - 0x00007ffa2ce03000 	C:\Windows\System32\KERNELBASE.dll
0x00007ffa2f580000 - 0x00007ffa2f623000 	C:\Windows\System32\ADVAPI32.dll
0x00007ffa2e550000 - 0x00007ffa2e5ee000 	C:\Windows\System32\msvcrt.dll
0x00007ffa2f4e0000 - 0x00007ffa2f577000 	C:\Windows\System32\sechost.dll
0x00007ffa2db60000 - 0x00007ffa2dc80000 	C:\Windows\System32\RPCRT4.dll
0x00007ffa2e5f0000 - 0x00007ffa2e784000 	C:\Windows\System32\USER32.dll
0x00007ffa2c7b0000 - 0x00007ffa2c7d1000 	C:\Windows\System32\win32u.dll
0x00007ffa2ee80000 - 0x00007ffa2eea6000 	C:\Windows\System32\GDI32.dll
0x00007ffa2ce40000 - 0x00007ffa2cfd4000 	C:\Windows\System32\gdi32full.dll
0x00007ffa2c970000 - 0x00007ffa2ca0e000 	C:\Windows\System32\msvcp_win.dll
0x00007ffa2cfe0000 - 0x00007ffa2d0da000 	C:\Windows\System32\ucrtbase.dll
0x00007ffa168b0000 - 0x00007ffa16b35000 	C:\Windows\WinSxS\amd64_microsoft.windows.common-controls_6595b64144ccf1df_6.0.18362.778_none_e6c6b761130d4fb8\COMCTL32.dll
0x00007ffa2f140000 - 0x00007ffa2f476000 	C:\Windows\System32\combase.dll
0x00007ffa2c8f0000 - 0x00007ffa2c970000 	C:\Windows\System32\bcryptPrimitives.dll
0x00007ffa2f110000 - 0x00007ffa2f13e000 	C:\Windows\System32\IMM32.DLL
0x000000006bd30000 - 0x000000006be02000 	C:\Program Files\Java\jre1.8.0_251\bin\msvcr100.dll
0x000000006bef0000 - 0x000000006c79b000 	C:\Program Files\Java\jre1.8.0_251\bin\server\jvm.dll
0x00007ffa2dca0000 - 0x00007ffa2dca8000 	C:\Windows\System32\PSAPI.DLL
0x00007ffa11e00000 - 0x00007ffa11e09000 	C:\Windows\SYSTEM32\WSOCK32.dll
0x00007ffa272d0000 - 0x00007ffa272f4000 	C:\Windows\SYSTEM32\WINMM.dll
0x00007ffa24500000 - 0x00007ffa2450a000 	C:\Windows\SYSTEM32\VERSION.dll
0x00007ffa2e4e0000 - 0x00007ffa2e54f000 	C:\Windows\System32\WS2_32.dll
0x00007ffa27250000 - 0x00007ffa2727d000 	C:\Windows\SYSTEM32\WINMMBASE.dll
0x00007ffa2d860000 - 0x00007ffa2d8aa000 	C:\Windows\System32\cfgmgr32.dll
0x00007ffa24a30000 - 0x00007ffa24a3f000 	C:\Program Files\Java\jre1.8.0_251\bin\verify.dll
0x00007ffa23c10000 - 0x00007ffa23c39000 	C:\Program Files\Java\jre1.8.0_251\bin\java.dll
0x00007ffa24960000 - 0x00007ffa24976000 	C:\Program Files\Java\jre1.8.0_251\bin\zip.dll
0x00007ffa2e790000 - 0x00007ffa2ee75000 	C:\Windows\System32\SHELL32.dll
0x00007ffa2ef20000 - 0x00007ffa2efc9000 	C:\Windows\System32\shcore.dll
0x00007ffa2d0e0000 - 0x00007ffa2d860000 	C:\Windows\System32\windows.storage.dll
0x00007ffa2c780000 - 0x00007ffa2c7a3000 	C:\Windows\System32\profapi.dll
0x00007ffa2c710000 - 0x00007ffa2c75a000 	C:\Windows\System32\powrprof.dll
0x00007ffa2c6e0000 - 0x00007ffa2c6f0000 	C:\Windows\System32\UMPDC.dll
0x00007ffa2f480000 - 0x00007ffa2f4d2000 	C:\Windows\System32\shlwapi.dll
0x00007ffa2c6f0000 - 0x00007ffa2c701000 	C:\Windows\System32\kernel.appcore.dll
0x00007ffa2d8b0000 - 0x00007ffa2d8c7000 	C:\Windows\System32\cryptsp.dll
0x00007ffa0ab50000 - 0x00007ffa0abe8000 	C:\Program Files\rti_connext_dds-6.0.1\lib\x64Win64VS2017\nddsjava.dll
0x00007ffa1ce00000 - 0x00007ffa1ce15000 	C:\Program Files\Java\jre1.8.0_251\bin\VCRUNTIME140.dll
0x00007ff9e8950000 - 0x00007ff9e8de0000 	C:\Program Files\rti_connext_dds-6.0.1\lib\x64Win64VS2017\nddsc.dll
0x00007ff9dc360000 - 0x00007ff9dc819000 	C:\Program Files\rti_connext_dds-6.0.1\lib\x64Win64VS2017\nddscore.dll
0x00007ffa0ab10000 - 0x00007ffa0ab26000 	C:\Windows\system32\napinsp.dll
0x00007ffa227c0000 - 0x00007ffa227da000 	C:\Windows\system32\pnrpnsp.dll
0x00007ffa2bef0000 - 0x00007ffa2bf57000 	C:\Windows\System32\mswsock.dll
0x00007ffa2bc40000 - 0x00007ffa2bd0a000 	C:\Windows\SYSTEM32\DNSAPI.dll
0x00007ffa2f100000 - 0x00007ffa2f108000 	C:\Windows\System32\NSI.dll
0x00007ffa2bc00000 - 0x00007ffa2bc3a000 	C:\Windows\SYSTEM32\IPHLPAPI.DLL
0x00007ffa227b0000 - 0x00007ffa227be000 	C:\Windows\System32\winrnr.dll
0x00007ffa25850000 - 0x00007ffa2586c000 	C:\Windows\system32\NLAapi.dll
0x00007ffa24e30000 - 0x00007ffa24e45000 	C:\Windows\system32\wshbth.dll
0x00007ffa2c5d0000 - 0x00007ffa2c5ff000 	C:\Windows\SYSTEM32\SspiCli.dll
0x00007ffa27f90000 - 0x00007ffa28184000 	C:\Windows\SYSTEM32\Dbghelp.dll
0x00007ffa1d690000 - 0x00007ffa1d6a6000 	C:\Windows\SYSTEM32\dhcpcsvc6.DLL
0x00007ffa1dc00000 - 0x00007ffa1dc1c000 	C:\Windows\SYSTEM32\dhcpcsvc.DLL
0x00007ffa20cb0000 - 0x00007ffa20cbb000 	C:\Windows\SYSTEM32\WINNSI.DLL

VM Arguments:
jvm_args: -Dfile.encoding=Cp1252 
java_command: Operator
java_class_path (initial): C:\Users\pugap\Desktop\DistributedSystems-TransportationSimulator;C:\Program Files\rti_connext_dds-6.0.1\lib\java\nddsjava.jar
Launcher Type: SUN_STANDARD

Environment Variables:
PATH=C:/Program Files/Java/jre1.8.0_251/bin/server;C:/Program Files/Java/jre1.8.0_251/bin;C:/Program Files/Java/jre1.8.0_251/lib/amd64;C:\Program Files (x86)\Common Files\Oracle\Java\javapath;C:\Windows\system32;C:\Windows;C:\Windows\System32\Wbem;C:\Windows\System32\WindowsPowerShell\v1.0\;C:\Windows\System32\OpenSSH\;C:\Program Files\Microsoft SQL Server\130\Tools\Binn\;C:\Program Files\Git\cmd;C:\Program Files\dotnet\;C:\Program Files\Microsoft SQL Server\Client SDK\ODBC\170\Tools\Binn\;C:\Program Files (x86)\dotnet\;C:\Program Files\rti_connext_dds-6.0.1\lib\x64Win64VS2017;C:\Windows\System32;
USERNAME=Alex
OS=Windows_NT
PROCESSOR_IDENTIFIER=Intel64 Family 6 Model 142 Stepping 12, GenuineIntel



---------------  S Y S T E M  ---------------

OS: Windows 10.0 , 64 bit Build 18362 (10.0.18362.778)

CPU:total 8 (initial active 8) (4 cores per cpu, 2 threads per core) family 6 model 142 stepping 12, cmov, cx8, fxsr, mmx, sse, sse2, sse3, ssse3, sse4.1, sse4.2, popcnt, avx, avx2, aes, clmul, erms, 3dnowpref, lzcnt, ht, tsc, tscinvbit, bmi1, bmi2, adx

Memory: 4k page, physical 12430984k(6550116k free), swap 19246728k(12113696k free)

vm_info: Java HotSpot(TM) 64-Bit Server VM (25.251-b08) for windows-amd64 JRE (1.8.0_251-b08), built on Mar 12 2020 06:31:49 by "" with MS VC++ 10.0 (VS2010)

time: Wed Apr 22 15:23:30 2020
timezone: Pacific Daylight Time
elapsed time: 0 seconds (0d 0h 0m 0s)

